#
# There is insufficient memory for the Java Runtime Environment to continue.
# Native memory allocation (malloc) failed to allocate 749136 bytes for Chunk::new
# Possible reasons:
#   The system is out of physical RAM or swap space
#   The process is running with CompressedOops enabled, and the Java Heap may be blocking the growth of the native heap
# Possible solutions:
#   Reduce memory load on the system
#   Increase physical memory or swap space
#   Check if swap backing store is full
#   Decrease Java heap size (-Xmx/-Xms)
#   Decrease number of Java threads
#   Decrease Java thread stack sizes (-Xss)
#   Set larger code cache with -XX:ReservedCodeCacheSize=
#   JVM is running with Unscaled Compressed Oops mode in which the Java heap is
#     placed in the first 4GB address space. The Java Heap base address is the
#     maximum limit for the native heap growth. Please use -XX:HeapBaseMinAddress
#     to set the Java Heap base and to place the Java Heap above 4GB virtual address.
# This output file may be truncated or incomplete.
#
#  Out of Memory Error (src/hotspot/share/memory/arena.cpp:197), pid=16440, tid=9728
#
# JRE version: OpenJDK Runtime Environment (11.0.15) (build 11.0.15+0-b2043.56-9505619)
# Java VM: OpenJDK 64-Bit Server VM (11.0.15+0-b2043.56-9505619, mixed mode, tiered, compressed oops, g1 gc, windows-amd64)
# No core dump will be written. Minidumps are not enabled by default on client versions of Windows
#

---------------  S U M M A R Y ------------

Command Line: org.jetbrains.kotlin.cli.jvm.K2JVMCompiler @C:\Users\a\AndroidStudioProjects\JustEat\app\build\20240216_16910948712969421132.compiler.options

Host: 11th Gen Intel(R) Core(TM) i5-1135G7 @ 2.40GHz, 8 cores, 7G,  Windows 10 , 64 bit Build 19041 (10.0.19041.3636)
Time: Fri Feb 16 15:55:41 2024 India Standard Time elapsed time: 2.199767 seconds (0d 0h 0m 2s)

---------------  T H R E A D  ---------------

Current thread (0x000002538f79f800):  JavaThread "C2 CompilerThread1" daemon [_thread_in_native, id=9728, stack(0x0000008441200000,0x0000008441300000)]


Current CompileTask:
C2:   2199 2262   !   4       java.net.URL::<init> (543 bytes)

Stack: [0x0000008441200000,0x0000008441300000]
Native frames: (J=compiled Java code, j=interpreted, Vv=VM code, C=native code)
V  [jvm.dll+0x64135a]
V  [jvm.dll+0x7d39f9]
V  [jvm.dll+0x7d51b9]
V  [jvm.dll+0x7d58a3]
V  [jvm.dll+0x2691c5]
V  [jvm.dll+0xc1a5c]
V  [jvm.dll+0xc200c]
V  [jvm.dll+0x2da2c2]
V  [jvm.dll+0x54cad9]
V  [jvm.dll+0x22a011]
V  [jvm.dll+0x223809]
V  [jvm.dll+0x220384]
V  [jvm.dll+0x19e851]
V  [jvm.dll+0x230479]
V  [jvm.dll+0x22e5ef]
V  [jvm.dll+0x794de1]
V  [jvm.dll+0x78dc24]
V  [jvm.dll+0x6400f6]
C  [ucrtbase.dll+0x21bb2]
C  [KERNEL32.DLL+0x17344]
C  [ntdll.dll+0x526b1]


---------------  P R O C E S S  ---------------

Threads class SMR info:
_java_thread_list=0x000002538ffaff50, length=11, elements={
0x00000253f1e68000, 0x00000253fefd4800, 0x00000253fefd8000, 0x00000253ff945800,
0x00000253ff949000, 0x00000253ff94b000, 0x00000253ff94c800, 0x00000253ff952800,
0x00000253ff984000, 0x00000253fface800, 0x000002538f79f800
}

Java Threads: ( => current thread )
  0x00000253f1e68000 JavaThread "main" [_thread_in_Java, id=10492, stack(0x000000843ff00000,0x0000008440000000)]
  0x00000253fefd4800 JavaThread "Reference Handler" daemon [_thread_blocked, id=736, stack(0x0000008440600000,0x0000008440700000)]
  0x00000253fefd8000 JavaThread "Finalizer" daemon [_thread_blocked, id=10552, stack(0x0000008440700000,0x0000008440800000)]
  0x00000253ff945800 JavaThread "Signal Dispatcher" daemon [_thread_blocked, id=3840, stack(0x0000008440800000,0x0000008440900000)]
  0x00000253ff949000 JavaThread "Attach Listener" daemon [_thread_blocked, id=7064, stack(0x0000008440900000,0x0000008440a00000)]
  0x00000253ff94b000 JavaThread "Service Thread" daemon [_thread_blocked, id=6508, stack(0x0000008440a00000,0x0000008440b00000)]
  0x00000253ff94c800 JavaThread "C2 CompilerThread0" daemon [_thread_blocked, id=10720, stack(0x0000008440b00000,0x0000008440c00000)]
  0x00000253ff952800 JavaThread "C1 CompilerThread0" daemon [_thread_blocked, id=18736, stack(0x0000008440c00000,0x0000008440d00000)]
  0x00000253ff984000 JavaThread "Sweeper thread" daemon [_thread_blocked, id=12376, stack(0x0000008440d00000,0x0000008440e00000)]
  0x00000253fface800 JavaThread "Common-Cleaner" daemon [_thread_blocked, id=15880, stack(0x0000008440f00000,0x0000008441000000)]
=>0x000002538f79f800 JavaThread "C2 CompilerThread1" daemon [_thread_in_native, id=9728, stack(0x0000008441200000,0x0000008441300000)]

Other Threads:
  0x00000253fefb2800 VMThread "VM Thread" [stack: 0x0000008440500000,0x0000008440600000] [id=13488]
  0x00000253ffadd000 WatcherThread [stack: 0x0000008440e00000,0x0000008440f00000] [id=16228]
  0x00000253f1e7e800 GCTaskThread "GC Thread#0" [stack: 0x0000008440000000,0x0000008440100000] [id=14676]
  0x000002538f159800 GCTaskThread "GC Thread#1" [stack: 0x0000008441100000,0x0000008441200000] [id=10068]
  0x00000253f1eb1800 ConcurrentGCThread "G1 Main Marker" [stack: 0x0000008440100000,0x0000008440200000] [id=6892]
  0x00000253f1eb3000 ConcurrentGCThread "G1 Conc#0" [stack: 0x0000008440200000,0x0000008440300000] [id=12836]
  0x00000253ffaf4000 ConcurrentGCThread "G1 Conc#1" [stack: 0x0000008441000000,0x0000008441100000] [id=17748]
  0x00000253fee06800 ConcurrentGCThread "G1 Refine#0" [stack: 0x0000008440300000,0x0000008440400000] [id=15148]
  0x00000253fee07000 ConcurrentGCThread "G1 Young RemSet Sampling" [stack: 0x0000008440400000,0x0000008440500000] [id=9620]

Threads with active compile tasks:
C2 CompilerThread1     2212 2262   !   4       java.net.URL::<init> (543 bytes)

VM state:not at safepoint (normal execution)

VM Mutex/Monitor currently owned by a thread: None

Heap address: 0x0000000085800000, size: 1960 MB, Compressed Oops mode: 32-bit
Narrow klass base: 0x0000000000000000, Narrow klass shift: 3
Compressed class space size: 1073741824 Address: 0x0000000100000000

Heap:
 garbage-first heap   total 126976K, used 66849K [0x0000000085800000, 0x0000000100000000)
  region size 1024K, 57 young (58368K), 7 survivors (7168K)
 Metaspace       used 32658K, capacity 33092K, committed 33200K, reserved 1079296K
  class space    used 4051K, capacity 4241K, committed 4272K, reserved 1048576K
Heap Regions: E=young(eden), S=young(survivor), O=old, HS=humongous(starts), HC=humongous(continues), CS=collection set, F=free, A=archive, TAMS=top-at-mark-start (previous, next)
|   0|0x0000000085800000, 0x0000000085900000, 0x0000000085900000|100%|HS|  |TAMS 0x0000000085900000, 0x0000000085800000| Complete 
|   1|0x0000000085900000, 0x0000000085a00000, 0x0000000085a00000|100%|HC|  |TAMS 0x0000000085a00000, 0x0000000085900000| Complete 
|   2|0x0000000085a00000, 0x0000000085b00000, 0x0000000085b00000|100%|HC|  |TAMS 0x0000000085b00000, 0x0000000085a00000| Complete 
|   3|0x0000000085b00000, 0x0000000085c00000, 0x0000000085c00000|100%|HC|  |TAMS 0x0000000085c00000, 0x0000000085b00000| Complete 
|   4|0x0000000085c00000, 0x0000000085d00000, 0x0000000085d00000|100%|HS|  |TAMS 0x0000000085c00000, 0x0000000085c00000| Complete 
|   5|0x0000000085d00000, 0x0000000085e00000, 0x0000000085e00000|100%|HC|  |TAMS 0x0000000085d00000, 0x0000000085d00000| Complete 
|   6|0x0000000085e00000, 0x0000000085f00000, 0x0000000085f00000|100%|HC|  |TAMS 0x0000000085e00000, 0x0000000085e00000| Complete 
|   7|0x0000000085f00000, 0x0000000086000000, 0x0000000086000000|100%|HC|  |TAMS 0x0000000085f00000, 0x0000000085f00000| Complete 
|   8|0x0000000086000000, 0x0000000086100000, 0x0000000086100000|100%|HS|  |TAMS 0x0000000086000000, 0x0000000086000000| Complete 
|   9|0x0000000086100000, 0x0000000086200000, 0x0000000086200000|100%|HC|  |TAMS 0x0000000086100000, 0x0000000086100000| Complete 
|  10|0x0000000086200000, 0x0000000086200000, 0x0000000086300000|  0%| F|  |TAMS 0x0000000086200000, 0x0000000086200000| Untracked 
|  11|0x0000000086300000, 0x0000000086300000, 0x0000000086400000|  0%| F|  |TAMS 0x0000000086300000, 0x0000000086300000| Untracked 
|  12|0x0000000086400000, 0x0000000086400000, 0x0000000086500000|  0%| F|  |TAMS 0x0000000086400000, 0x0000000086400000| Untracked 
|  13|0x0000000086500000, 0x0000000086500000, 0x0000000086600000|  0%| F|  |TAMS 0x0000000086500000, 0x0000000086500000| Untracked 
|  14|0x0000000086600000, 0x0000000086600000, 0x0000000086700000|  0%| F|  |TAMS 0x0000000086600000, 0x0000000086600000| Untracked 
|  15|0x0000000086700000, 0x0000000086700000, 0x0000000086800000|  0%| F|  |TAMS 0x0000000086700000, 0x0000000086700000| Untracked 
|  16|0x0000000086800000, 0x0000000086800000, 0x0000000086900000|  0%| F|  |TAMS 0x0000000086800000, 0x0000000086800000| Untracked 
|  17|0x0000000086900000, 0x0000000086900000, 0x0000000086a00000|  0%| F|  |TAMS 0x0000000086900000, 0x0000000086900000| Untracked 
|  18|0x0000000086a00000, 0x0000000086a00000, 0x0000000086b00000|  0%| F|  |TAMS 0x0000000086a00000, 0x0000000086a00000| Untracked 
|  19|0x0000000086b00000, 0x0000000086b00000, 0x0000000086c00000|  0%| F|  |TAMS 0x0000000086b00000, 0x0000000086b00000| Untracked 
|  20|0x0000000086c00000, 0x0000000086c00000, 0x0000000086d00000|  0%| F|  |TAMS 0x0000000086c00000, 0x0000000086c00000| Untracked 
|  21|0x0000000086d00000, 0x0000000086d00000, 0x0000000086e00000|  0%| F|  |TAMS 0x0000000086d00000, 0x0000000086d00000| Untracked 
|  22|0x0000000086e00000, 0x0000000086e00000, 0x0000000086f00000|  0%| F|  |TAMS 0x0000000086e00000, 0x0000000086e00000| Untracked 
|  23|0x0000000086f00000, 0x0000000086f00000, 0x0000000087000000|  0%| F|  |TAMS 0x0000000086f00000, 0x0000000086f00000| Untracked 
|  24|0x0000000087000000, 0x0000000087000000, 0x0000000087100000|  0%| F|  |TAMS 0x0000000087000000, 0x0000000087000000| Untracked 
|  25|0x0000000087100000, 0x0000000087100000, 0x0000000087200000|  0%| F|  |TAMS 0x0000000087100000, 0x0000000087100000| Untracked 
|  26|0x0000000087200000, 0x0000000087200000, 0x0000000087300000|  0%| F|  |TAMS 0x0000000087200000, 0x0000000087200000| Untracked 
|  27|0x0000000087300000, 0x0000000087300000, 0x0000000087400000|  0%| F|  |TAMS 0x0000000087300000, 0x0000000087300000| Untracked 
|  28|0x0000000087400000, 0x0000000087400000, 0x0000000087500000|  0%| F|  |TAMS 0x0000000087400000, 0x0000000087400000| Untracked 
|  29|0x0000000087500000, 0x0000000087500000, 0x0000000087600000|  0%| F|  |TAMS 0x0000000087500000, 0x0000000087500000| Untracked 
|  30|0x0000000087600000, 0x0000000087600000, 0x0000000087700000|  0%| F|  |TAMS 0x0000000087600000, 0x0000000087600000| Untracked 
|  31|0x0000000087700000, 0x0000000087700000, 0x0000000087800000|  0%| F|  |TAMS 0x0000000087700000, 0x0000000087700000| Untracked 
|  32|0x0000000087800000, 0x0000000087800000, 0x0000000087900000|  0%| F|  |TAMS 0x0000000087800000, 0x0000000087800000| Untracked 
|  33|0x0000000087900000, 0x0000000087900000, 0x0000000087a00000|  0%| F|  |TAMS 0x0000000087900000, 0x0000000087900000| Untracked 
|  34|0x0000000087a00000, 0x0000000087a00000, 0x0000000087b00000|  0%| F|  |TAMS 0x0000000087a00000, 0x0000000087a00000| Untracked 
|  35|0x0000000087b00000, 0x0000000087b00000, 0x0000000087c00000|  0%| F|  |TAMS 0x0000000087b00000, 0x0000000087b00000| Untracked 
|  36|0x0000000087c00000, 0x0000000087c00000, 0x0000000087d00000|  0%| F|  |TAMS 0x0000000087c00000, 0x0000000087c00000| Untracked 
|  37|0x0000000087d00000, 0x0000000087d00000, 0x0000000087e00000|  0%| F|  |TAMS 0x0000000087d00000, 0x0000000087d00000| Untracked 
|  38|0x0000000087e00000, 0x0000000087e00000, 0x0000000087f00000|  0%| F|  |TAMS 0x0000000087e00000, 0x0000000087e00000| Untracked 
|  39|0x0000000087f00000, 0x0000000087f00000, 0x0000000088000000|  0%| F|  |TAMS 0x0000000087f00000, 0x0000000087f00000| Untracked 
|  40|0x0000000088000000, 0x0000000088000000, 0x0000000088100000|  0%| F|  |TAMS 0x0000000088000000, 0x0000000088000000| Untracked 
|  41|0x0000000088100000, 0x0000000088100000, 0x0000000088200000|  0%| F|  |TAMS 0x0000000088100000, 0x0000000088100000| Untracked 
|  42|0x0000000088200000, 0x0000000088200000, 0x0000000088300000|  0%| F|  |TAMS 0x0000000088200000, 0x0000000088200000| Untracked 
|  43|0x0000000088300000, 0x0000000088300000, 0x0000000088400000|  0%| F|  |TAMS 0x0000000088300000, 0x0000000088300000| Untracked 
|  44|0x0000000088400000, 0x0000000088400000, 0x0000000088500000|  0%| F|  |TAMS 0x0000000088400000, 0x0000000088400000| Untracked 
|  45|0x0000000088500000, 0x0000000088500000, 0x0000000088600000|  0%| F|  |TAMS 0x0000000088500000, 0x0000000088500000| Untracked 
|  46|0x0000000088600000, 0x0000000088600000, 0x0000000088700000|  0%| F|  |TAMS 0x0000000088600000, 0x0000000088600000| Untracked 
|  47|0x0000000088700000, 0x0000000088700000, 0x0000000088800000|  0%| F|  |TAMS 0x0000000088700000, 0x0000000088700000| Untracked 
|  48|0x0000000088800000, 0x0000000088800000, 0x0000000088900000|  0%| F|  |TAMS 0x0000000088800000, 0x0000000088800000| Untracked 
|  49|0x0000000088900000, 0x0000000088900000, 0x0000000088a00000|  0%| F|  |TAMS 0x0000000088900000, 0x0000000088900000| Untracked 
|  50|0x0000000088a00000, 0x0000000088a00000, 0x0000000088b00000|  0%| F|  |TAMS 0x0000000088a00000, 0x0000000088a00000| Untracked 
|  51|0x0000000088b00000, 0x0000000088b00000, 0x0000000088c00000|  0%| F|  |TAMS 0x0000000088b00000, 0x0000000088b00000| Untracked 
|  52|0x0000000088c00000, 0x0000000088c00000, 0x0000000088d00000|  0%| F|  |TAMS 0x0000000088c00000, 0x0000000088c00000| Untracked 
|  53|0x0000000088d00000, 0x0000000088d00000, 0x0000000088e00000|  0%| F|  |TAMS 0x0000000088d00000, 0x0000000088d00000| Untracked 
|  54|0x0000000088e00000, 0x0000000088e00000, 0x0000000088f00000|  0%| F|  |TAMS 0x0000000088e00000, 0x0000000088e00000| Untracked 
|  55|0x0000000088f00000, 0x0000000088f00000, 0x0000000089000000|  0%| F|  |TAMS 0x0000000088f00000, 0x0000000088f00000| Untracked 
|  56|0x0000000089000000, 0x0000000089000000, 0x0000000089100000|  0%| F|  |TAMS 0x0000000089000000, 0x0000000089000000| Untracked 
|  57|0x0000000089100000, 0x0000000089100000, 0x0000000089200000|  0%| F|  |TAMS 0x0000000089100000, 0x0000000089100000| Untracked 
|  58|0x0000000089200000, 0x0000000089200000, 0x0000000089300000|  0%| F|  |TAMS 0x0000000089200000, 0x0000000089200000| Untracked 
|  59|0x0000000089300000, 0x0000000089300000, 0x0000000089400000|  0%| F|  |TAMS 0x0000000089300000, 0x0000000089300000| Untracked 
|  60|0x0000000089400000, 0x0000000089400000, 0x0000000089500000|  0%| F|  |TAMS 0x0000000089400000, 0x0000000089400000| Untracked 
|  61|0x0000000089500000, 0x0000000089500000, 0x0000000089600000|  0%| F|  |TAMS 0x0000000089500000, 0x0000000089500000| Untracked 
|  62|0x0000000089600000, 0x0000000089600000, 0x0000000089700000|  0%| F|  |TAMS 0x0000000089600000, 0x0000000089600000| Untracked 
|  63|0x0000000089700000, 0x0000000089700000, 0x0000000089800000|  0%| F|  |TAMS 0x0000000089700000, 0x0000000089700000| Untracked 
|  64|0x0000000089800000, 0x0000000089800000, 0x0000000089900000|  0%| F|  |TAMS 0x0000000089800000, 0x0000000089800000| Untracked 
|  65|0x0000000089900000, 0x0000000089900000, 0x0000000089a00000|  0%| F|  |TAMS 0x0000000089900000, 0x0000000089900000| Untracked 
|  66|0x0000000089a00000, 0x0000000089a00000, 0x0000000089b00000|  0%| F|  |TAMS 0x0000000089a00000, 0x0000000089a00000| Untracked 
|  67|0x0000000089b00000, 0x0000000089b95168, 0x0000000089c00000| 58%| E|  |TAMS 0x0000000089b00000, 0x0000000089b00000| Complete 
|  68|0x0000000089c00000, 0x0000000089d00000, 0x0000000089d00000|100%| E|CS|TAMS 0x0000000089c00000, 0x0000000089c00000| Complete 
|  69|0x0000000089d00000, 0x0000000089e00000, 0x0000000089e00000|100%| E|CS|TAMS 0x0000000089d00000, 0x0000000089d00000| Complete 
|  70|0x0000000089e00000, 0x0000000089f00000, 0x0000000089f00000|100%| E|CS|TAMS 0x0000000089e00000, 0x0000000089e00000| Complete 
|  71|0x0000000089f00000, 0x000000008a000000, 0x000000008a000000|100%| E|CS|TAMS 0x0000000089f00000, 0x0000000089f00000| Complete 
|  72|0x000000008a000000, 0x000000008a100000, 0x000000008a100000|100%| E|CS|TAMS 0x000000008a000000, 0x000000008a000000| Complete 
|  73|0x000000008a100000, 0x000000008a200000, 0x000000008a200000|100%| E|CS|TAMS 0x000000008a100000, 0x000000008a100000| Complete 
|  74|0x000000008a200000, 0x000000008a300000, 0x000000008a300000|100%| E|CS|TAMS 0x000000008a200000, 0x000000008a200000| Complete 
|  75|0x000000008a300000, 0x000000008a348430, 0x000000008a400000| 28%| S|CS|TAMS 0x000000008a300000, 0x000000008a300000| Complete 
|  76|0x000000008a400000, 0x000000008a500000, 0x000000008a500000|100%| S|CS|TAMS 0x000000008a400000, 0x000000008a400000| Complete 
|  77|0x000000008a500000, 0x000000008a600000, 0x000000008a600000|100%| S|CS|TAMS 0x000000008a500000, 0x000000008a500000| Complete 
|  78|0x000000008a600000, 0x000000008a700000, 0x000000008a700000|100%| S|CS|TAMS 0x000000008a600000, 0x000000008a600000| Complete 
|  79|0x000000008a700000, 0x000000008a800000, 0x000000008a800000|100%| S|CS|TAMS 0x000000008a700000, 0x000000008a700000| Complete 
|  80|0x000000008a800000, 0x000000008a900000, 0x000000008a900000|100%| S|CS|TAMS 0x000000008a800000, 0x000000008a800000| Complete 
|  81|0x000000008a900000, 0x000000008aa00000, 0x000000008aa00000|100%| S|CS|TAMS 0x000000008a900000, 0x000000008a900000| Complete 
|  82|0x000000008aa00000, 0x000000008ab00000, 0x000000008ab00000|100%| E|CS|TAMS 0x000000008aa00000, 0x000000008aa00000| Complete 
|  83|0x000000008ab00000, 0x000000008ac00000, 0x000000008ac00000|100%| E|CS|TAMS 0x000000008ab00000, 0x000000008ab00000| Complete 
|  84|0x000000008ac00000, 0x000000008ad00000, 0x000000008ad00000|100%| E|CS|TAMS 0x000000008ac00000, 0x000000008ac00000| Complete 
|  85|0x000000008ad00000, 0x000000008ae00000, 0x000000008ae00000|100%| E|CS|TAMS 0x000000008ad00000, 0x000000008ad00000| Complete 
|  86|0x000000008ae00000, 0x000000008af00000, 0x000000008af00000|100%| E|CS|TAMS 0x000000008ae00000, 0x000000008ae00000| Complete 
|  87|0x000000008af00000, 0x000000008b000000, 0x000000008b000000|100%| E|CS|TAMS 0x000000008af00000, 0x000000008af00000| Complete 
|  88|0x000000008b000000, 0x000000008b100000, 0x000000008b100000|100%| E|CS|TAMS 0x000000008b000000, 0x000000008b000000| Complete 
|  89|0x000000008b100000, 0x000000008b200000, 0x000000008b200000|100%| E|CS|TAMS 0x000000008b100000, 0x000000008b100000| Complete 
|  90|0x000000008b200000, 0x000000008b300000, 0x000000008b300000|100%| E|CS|TAMS 0x000000008b200000, 0x000000008b200000| Complete 
|  91|0x000000008b300000, 0x000000008b400000, 0x000000008b400000|100%| E|CS|TAMS 0x000000008b300000, 0x000000008b300000| Complete 
|  92|0x000000008b400000, 0x000000008b500000, 0x000000008b500000|100%| E|CS|TAMS 0x000000008b400000, 0x000000008b400000| Complete 
|  93|0x000000008b500000, 0x000000008b600000, 0x000000008b600000|100%| E|CS|TAMS 0x000000008b500000, 0x000000008b500000| Complete 
|  94|0x000000008b600000, 0x000000008b700000, 0x000000008b700000|100%| E|CS|TAMS 0x000000008b600000, 0x000000008b600000| Complete 
|  95|0x000000008b700000, 0x000000008b800000, 0x000000008b800000|100%| E|CS|TAMS 0x000000008b700000, 0x000000008b700000| Complete 
|  96|0x000000008b800000, 0x000000008b900000, 0x000000008b900000|100%| E|CS|TAMS 0x000000008b800000, 0x000000008b800000| Complete 
|  97|0x000000008b900000, 0x000000008ba00000, 0x000000008ba00000|100%| E|CS|TAMS 0x000000008b900000, 0x000000008b900000| Complete 
|  98|0x000000008ba00000, 0x000000008bb00000, 0x000000008bb00000|100%| E|CS|TAMS 0x000000008ba00000, 0x000000008ba00000| Complete 
|  99|0x000000008bb00000, 0x000000008bc00000, 0x000000008bc00000|100%| E|CS|TAMS 0x000000008bb00000, 0x000000008bb00000| Complete 
| 100|0x000000008bc00000, 0x000000008bd00000, 0x000000008bd00000|100%| E|CS|TAMS 0x000000008bc00000, 0x000000008bc00000| Complete 
| 101|0x000000008bd00000, 0x000000008be00000, 0x000000008be00000|100%| E|CS|TAMS 0x000000008bd00000, 0x000000008bd00000| Complete 
| 102|0x000000008be00000, 0x000000008bf00000, 0x000000008bf00000|100%| E|CS|TAMS 0x000000008be00000, 0x000000008be00000| Complete 
| 103|0x000000008bf00000, 0x000000008c000000, 0x000000008c000000|100%| E|CS|TAMS 0x000000008bf00000, 0x000000008bf00000| Complete 
| 104|0x000000008c000000, 0x000000008c100000, 0x000000008c100000|100%| E|CS|TAMS 0x000000008c000000, 0x000000008c000000| Complete 
| 105|0x000000008c100000, 0x000000008c200000, 0x000000008c200000|100%| E|CS|TAMS 0x000000008c100000, 0x000000008c100000| Complete 
| 106|0x000000008c200000, 0x000000008c300000, 0x000000008c300000|100%| E|CS|TAMS 0x000000008c200000, 0x000000008c200000| Complete 
| 107|0x000000008c300000, 0x000000008c400000, 0x000000008c400000|100%| E|CS|TAMS 0x000000008c300000, 0x000000008c300000| Complete 
| 108|0x000000008c400000, 0x000000008c500000, 0x000000008c500000|100%| E|CS|TAMS 0x000000008c400000, 0x000000008c400000| Complete 
| 109|0x000000008c500000, 0x000000008c600000, 0x000000008c600000|100%| E|CS|TAMS 0x000000008c500000, 0x000000008c500000| Complete 
| 110|0x000000008c600000, 0x000000008c700000, 0x000000008c700000|100%| E|CS|TAMS 0x000000008c600000, 0x000000008c600000| Complete 
| 111|0x000000008c700000, 0x000000008c800000, 0x000000008c800000|100%| E|CS|TAMS 0x000000008c700000, 0x000000008c700000| Complete 
| 112|0x000000008c800000, 0x000000008c900000, 0x000000008c900000|100%| E|CS|TAMS 0x000000008c800000, 0x000000008c800000| Complete 
| 113|0x000000008c900000, 0x000000008ca00000, 0x000000008ca00000|100%| E|CS|TAMS 0x000000008c900000, 0x000000008c900000| Complete 
| 114|0x000000008ca00000, 0x000000008cb00000, 0x000000008cb00000|100%| E|CS|TAMS 0x000000008ca00000, 0x000000008ca00000| Complete 
| 115|0x000000008cb00000, 0x000000008cc00000, 0x000000008cc00000|100%| E|CS|TAMS 0x000000008cb00000, 0x000000008cb00000| Complete 
| 116|0x000000008cc00000, 0x000000008cd00000, 0x000000008cd00000|100%| E|CS|TAMS 0x000000008cc00000, 0x000000008cc00000| Complete 
| 117|0x000000008cd00000, 0x000000008ce00000, 0x000000008ce00000|100%| E|CS|TAMS 0x000000008cd00000, 0x000000008cd00000| Complete 
| 118|0x000000008ce00000, 0x000000008cf00000, 0x000000008cf00000|100%| E|CS|TAMS 0x000000008ce00000, 0x000000008ce00000| Complete 
| 119|0x000000008cf00000, 0x000000008d000000, 0x000000008d000000|100%| E|CS|TAMS 0x000000008cf00000, 0x000000008cf00000| Complete 
| 120|0x000000008d000000, 0x000000008d100000, 0x000000008d100000|100%| E|CS|TAMS 0x000000008d000000, 0x000000008d000000| Complete 
| 121|0x000000008d100000, 0x000000008d200000, 0x000000008d200000|100%| E|CS|TAMS 0x000000008d100000, 0x000000008d100000| Complete 
| 122|0x000000008d200000, 0x000000008d300000, 0x000000008d300000|100%| E|CS|TAMS 0x000000008d200000, 0x000000008d200000| Complete 
| 123|0x000000008d300000, 0x000000008d400000, 0x000000008d400000|100%| E|CS|TAMS 0x000000008d300000, 0x000000008d300000| Complete 

Card table byte_map: [0x00000253f7ff0000,0x00000253f83d0000] _byte_map_base: 0x00000253f7bc4000

Marking Bits (Prev, Next): (CMBitMap*) 0x00000253f1ea8e20, (CMBitMap*) 0x00000253f1ea8de8
 Prev Bits: [0x00000253fa650000, 0x00000253fc4f0000)
 Next Bits: [0x00000253f87b0000, 0x00000253fa650000)

Polling page: 0x00000253f1d30000

Metaspace:

Usage:
  Non-class:     28.24 MB capacity,    27.98 MB (>99%) used,   214.23 KB ( <1%) free+waste,    48.62 KB ( <1%) overhead. 
      Class:      4.14 MB capacity,     3.96 MB ( 96%) used,   159.23 KB (  4%) free+waste,    23.38 KB ( <1%) overhead. 
       Both:     32.38 MB capacity,    31.94 MB ( 99%) used,   373.46 KB (  1%) free+waste,    72.00 KB ( <1%) overhead. 

Virtual space:
  Non-class space:       30.00 MB reserved,      28.25 MB ( 94%) committed 
      Class space:        1.00 GB reserved,       4.17 MB ( <1%) committed 
             Both:        1.03 GB reserved,      32.42 MB (  3%) committed 

Chunk freelists:
   Non-Class:  13.00 KB
       Class:  15.00 KB
        Both:  28.00 KB

MaxMetaspaceSize: 17179869184.00 GB
CompressedClassSpaceSize: 1.00 GB
Initial GC threshold: 20.80 MB
Current GC threshold: 35.08 MB
CDS: off

CodeHeap 'non-profiled nmethods': size=120000Kb used=979Kb max_used=979Kb free=119020Kb
 bounds [0x0000025387ad0000, 0x0000025387d40000, 0x000002538f000000]
CodeHeap 'profiled nmethods': size=120000Kb used=4105Kb max_used=4105Kb free=115894Kb
 bounds [0x00000253805a0000, 0x00000253809b0000, 0x0000025387ad0000]
CodeHeap 'non-nmethods': size=5760Kb used=1255Kb max_used=1300Kb free=4505Kb
 bounds [0x0000025380000000, 0x0000025380270000, 0x00000253805a0000]
 total_blobs=2799 nmethods=2278 adapters=433
 compilation: enabled
              stopped_count=0, restarted_count=0
 full_count=0

Compilation events (20 events):
Event: 2.181 Thread 0x00000253ff952800 2267       3       java.nio.MappedByteBuffer::rewind (5 bytes)
Event: 2.181 Thread 0x00000253ff94c800 2271       4       java.io.WinNTFileSystem::isSlash (18 bytes)
Event: 2.181 Thread 0x00000253ff952800 nmethod 2267 0x000002538099ea90 code [0x000002538099ec60, 0x000002538099ee98]
Event: 2.181 Thread 0x00000253ff952800 2268       3       java.nio.MappedByteBuffer::rewind (7 bytes)
Event: 2.181 Thread 0x00000253ff952800 nmethod 2268 0x000002538099ef90 code [0x000002538099f140, 0x000002538099f318]
Event: 2.181 Thread 0x00000253ff952800 2269       3       java.nio.ByteBuffer::rewind (7 bytes)
Event: 2.181 Thread 0x00000253ff94c800 nmethod 2271 0x0000025387bc4910 code [0x0000025387bc4aa0, 0x0000025387bc4b18]
Event: 2.181 Thread 0x00000253ff952800 nmethod 2269 0x000002538099f410 code [0x000002538099f5c0, 0x000002538099f738]
Event: 2.181 Thread 0x00000253ff952800 2270       3       java.nio.Buffer::rewind (12 bytes)
Event: 2.181 Thread 0x00000253ff952800 nmethod 2270 0x000002538099f810 code [0x000002538099f9c0, 0x000002538099fad8]
Event: 2.182 Thread 0x00000253ff952800 2272       3       java.lang.StringCoding::decodeUTF8 (45 bytes)
Event: 2.182 Thread 0x00000253ff952800 nmethod 2272 0x000002538099fb90 code [0x000002538099fda0, 0x00000253809a0218]
Event: 2.182 Thread 0x00000253ff952800 2273       3       java.lang.Class::forName (47 bytes)
Event: 2.182 Thread 0x00000253ff952800 nmethod 2273 0x00000253809a0390 code [0x00000253809a0580, 0x00000253809a09c8]
Event: 2.183 Thread 0x00000253ff952800 2274       1       jdk.internal.reflect.NativeConstructorAccessorImpl::setParent (6 bytes)
Event: 2.183 Thread 0x00000253ff952800 nmethod 2274 0x0000025387bc4c10 code [0x0000025387bc4dc0, 0x0000025387bc4eb8]
Event: 2.197 Thread 0x00000253ff952800 2275       3       kotlin.reflect.jvm.internal.pcollections.IntTree::<init> (44 bytes)
Event: 2.198 Thread 0x00000253ff952800 nmethod 2275 0x00000253809a0b90 code [0x00000253809a0d60, 0x00000253809a0ff8]
Event: 2.198 Thread 0x00000253ff952800 2276       3       kotlin.reflect.jvm.internal.KMutableProperty1Impl$_setter$1::<init> (11 bytes)
Event: 2.198 Thread 0x00000253ff952800 nmethod 2276 0x00000253809a1110 code [0x00000253809a12c0, 0x00000253809a14d8]

GC Heap History (4 events):
Event: 0.738 GC heap before
{Heap before GC invocations=0 (full 0):
 garbage-first heap   total 126976K, used 28672K [0x0000000085800000, 0x0000000100000000)
  region size 1024K, 24 young (24576K), 0 survivors (0K)
 Metaspace       used 12147K, capacity 12280K, committed 12544K, reserved 1060864K
  class space    used 1121K, capacity 1175K, committed 1280K, reserved 1048576K
}
Event: 0.742 GC heap after
{Heap after GC invocations=1 (full 0):
 garbage-first heap   total 126976K, used 6848K [0x0000000085800000, 0x0000000100000000)
  region size 1024K, 3 young (3072K), 3 survivors (3072K)
 Metaspace       used 12147K, capacity 12280K, committed 12544K, reserved 1060864K
  class space    used 1121K, capacity 1175K, committed 1280K, reserved 1048576K
}
Event: 1.367 GC heap before
{Heap before GC invocations=1 (full 0):
 garbage-first heap   total 126976K, used 45760K [0x0000000085800000, 0x0000000100000000)
  region size 1024K, 42 young (43008K), 3 survivors (3072K)
 Metaspace       used 21042K, capacity 21200K, committed 21296K, reserved 1069056K
  class space    used 2226K, capacity 2308K, committed 2352K, reserved 1048576K
}
Event: 1.382 GC heap after
{Heap after GC invocations=2 (full 0):
 garbage-first heap   total 126976K, used 10529K [0x0000000085800000, 0x0000000100000000)
  region size 1024K, 7 young (7168K), 7 survivors (7168K)
 Metaspace       used 21042K, capacity 21200K, committed 21296K, reserved 1069056K
  class space    used 2226K, capacity 2308K, committed 2352K, reserved 1048576K
}

Deoptimization events (20 events):
Event: 1.892 Thread 0x00000253f1e68000 Uncommon trap: trap_request=0xffffff4d fr.pc=0x0000025387aecc6c relative=0x000000000000098c
Event: 1.892 Thread 0x00000253f1e68000 Uncommon trap: reason=unstable_if action=reinterpret pc=0x0000025387aecc6c method=java.util.zip.ZipFile$Source.getEntryPos([BZ)I @ 156 c2
Event: 1.892 Thread 0x00000253f1e68000 DEOPT PACKING pc=0x0000025387aecc6c sp=0x000000843fffdd90
Event: 1.892 Thread 0x00000253f1e68000 DEOPT UNPACKING pc=0x00000253800085af sp=0x000000843fffdd30 mode 2
Event: 1.902 Thread 0x00000253f1e68000 Uncommon trap: trap_request=0xffffffde fr.pc=0x0000025387b70684 relative=0x0000000000000064
Event: 1.903 Thread 0x00000253f1e68000 Uncommon trap: reason=class_check action=maybe_recompile pc=0x0000025387b70684 method=java.util.LinkedHashMap.afterNodeInsertion(Z)V @ 15 c2
Event: 1.903 Thread 0x00000253f1e68000 DEOPT PACKING pc=0x0000025387b70684 sp=0x000000843fffdaf0
Event: 1.903 Thread 0x00000253f1e68000 DEOPT UNPACKING pc=0x00000253800085af sp=0x000000843fffda68 mode 2
Event: 1.903 Thread 0x00000253f1e68000 Uncommon trap: trap_request=0xffffffde fr.pc=0x0000025387b70684 relative=0x0000000000000064
Event: 1.903 Thread 0x00000253f1e68000 Uncommon trap: reason=class_check action=maybe_recompile pc=0x0000025387b70684 method=java.util.LinkedHashMap.afterNodeInsertion(Z)V @ 15 c2
Event: 1.903 Thread 0x00000253f1e68000 DEOPT PACKING pc=0x0000025387b70684 sp=0x000000843fffdaf0
Event: 1.903 Thread 0x00000253f1e68000 DEOPT UNPACKING pc=0x00000253800085af sp=0x000000843fffda68 mode 2
Event: 1.984 Thread 0x00000253f1e68000 Uncommon trap: trap_request=0xffffff4d fr.pc=0x0000025387b9819c relative=0x00000000000006fc
Event: 1.984 Thread 0x00000253f1e68000 Uncommon trap: reason=unstable_if action=reinterpret pc=0x0000025387b9819c method=org.jetbrains.kotlin.com.intellij.openapi.vfs.impl.ZipEntryMap.isTheOne(Lorg/jetbrains/kotlin/com/intellij/openapi/vfs/impl/ArchiveHandler$EntryInfo;Ljava/lang/CharSequence;
Event: 1.984 Thread 0x00000253f1e68000 DEOPT PACKING pc=0x0000025387b9819c sp=0x000000843fffde10
Event: 1.984 Thread 0x00000253f1e68000 DEOPT UNPACKING pc=0x00000253800085af sp=0x000000843fffdd58 mode 2
Event: 1.997 Thread 0x00000253f1e68000 Uncommon trap: trap_request=0xffffff4d fr.pc=0x0000025387b962e4 relative=0x0000000000000464
Event: 1.997 Thread 0x00000253f1e68000 Uncommon trap: reason=unstable_if action=reinterpret pc=0x0000025387b962e4 method=org.jetbrains.kotlin.com.intellij.openapi.vfs.impl.ZipEntryMap.isTheOne(Lorg/jetbrains/kotlin/com/intellij/openapi/vfs/impl/ArchiveHandler$EntryInfo;Ljava/lang/CharSequence;
Event: 1.997 Thread 0x00000253f1e68000 DEOPT PACKING pc=0x0000025387b962e4 sp=0x000000843fffddb0
Event: 1.997 Thread 0x00000253f1e68000 DEOPT UNPACKING pc=0x00000253800085af sp=0x000000843fffdd60 mode 2

Classes redefined (0 events):
No events

Internal exceptions (20 events):
Event: 1.085 Thread 0x00000253f1e68000 Exception <a 'java/lang/NoSuchMethodError'{0x000000008bddeeb0}: 'long java.lang.invoke.Invokers$Holder.invoke_MT(java.lang.Object, java.lang.Object, java.lang.Object, java.lang.Object)'> (0x000000008bddeeb0) thrown at [src/hotspot/share/interpreter/linkResolver.cpp, line 773]
Event: 1.085 Thread 0x00000253f1e68000 Exception <a 'java/lang/NoSuchMethodError'{0x000000008bde2530}: 'long java.lang.invoke.DelegatingMethodHandle$Holder.reinvoke_L(java.lang.Object, java.lang.Object, java.lang.Object)'> (0x000000008bde2530) thrown at [src/hotspot/share/interpreter/linkResolver.cpp, line 773]
Event: 1.086 Thread 0x00000253f1e68000 Exception <a 'java/lang/NoSuchMethodError'{0x000000008bdec1f0}: 'int java.lang.invoke.DirectMethodHandle$Holder.invokeSpecial(java.lang.Object, java.lang.Object, java.lang.Object, java.lang.Object)'> (0x000000008bdec1f0) thrown at [src/hotspot/share/interpreter/linkResolver.cpp, line 773]
Event: 1.087 Thread 0x00000253f1e68000 Exception <a 'java/lang/NoSuchMethodError'{0x000000008bdfafd0}: 'int java.lang.invoke.DelegatingMethodHandle$Holder.reinvoke_L(java.lang.Object, java.lang.Object, java.lang.Object, long, int)'> (0x000000008bdfafd0) thrown at [src/hotspot/share/interpreter/linkResolver.cpp, line 773]
Event: 1.297 Thread 0x00000253f1e68000 Exception <a 'java/lang/NoSuchMethodError'{0x000000008ae45660}: 'java.lang.Object java.lang.invoke.DirectMethodHandle$Holder.invokeStaticInit(java.lang.Object, int)'> (0x000000008ae45660) thrown at [src/hotspot/share/interpreter/linkResolver.cpp, line 773]
Event: 1.326 Thread 0x00000253f1e68000 Exception <a 'java/lang/NoSuchMethodError'{0x000000008ac1ed00}: 'long java.lang.invoke.DirectMethodHandle$Holder.invokeStatic(java.lang.Object)'> (0x000000008ac1ed00) thrown at [src/hotspot/share/interpreter/linkResolver.cpp, line 773]
Event: 1.327 Thread 0x00000253f1e68000 Exception <a 'java/lang/NoSuchMethodError'{0x000000008ac21b58}: 'long java.lang.invoke.DirectMethodHandle$Holder.invokeStaticInit(java.lang.Object)'> (0x000000008ac21b58) thrown at [src/hotspot/share/interpreter/linkResolver.cpp, line 773]
Event: 1.359 Thread 0x00000253f1e68000 Exception <a 'java/lang/NoSuchMethodError'{0x000000008ab925e8}: 'int java.lang.invoke.DirectMethodHandle$Holder.invokeSpecialIFC(java.lang.Object, java.lang.Object, int)'> (0x000000008ab925e8) thrown at [src/hotspot/share/interpreter/linkResolver.cpp, line 773]
Event: 1.416 Thread 0x00000253f1e68000 Exception <a 'java/lang/NoSuchMethodError'{0x000000008d12f3a0}: 'int java.lang.invoke.DirectMethodHandle$Holder.invokeStaticInit(java.lang.Object, java.lang.Object, java.lang.Object)'> (0x000000008d12f3a0) thrown at [src/hotspot/share/interpreter/linkResolver.cpp, line 773]
Event: 1.420 Thread 0x00000253f1e68000 Exception <a 'java/lang/NoSuchMethodError'{0x000000008d15aa80}: 'int java.lang.invoke.DirectMethodHandle$Holder.invokeStaticInit(java.lang.Object, java.lang.Object)'> (0x000000008d15aa80) thrown at [src/hotspot/share/interpreter/linkResolver.cpp, line 773]
Event: 1.458 Thread 0x00000253f1e68000 Exception <a 'java/lang/NoSuchMethodError'{0x000000008cfc0080}: 'void java.lang.invoke.DirectMethodHandle$Holder.invokeSpecial(java.lang.Object, java.lang.Object)'> (0x000000008cfc0080) thrown at [src/hotspot/share/interpreter/linkResolver.cpp, line 773]
Event: 1.605 Thread 0x00000253f1e68000 Exception <a 'java/lang/NoSuchMethodError'{0x000000008c66d790}: 'java.lang.Object java.lang.invoke.DirectMethodHandle$Holder.invokeStatic(java.lang.Object, java.lang.Object, java.lang.Object, java.lang.Object, java.lang.Object, java.lang.Object, java.lang.Object, java.lang.Object, java.lang.Object, java.lang.Object, java.lang.Object, java.lang.Object, java.lang.Object, java.lang.Object, java.lang.Object)'> (0x000000008c66d790) thrown at [src/hotspot/share/interpreter/linkResolver.cpp, line 773]
Event: 1.606 Thread 0x00000253f1e68000 Exception <a 'java/lang/NoSuchMethodError'{0x000000008c67b798}: 'java.lang.Object java.lang.invoke.DirectMethodHandle$Holder.invokeStatic(java.lang.Object, java.lang.Object, java.lang.Object, java.lang.Object, java.lang.Object, java.lang.Object, java.lang.Object, java.lang.Object, java.lang.Object, java.lang.Object, java.lang.Object, java.lang.Object, java.lang.Object, java.lang.Object, java.lang.Object, java.lang.Object)'> (0x000000008c67b798) thrown at [src/hotspot/share/interpreter/linkResolver.cpp, lin
Event: 1.607 Thread 0x00000253f1e68000 Exception <a 'java/lang/NoSuchMethodError'{0x000000008c689b20}: 'java.lang.Object java.lang.invoke.DirectMethodHandle$Holder.invokeSpecial(java.lang.Object, java.lang.Object, int, int, java.lang.Object, java.lang.Object, java.lang.Object)'> (0x000000008c689b20) thrown at [src/hotspot/share/interpreter/linkResolver.cpp, line 773]
Event: 1.607 Thread 0x00000253f1e68000 Exception <a 'java/lang/NoSuchMethodError'{0x000000008c68d358}: 'java.lang.Object java.lang.invoke.DelegatingMethodHandle$Holder.reinvoke_L(java.lang.Object, int, int, java.lang.Object, java.lang.Object, java.lang.Object)'> (0x000000008c68d358) thrown at [src/hotspot/share/interpreter/linkResolver.cpp, line 773]
Event: 1.608 Thread 0x00000253f1e68000 Exception <a 'java/lang/NoSuchMethodError'{0x000000008c6916e0}: 'java.lang.Object java.lang.invoke.DirectMethodHandle$Holder.invokeStatic(java.lang.Object, java.lang.Object, java.lang.Object, java.lang.Object, int)'> (0x000000008c6916e0) thrown at [src/hotspot/share/interpreter/linkResolver.cpp, line 773]
Event: 1.641 Thread 0x00000253f1e68000 Exception <a 'java/lang/NoSuchMethodError'{0x000000008c5b5bb0}: 'void java.lang.invoke.DirectMethodHandle$Holder.invokeStatic(java.lang.Object, java.lang.Object, java.lang.Object, java.lang.Object)'> (0x000000008c5b5bb0) thrown at [src/hotspot/share/interpreter/linkResolver.cpp, line 773]
Event: 1.693 Thread 0x00000253f1e68000 Exception <a 'java/lang/NoSuchMethodError'{0x000000008c19ad30}: 'void java.lang.invoke.DirectMethodHandle$Holder.invokeStaticInit(java.lang.Object, java.lang.Object)'> (0x000000008c19ad30) thrown at [src/hotspot/share/interpreter/linkResolver.cpp, line 773]
Event: 1.758 Thread 0x00000253f1e68000 Exception <a 'java/lang/NoSuchMethodError'{0x000000008bdfa3d0}: 'void java.lang.invoke.DirectMethodHandle$Holder.invokeVirtual(java.lang.Object, java.lang.Object)'> (0x000000008bdfa3d0) thrown at [src/hotspot/share/interpreter/linkResolver.cpp, line 773]
Event: 1.766 Thread 0x00000253f1e68000 Exception <a 'java/lang/NoSuchMethodError'{0x000000008bc8e200}: 'int java.lang.invoke.DirectMethodHandle$Holder.invokeVirtual(java.lang.Object, java.lang.Object)'> (0x000000008bc8e200) thrown at [src/hotspot/share/interpreter/linkResolver.cpp, line 773]

Events (20 events):
Event: 2.192 loading class org/jetbrains/kotlin/descriptors/impl/DeclarationDescriptorNonRootImpl
Event: 2.192 loading class org/jetbrains/kotlin/descriptors/impl/DeclarationDescriptorNonRootImpl done
Event: 2.192 loading class org/jetbrains/kotlin/descriptors/SourceElement
Event: 2.192 loading class org/jetbrains/kotlin/descriptors/SourceElement done
Event: 2.192 loading class org/jetbrains/kotlin/descriptors/SourceElement$1
Event: 2.192 loading class org/jetbrains/kotlin/descriptors/SourceElement$1 done
Event: 2.193 loading class org/jetbrains/kotlin/renderer/DescriptorRenderer
Event: 2.193 loading class org/jetbrains/kotlin/renderer/DescriptorRenderer done
Event: 2.193 loading class org/jetbrains/kotlin/renderer/DescriptorRenderer$Companion
Event: 2.193 loading class org/jetbrains/kotlin/renderer/DescriptorRenderer$Companion done
Event: 2.194 loading class org/jetbrains/kotlin/renderer/DescriptorRenderer$Companion$COMPACT_WITH_MODIFIERS$1
Event: 2.194 loading class org/jetbrains/kotlin/renderer/DescriptorRenderer$Companion$COMPACT_WITH_MODIFIERS$1 done
Event: 2.194 loading class org/jetbrains/kotlin/renderer/DescriptorRendererOptionsImpl
Event: 2.194 loading class org/jetbrains/kotlin/renderer/DescriptorRendererOptionsImpl done
Event: 2.195 loading class org/jetbrains/kotlin/renderer/DescriptorRendererOptions
Event: 2.195 loading class org/jetbrains/kotlin/renderer/DescriptorRendererOptions done
Event: 2.198 loading class org/jetbrains/kotlin/renderer/ClassifierNamePolicy$SOURCE_CODE_QUALIFIED
Event: 2.198 loading class org/jetbrains/kotlin/renderer/ClassifierNamePolicy$SOURCE_CODE_QUALIFIED done
Event: 2.198 loading class org/jetbrains/kotlin/renderer/ClassifierNamePolicy
Event: 2.198 loading class org/jetbrains/kotlin/renderer/ClassifierNamePolicy done


Dynamic libraries:
0x00007ff654c50000 - 0x00007ff654c5a000 	C:\Program Files\Android\Android Studio1\jbr\bin\java.exe
0x00007ffe39230000 - 0x00007ffe39428000 	C:\windows\SYSTEM32\ntdll.dll
0x00007ffe38030000 - 0x00007ffe380ed000 	C:\windows\System32\KERNEL32.DLL
0x00007ffe36a60000 - 0x00007ffe36d56000 	C:\windows\System32\KERNELBASE.dll
0x00007ffe36d90000 - 0x00007ffe36e90000 	C:\windows\System32\ucrtbase.dll
0x00007ffe2e350000 - 0x00007ffe2e367000 	C:\Program Files\Android\Android Studio1\jbr\bin\jli.dll
0x00007ffe2acf0000 - 0x00007ffe2ad0b000 	C:\Program Files\Android\Android Studio1\jbr\bin\VCRUNTIME140.dll
0x00007ffe388c0000 - 0x00007ffe38a5e000 	C:\windows\System32\USER32.dll
0x00007ffe36d60000 - 0x00007ffe36d82000 	C:\windows\System32\win32u.dll
0x00007ffe10b20000 - 0x00007ffe10dba000 	C:\windows\WinSxS\amd64_microsoft.windows.common-controls_6595b64144ccf1df_6.0.19041.3636_none_60b6a03d71f818d5\COMCTL32.dll
0x00007ffe38000000 - 0x00007ffe3802c000 	C:\windows\System32\GDI32.dll
0x00007ffe37160000 - 0x00007ffe3727a000 	C:\windows\System32\gdi32full.dll
0x00007ffe38a60000 - 0x00007ffe38afe000 	C:\windows\System32\msvcrt.dll
0x00007ffe37090000 - 0x00007ffe3712d000 	C:\windows\System32\msvcp_win.dll
0x00007ffe380f0000 - 0x00007ffe38120000 	C:\windows\System32\IMM32.DLL
0x00007ffe2ac90000 - 0x00007ffe2ac9c000 	C:\Program Files\Android\Android Studio1\jbr\bin\vcruntime140_1.dll
0x00007ffdf5900000 - 0x00007ffdf598d000 	C:\Program Files\Android\Android Studio1\jbr\bin\msvcp140.dll
0x00007ffded0c0000 - 0x00007ffdedc7c000 	C:\Program Files\Android\Android Studio1\jbr\bin\server\jvm.dll
0x00007ffe38e00000 - 0x00007ffe38eb3000 	C:\windows\System32\ADVAPI32.dll
0x00007ffe38f20000 - 0x00007ffe38fbf000 	C:\windows\System32\sechost.dll
0x00007ffe39040000 - 0x00007ffe39166000 	C:\windows\System32\RPCRT4.dll
0x00007ffe37130000 - 0x00007ffe37157000 	C:\windows\System32\bcrypt.dll
0x00007ffe39020000 - 0x00007ffe39028000 	C:\windows\System32\PSAPI.DLL
0x00007ffe311f0000 - 0x00007ffe311f9000 	C:\windows\SYSTEM32\WSOCK32.dll
0x00007ffe2d530000 - 0x00007ffe2d53a000 	C:\windows\SYSTEM32\VERSION.dll
0x00007ffe384f0000 - 0x00007ffe3855b000 	C:\windows\System32\WS2_32.dll
0x00007ffe14090000 - 0x00007ffe140b7000 	C:\windows\SYSTEM32\WINMM.dll
0x00007ffe35140000 - 0x00007ffe35152000 	C:\windows\SYSTEM32\kernel.appcore.dll
0x00007ffe31170000 - 0x00007ffe31180000 	C:\Program Files\Android\Android Studio1\jbr\bin\verify.dll
0x00007ffe346c0000 - 0x00007ffe348a4000 	C:\windows\SYSTEM32\DBGHELP.DLL
0x00007ffe172a0000 - 0x00007ffe172d4000 	C:\windows\SYSTEM32\dbgcore.DLL
0x00007ffe36ee0000 - 0x00007ffe36f62000 	C:\windows\System32\bcryptPrimitives.dll
0x00007ffe2d970000 - 0x00007ffe2d998000 	C:\Program Files\Android\Android Studio1\jbr\bin\java.dll
0x00007ffe2f8e0000 - 0x00007ffe2f8ea000 	C:\Program Files\Android\Android Studio1\jbr\bin\jimage.dll
0x00007ffe2d950000 - 0x00007ffe2d968000 	C:\Program Files\Android\Android Studio1\jbr\bin\zip.dll
0x00007ffe378b0000 - 0x00007ffe37ff5000 	C:\windows\System32\SHELL32.dll
0x00007ffe348b0000 - 0x00007ffe3504b000 	C:\windows\SYSTEM32\windows.storage.dll
0x00007ffe38560000 - 0x00007ffe388b4000 	C:\windows\System32\combase.dll
0x00007ffe36330000 - 0x00007ffe3635d000 	C:\windows\SYSTEM32\Wldp.dll
0x00007ffe38120000 - 0x00007ffe381cd000 	C:\windows\System32\SHCORE.dll
0x00007ffe39190000 - 0x00007ffe391e5000 	C:\windows\System32\shlwapi.dll
0x00007ffe36830000 - 0x00007ffe36855000 	C:\windows\SYSTEM32\profapi.dll
0x00007ffe2d930000 - 0x00007ffe2d949000 	C:\Program Files\Android\Android Studio1\jbr\bin\net.dll
0x00007ffe2e760000 - 0x00007ffe2e86a000 	C:\windows\SYSTEM32\WINHTTP.dll
0x00007ffe36090000 - 0x00007ffe360fa000 	C:\windows\system32\mswsock.dll
0x00007ffe2d910000 - 0x00007ffe2d923000 	C:\Program Files\Android\Android Studio1\jbr\bin\nio.dll

dbghelp: loaded successfully - version: 4.0.5 - missing functions: none
symbol engine: initialized successfully - sym options: 0x614 - pdb path: .;C:\Program Files\Android\Android Studio1\jbr\bin;C:\windows\SYSTEM32;C:\windows\WinSxS\amd64_microsoft.windows.common-controls_6595b64144ccf1df_6.0.19041.3636_none_60b6a03d71f818d5;C:\Program Files\Android\Android Studio1\jbr\bin\server

VM Arguments:
java_command: org.jetbrains.kotlin.cli.jvm.K2JVMCompiler @C:\Users\a\AndroidStudioProjects\JustEat\app\build\20240216_16910948712969421132.compiler.options
java_class_path (initial): C:\Users\a\.gradle\caches\modules-2\files-2.1\org.jetbrains.kotlin\kotlin-compiler-embeddable\1.8.0\eb9118d4bcceaa2a94b2ae2a33a4ddba7c9a947f\kotlin-compiler-embeddable-1.8.0.jar;C:\Users\a\.gradle\caches\modules-2\files-2.1\org.jetbrains.kotlin\kotlin-stdlib\1.8.0\1796921c7a3e2e2665a83e6c8d33399336cd39bc\kotlin-stdlib-1.8.0.jar;C:\Users\a\.gradle\caches\modules-2\files-2.1\org.jetbrains.kotlin\kotlin-script-runtime\1.8.0\b2f7e760d283cb339974851c222a4c1d48f2d3d\kotlin-script-runtime-1.8.0.jar;C:\Users\a\.gradle\caches\modules-2\files-2.1\org.jetbrains.kotlin\kotlin-reflect\1.6.10\1cbe9c92c12a94eea200d23c2bbaedaf3daf5132\kotlin-reflect-1.6.10.jar;C:\Users\a\.gradle\caches\modules-2\files-2.1\org.jetbrains.kotlin\kotlin-daemon-embeddable\1.8.0\d255216c551685dc3a7e852b53617f5f01aaaa5c\kotlin-daemon-embeddable-1.8.0.jar;C:\Users\a\.gradle\caches\modules-2\files-2.1\org.jetbrains.intellij.deps\trove4j\1.0.20200330\3afb14d5f9ceb459d724e907a21145e8ff394f02\trove4j-1.0.20200330.jar;C:\Users\a\.gradle\caches\modules-2\files-2.1\net.java.dev.jna\jna\5.6.0\330f2244e9030119ab3030fc3fededc86713d9cc\jna-5.6.0.jar;C:\Users\a\.gradle\caches\modules-2\files-2.1\org.jetbrains.kotlin\kotlin-stdlib-common\1.8.0\f7197e7cc76453ac59f8b0f8d5137cc600becd36\kotlin-stdlib-common-1.8.0.jar;C:\Users\a\.gradle\caches\modules-2\files-2.1\org.jetbrains\annotations\13.0\919f0dfe192fb4e063e7dacadee7f8bb9a2672a9\annotations-13.0.jar
Launcher Type: SUN_STANDARD

[Global flags]
     intx CICompilerCount                          = 4                                         {product} {ergonomic}
     uint ConcGCThreads                            = 2                                         {product} {ergonomic}
     uint G1ConcRefinementThreads                  = 8                                         {product} {ergonomic}
   size_t G1HeapRegionSize                         = 1048576                                   {product} {ergonomic}
    uintx GCDrainStackTargetSize                   = 64                                        {product} {ergonomic}
   size_t InitialHeapSize                          = 130023424                                 {product} {ergonomic}
   size_t MarkStackSize                            = 4194304                                   {product} {ergonomic}
   size_t MaxHeapSize                              = 2055208960                                {product} {ergonomic}
   size_t MaxNewSize                               = 1233125376                                {product} {ergonomic}
   size_t MinHeapDeltaBytes                        = 1048576                                   {product} {ergonomic}
    uintx NonNMethodCodeHeapSize                   = 5836300                                {pd product} {ergonomic}
    uintx NonProfiledCodeHeapSize                  = 122910970                              {pd product} {ergonomic}
    uintx ProfiledCodeHeapSize                     = 122910970                              {pd product} {ergonomic}
    uintx ReservedCodeCacheSize                    = 251658240                              {pd product} {ergonomic}
     bool SegmentedCodeCache                       = true                                      {product} {ergonomic}
     bool UseCompressedClassPointers               = true                                 {lp64_product} {ergonomic}
     bool UseCompressedOops                        = true                                 {lp64_product} {ergonomic}
     bool UseG1GC                                  = true                                      {product} {ergonomic}
     bool UseLargePagesIndividualAllocation        = false                                  {pd product} {ergonomic}

Logging:
Log output configuration:
 #0: stdout all=warning uptime,level,tags
 #1: stderr all=off uptime,level,tags

Environment Variables:
PATH=C:\python 3.10\Scripts\;C:\python 3.10\;C:\Program Files\Common Files\Oracle\Java\javapath;C:\windows\system32;C:\windows;C:\windows\System32\Wbem;C:\windows\System32\WindowsPowerShell\v1.0\;C:\windows\System32\OpenSSH\;C:\Program Files\Git\cmd;C:\MinGW\bin;C:\ProgramData\chocolatey\bin;C:\Program Files\MySQL\MySQL Server 8.0\bin;C:\Program Files\MySQL\MySQL Shell 8.0\bin\;C:\Users\a\AppData\Local\Microsoft\WindowsApps;C:\Users\a\AppData\Local\Programs\Microsoft VS Code\bin;C:\Program Files\JetBrains\IntelliJ IDEA Community Edition 2021.3.3\New folder\IntelliJ IDEA Community Edition 2021.3.3\bin;
USERNAME=a
OS=Windows_NT
PROCESSOR_IDENTIFIER=Intel64 Family 6 Model 140 Stepping 1, GenuineIntel



---------------  S Y S T E M  ---------------

OS: Windows 10 , 64 bit Build 19041 (10.0.19041.3636)
OS uptime: 0 days 19:33 hours

CPU:total 8 (initial active 8) (4 cores per cpu, 2 threads per core) family 6 model 140 stepping 1 microcode 0x9a, cmov, cx8, fxsr, mmx, sse, sse2, sse3, ssse3, sse4.1, sse4.2, popcnt, avx, avx2, aes, clmul, erms, 3dnowpref, lzcnt, ht, tsc, tscinvbit, bmi1, bmi2, adx, evex, sha, fma

Memory: 4k page, system-wide physical 7834M (391M free)
TotalPageFile size 10634M (AvailPageFile size 5M)
current process WorkingSet (physical memory assigned to process): 178M, peak: 178M
current process commit charge ("private bytes"): 275M, peak: 277M

vm_info: OpenJDK 64-Bit Server VM (11.0.15+0-b2043.56-9505619) for windows-amd64 JRE (11.0.15+0-b2043.56-9505619), built on Jan 19 2023 02:48:00 by "builduser" with unknown MS VC++:1929

END.
