#
# There is insufficient memory for the Java Runtime Environment to continue.
# Native memory allocation (malloc) failed to allocate 1907376 bytes for Chunk::new
# Possible reasons:
#   The system is out of physical RAM or swap space
#   The process is running with CompressedOops enabled, and the Java Heap may be blocking the growth of the native heap
# Possible solutions:
#   Reduce memory load on the system
#   Increase physical memory or swap space
#   Check if swap backing store is full
#   Decrease Java heap size (-Xmx/-Xms)
#   Decrease number of Java threads
#   Decrease Java thread stack sizes (-Xss)
#   Set larger code cache with -XX:ReservedCodeCacheSize=
#   JVM is running with Unscaled Compressed Oops mode in which the Java heap is
#     placed in the first 4GB address space. The Java Heap base address is the
#     maximum limit for the native heap growth. Please use -XX:HeapBaseMinAddress
#     to set the Java Heap base and to place the Java Heap above 4GB virtual address.
# This output file may be truncated or incomplete.
#
#  Out of Memory Error (src/hotspot/share/memory/arena.cpp:197), pid=9552, tid=14252
#
# JRE version: OpenJDK Runtime Environment (11.0.15) (build 11.0.15+0-b2043.56-9505619)
# Java VM: OpenJDK 64-Bit Server VM (11.0.15+0-b2043.56-9505619, mixed mode, tiered, compressed oops, g1 gc, windows-amd64)
# No core dump will be written. Minidumps are not enabled by default on client versions of Windows
#

---------------  S U M M A R Y ------------

Command Line: org.jetbrains.kotlin.cli.jvm.K2JVMCompiler @C:\Users\a\AndroidStudioProjects\JustEat\app\build\20240216_12543503926884639195.compiler.options

Host: 11th Gen Intel(R) Core(TM) i5-1135G7 @ 2.40GHz, 8 cores, 7G,  Windows 10 , 64 bit Build 19041 (10.0.19041.3636)
Time: Fri Feb 16 15:55:28 2024 India Standard Time elapsed time: 2.851928 seconds (0d 0h 0m 2s)

---------------  T H R E A D  ---------------

Current thread (0x000001eb1c64e000):  JavaThread "C2 CompilerThread0" daemon [_thread_in_native, id=14252, stack(0x0000008eea900000,0x0000008eeaa00000)]


Current CompileTask:
C2:   2851 2983       4       jdk.internal.loader.ClassLoaders$AppClassLoader::loadClass (40 bytes)

Stack: [0x0000008eea900000,0x0000008eeaa00000]
Native frames: (J=compiled Java code, j=interpreted, Vv=VM code, C=native code)
V  [jvm.dll+0x64135a]
V  [jvm.dll+0x7d39f9]
V  [jvm.dll+0x7d51b9]
V  [jvm.dll+0x7d58a3]
V  [jvm.dll+0x2691c5]
V  [jvm.dll+0xc1a5c]
V  [jvm.dll+0xc200c]
V  [jvm.dll+0x3774a7]
V  [jvm.dll+0x342495]
V  [jvm.dll+0x34186a]
V  [jvm.dll+0x2214bd]
V  [jvm.dll+0x220498]
V  [jvm.dll+0x19e851]
V  [jvm.dll+0x230479]
V  [jvm.dll+0x22e5ef]
V  [jvm.dll+0x794de1]
V  [jvm.dll+0x78dc24]
V  [jvm.dll+0x6400f6]
C  [ucrtbase.dll+0x21bb2]
C  [KERNEL32.DLL+0x17344]
C  [ntdll.dll+0x526b1]


---------------  P R O C E S S  ---------------

Threads class SMR info:
_java_thread_list=0x000001eb1c7ab3a0, length=11, elements={
0x000001eb7f8c1000, 0x000001eb1bcc7000, 0x000001eb1bcd2800, 0x000001eb1c647800,
0x000001eb1c64b000, 0x000001eb1c64d000, 0x000001eb1c64e000, 0x000001eb1c652000,
0x000001eb1c653800, 0x000001eb1c7b2000, 0x000001eb1c7ae800
}

Java Threads: ( => current thread )
  0x000001eb7f8c1000 JavaThread "main" [_thread_in_vm, id=17896, stack(0x0000008ee9d00000,0x0000008ee9e00000)]
  0x000001eb1bcc7000 JavaThread "Reference Handler" daemon [_thread_blocked, id=17492, stack(0x0000008eea400000,0x0000008eea500000)]
  0x000001eb1bcd2800 JavaThread "Finalizer" daemon [_thread_blocked, id=3004, stack(0x0000008eea500000,0x0000008eea600000)]
  0x000001eb1c647800 JavaThread "Signal Dispatcher" daemon [_thread_blocked, id=18004, stack(0x0000008eea600000,0x0000008eea700000)]
  0x000001eb1c64b000 JavaThread "Attach Listener" daemon [_thread_blocked, id=18872, stack(0x0000008eea700000,0x0000008eea800000)]
  0x000001eb1c64d000 JavaThread "Service Thread" daemon [_thread_blocked, id=17444, stack(0x0000008eea800000,0x0000008eea900000)]
=>0x000001eb1c64e000 JavaThread "C2 CompilerThread0" daemon [_thread_in_native, id=14252, stack(0x0000008eea900000,0x0000008eeaa00000)]
  0x000001eb1c652000 JavaThread "C1 CompilerThread0" daemon [_thread_blocked, id=17260, stack(0x0000008eeaa00000,0x0000008eeab00000)]
  0x000001eb1c653800 JavaThread "Sweeper thread" daemon [_thread_blocked, id=4692, stack(0x0000008eeab00000,0x0000008eeac00000)]
  0x000001eb1c7b2000 JavaThread "Common-Cleaner" daemon [_thread_blocked, id=12940, stack(0x0000008eead00000,0x0000008eeae00000)]
  0x000001eb1c7ae800 JavaThread "C2 CompilerThread1" daemon [_thread_in_native, id=12876, stack(0x0000008eeae00000,0x0000008eeaf00000)]

Other Threads:
  0x000001eb1bcc4800 VMThread "VM Thread" [stack: 0x0000008eea300000,0x0000008eea400000] [id=17228]
  0x000001eb1c7ac000 WatcherThread [stack: 0x0000008eeac00000,0x0000008eead00000] [id=18040]
  0x000001eb7f8d3000 GCTaskThread "GC Thread#0" [stack: 0x0000008ee9e00000,0x0000008ee9f00000] [id=19432]
  0x000001eb1cda5800 GCTaskThread "GC Thread#1" [stack: 0x0000008eeaf00000,0x0000008eeb000000] [id=14892]
  0x000001eb7f904800 ConcurrentGCThread "G1 Main Marker" [stack: 0x0000008ee9f00000,0x0000008eea000000] [id=16736]
  0x000001eb7f906000 ConcurrentGCThread "G1 Conc#0" [stack: 0x0000008eea000000,0x0000008eea100000] [id=552]
  0x000001eb1d17a800 ConcurrentGCThread "G1 Conc#1" [stack: 0x0000008eeb000000,0x0000008eeb100000] [id=13316]
  0x000001eb1bb00800 ConcurrentGCThread "G1 Refine#0" [stack: 0x0000008eea100000,0x0000008eea200000] [id=12128]
  0x000001eb1bb01800 ConcurrentGCThread "G1 Young RemSet Sampling" [stack: 0x0000008eea200000,0x0000008eea300000] [id=18336]

Threads with active compile tasks:
C2 CompilerThread0     2858 2983       4       jdk.internal.loader.ClassLoaders$AppClassLoader::loadClass (40 bytes)
C2 CompilerThread1     2858 2909       4       java.lang.ClassLoader::loadClass (7 bytes)

VM state:not at safepoint (normal execution)

VM Mutex/Monitor currently owned by a thread: None

Heap address: 0x0000000085800000, size: 1960 MB, Compressed Oops mode: 32-bit
Narrow klass base: 0x0000000000000000, Narrow klass shift: 3
Compressed class space size: 1073741824 Address: 0x0000000100000000

Heap:
 garbage-first heap   total 171008K, used 28530K [0x0000000085800000, 0x0000000100000000)
  region size 1024K, 9 young (9216K), 6 survivors (6144K)
 Metaspace       used 45811K, capacity 46342K, committed 46620K, reserved 1089536K
  class space    used 5377K, capacity 5601K, committed 5756K, reserved 1048576K
Heap Regions: E=young(eden), S=young(survivor), O=old, HS=humongous(starts), HC=humongous(continues), CS=collection set, F=free, A=archive, TAMS=top-at-mark-start (previous, next)
|   0|0x0000000085800000, 0x0000000085900000, 0x0000000085900000|100%|HS|  |TAMS 0x0000000085900000, 0x0000000085800000| Complete 
|   1|0x0000000085900000, 0x0000000085a00000, 0x0000000085a00000|100%|HC|  |TAMS 0x0000000085a00000, 0x0000000085900000| Complete 
|   2|0x0000000085a00000, 0x0000000085b00000, 0x0000000085b00000|100%|HC|  |TAMS 0x0000000085b00000, 0x0000000085a00000| Complete 
|   3|0x0000000085b00000, 0x0000000085c00000, 0x0000000085c00000|100%|HC|  |TAMS 0x0000000085c00000, 0x0000000085b00000| Complete 
|   4|0x0000000085c00000, 0x0000000085d00000, 0x0000000085d00000|100%|HS|  |TAMS 0x0000000085d00000, 0x0000000085c00000| Complete 
|   5|0x0000000085d00000, 0x0000000085e00000, 0x0000000085e00000|100%|HC|  |TAMS 0x0000000085e00000, 0x0000000085d00000| Complete 
|   6|0x0000000085e00000, 0x0000000085f00000, 0x0000000085f00000|100%|HC|  |TAMS 0x0000000085f00000, 0x0000000085e00000| Complete 
|   7|0x0000000085f00000, 0x0000000086000000, 0x0000000086000000|100%|HC|  |TAMS 0x0000000086000000, 0x0000000085f00000| Complete 
|   8|0x0000000086000000, 0x0000000086000000, 0x0000000086100000|  0%| F|  |TAMS 0x0000000086000000, 0x0000000086000000| Untracked 
|   9|0x0000000086100000, 0x0000000086100000, 0x0000000086200000|  0%| F|  |TAMS 0x0000000086100000, 0x0000000086100000| Untracked 
|  10|0x0000000086200000, 0x0000000086300000, 0x0000000086300000|100%| O|  |TAMS 0x0000000086300000, 0x0000000086200000| Untracked 
|  11|0x0000000086300000, 0x0000000086400000, 0x0000000086400000|100%| O|  |TAMS 0x0000000086400000, 0x0000000086300000| Untracked 
|  12|0x0000000086400000, 0x0000000086500000, 0x0000000086500000|100%| O|  |TAMS 0x0000000086500000, 0x0000000086400000| Untracked 
|  13|0x0000000086500000, 0x0000000086600000, 0x0000000086600000|100%| O|  |TAMS 0x0000000086600000, 0x0000000086500000| Untracked 
|  14|0x0000000086600000, 0x0000000086700000, 0x0000000086700000|100%| O|  |TAMS 0x0000000086700000, 0x0000000086600000| Untracked 
|  15|0x0000000086700000, 0x0000000086800000, 0x0000000086800000|100%| O|  |TAMS 0x0000000086800000, 0x0000000086700000| Untracked 
|  16|0x0000000086800000, 0x0000000086900000, 0x0000000086900000|100%| O|  |TAMS 0x0000000086900000, 0x0000000086800000| Untracked 
|  17|0x0000000086900000, 0x0000000086a00000, 0x0000000086a00000|100%| O|  |TAMS 0x0000000086a00000, 0x0000000086900000| Untracked 
|  18|0x0000000086a00000, 0x0000000086b00000, 0x0000000086b00000|100%| O|  |TAMS 0x0000000086b00000, 0x0000000086a00000| Untracked 
|  19|0x0000000086b00000, 0x0000000086c00000, 0x0000000086c00000|100%| O|  |TAMS 0x0000000086c00000, 0x0000000086b00000| Untracked 
|  20|0x0000000086c00000, 0x0000000086d00000, 0x0000000086d00000|100%| O|  |TAMS 0x0000000086d00000, 0x0000000086c00000| Untracked 
|  21|0x0000000086d00000, 0x0000000086e00000, 0x0000000086e00000|100%| O|  |TAMS 0x0000000086e00000, 0x0000000086d00000| Untracked 
|  22|0x0000000086e00000, 0x0000000086e3b800, 0x0000000086f00000| 23%| O|  |TAMS 0x0000000086e3b800, 0x0000000086e00000| Untracked 
|  23|0x0000000086f00000, 0x0000000086f00000, 0x0000000087000000|  0%| F|  |TAMS 0x0000000086f00000, 0x0000000086f00000| Untracked 
|  24|0x0000000087000000, 0x0000000087000000, 0x0000000087100000|  0%| F|  |TAMS 0x0000000087000000, 0x0000000087000000| Untracked 
|  25|0x0000000087100000, 0x0000000087100000, 0x0000000087200000|  0%| F|  |TAMS 0x0000000087100000, 0x0000000087100000| Untracked 
|  26|0x0000000087200000, 0x0000000087200000, 0x0000000087300000|  0%| F|  |TAMS 0x0000000087200000, 0x0000000087200000| Untracked 
|  27|0x0000000087300000, 0x0000000087300000, 0x0000000087400000|  0%| F|  |TAMS 0x0000000087300000, 0x0000000087300000| Untracked 
|  28|0x0000000087400000, 0x0000000087400000, 0x0000000087500000|  0%| F|  |TAMS 0x0000000087400000, 0x0000000087400000| Untracked 
|  29|0x0000000087500000, 0x0000000087500000, 0x0000000087600000|  0%| F|  |TAMS 0x0000000087500000, 0x0000000087500000| Untracked 
|  30|0x0000000087600000, 0x0000000087600000, 0x0000000087700000|  0%| F|  |TAMS 0x0000000087600000, 0x0000000087600000| Untracked 
|  31|0x0000000087700000, 0x0000000087700000, 0x0000000087800000|  0%| F|  |TAMS 0x0000000087700000, 0x0000000087700000| Untracked 
|  32|0x0000000087800000, 0x0000000087800000, 0x0000000087900000|  0%| F|  |TAMS 0x0000000087800000, 0x0000000087800000| Untracked 
|  33|0x0000000087900000, 0x0000000087900000, 0x0000000087a00000|  0%| F|  |TAMS 0x0000000087900000, 0x0000000087900000| Untracked 
|  34|0x0000000087a00000, 0x0000000087a00000, 0x0000000087b00000|  0%| F|  |TAMS 0x0000000087a00000, 0x0000000087a00000| Untracked 
|  35|0x0000000087b00000, 0x0000000087b00000, 0x0000000087c00000|  0%| F|  |TAMS 0x0000000087b00000, 0x0000000087b00000| Untracked 
|  36|0x0000000087c00000, 0x0000000087c00000, 0x0000000087d00000|  0%| F|  |TAMS 0x0000000087c00000, 0x0000000087c00000| Untracked 
|  37|0x0000000087d00000, 0x0000000087d00000, 0x0000000087e00000|  0%| F|  |TAMS 0x0000000087d00000, 0x0000000087d00000| Untracked 
|  38|0x0000000087e00000, 0x0000000087e00000, 0x0000000087f00000|  0%| F|  |TAMS 0x0000000087e00000, 0x0000000087e00000| Untracked 
|  39|0x0000000087f00000, 0x0000000087f00000, 0x0000000088000000|  0%| F|  |TAMS 0x0000000087f00000, 0x0000000087f00000| Untracked 
|  40|0x0000000088000000, 0x0000000088000000, 0x0000000088100000|  0%| F|  |TAMS 0x0000000088000000, 0x0000000088000000| Untracked 
|  41|0x0000000088100000, 0x0000000088100000, 0x0000000088200000|  0%| F|  |TAMS 0x0000000088100000, 0x0000000088100000| Untracked 
|  42|0x0000000088200000, 0x0000000088200000, 0x0000000088300000|  0%| F|  |TAMS 0x0000000088200000, 0x0000000088200000| Untracked 
|  43|0x0000000088300000, 0x0000000088300000, 0x0000000088400000|  0%| F|  |TAMS 0x0000000088300000, 0x0000000088300000| Untracked 
|  44|0x0000000088400000, 0x0000000088400000, 0x0000000088500000|  0%| F|  |TAMS 0x0000000088400000, 0x0000000088400000| Untracked 
|  45|0x0000000088500000, 0x0000000088500000, 0x0000000088600000|  0%| F|  |TAMS 0x0000000088500000, 0x0000000088500000| Untracked 
|  46|0x0000000088600000, 0x0000000088600000, 0x0000000088700000|  0%| F|  |TAMS 0x0000000088600000, 0x0000000088600000| Untracked 
|  47|0x0000000088700000, 0x0000000088700000, 0x0000000088800000|  0%| F|  |TAMS 0x0000000088700000, 0x0000000088700000| Untracked 
|  48|0x0000000088800000, 0x0000000088800000, 0x0000000088900000|  0%| F|  |TAMS 0x0000000088800000, 0x0000000088800000| Untracked 
|  49|0x0000000088900000, 0x0000000088900000, 0x0000000088a00000|  0%| F|  |TAMS 0x0000000088900000, 0x0000000088900000| Untracked 
|  50|0x0000000088a00000, 0x0000000088a00000, 0x0000000088b00000|  0%| F|  |TAMS 0x0000000088a00000, 0x0000000088a00000| Untracked 
|  51|0x0000000088b00000, 0x0000000088b00000, 0x0000000088c00000|  0%| F|  |TAMS 0x0000000088b00000, 0x0000000088b00000| Untracked 
|  52|0x0000000088c00000, 0x0000000088c00000, 0x0000000088d00000|  0%| F|  |TAMS 0x0000000088c00000, 0x0000000088c00000| Untracked 
|  53|0x0000000088d00000, 0x0000000088d00000, 0x0000000088e00000|  0%| F|  |TAMS 0x0000000088d00000, 0x0000000088d00000| Untracked 
|  54|0x0000000088e00000, 0x0000000088e00000, 0x0000000088f00000|  0%| F|  |TAMS 0x0000000088e00000, 0x0000000088e00000| Untracked 
|  55|0x0000000088f00000, 0x0000000088f00000, 0x0000000089000000|  0%| F|  |TAMS 0x0000000088f00000, 0x0000000088f00000| Untracked 
|  56|0x0000000089000000, 0x0000000089000000, 0x0000000089100000|  0%| F|  |TAMS 0x0000000089000000, 0x0000000089000000| Untracked 
|  57|0x0000000089100000, 0x0000000089100000, 0x0000000089200000|  0%| F|  |TAMS 0x0000000089100000, 0x0000000089100000| Untracked 
|  58|0x0000000089200000, 0x0000000089200000, 0x0000000089300000|  0%| F|  |TAMS 0x0000000089200000, 0x0000000089200000| Untracked 
|  59|0x0000000089300000, 0x0000000089300000, 0x0000000089400000|  0%| F|  |TAMS 0x0000000089300000, 0x0000000089300000| Untracked 
|  60|0x0000000089400000, 0x0000000089400000, 0x0000000089500000|  0%| F|  |TAMS 0x0000000089400000, 0x0000000089400000| Untracked 
|  61|0x0000000089500000, 0x0000000089500000, 0x0000000089600000|  0%| F|  |TAMS 0x0000000089500000, 0x0000000089500000| Untracked 
|  62|0x0000000089600000, 0x0000000089600000, 0x0000000089700000|  0%| F|  |TAMS 0x0000000089600000, 0x0000000089600000| Untracked 
|  63|0x0000000089700000, 0x0000000089700000, 0x0000000089800000|  0%| F|  |TAMS 0x0000000089700000, 0x0000000089700000| Untracked 
|  64|0x0000000089800000, 0x0000000089800000, 0x0000000089900000|  0%| F|  |TAMS 0x0000000089800000, 0x0000000089800000| Untracked 
|  65|0x0000000089900000, 0x0000000089900000, 0x0000000089a00000|  0%| F|  |TAMS 0x0000000089900000, 0x0000000089900000| Untracked 
|  66|0x0000000089a00000, 0x0000000089a00000, 0x0000000089b00000|  0%| F|  |TAMS 0x0000000089a00000, 0x0000000089a00000| Untracked 
|  67|0x0000000089b00000, 0x0000000089b00000, 0x0000000089c00000|  0%| F|  |TAMS 0x0000000089b00000, 0x0000000089b00000| Untracked 
|  68|0x0000000089c00000, 0x0000000089c00000, 0x0000000089d00000|  0%| F|  |TAMS 0x0000000089c00000, 0x0000000089c00000| Untracked 
|  69|0x0000000089d00000, 0x0000000089d00000, 0x0000000089e00000|  0%| F|  |TAMS 0x0000000089d00000, 0x0000000089d00000| Untracked 
|  70|0x0000000089e00000, 0x0000000089e00000, 0x0000000089f00000|  0%| F|  |TAMS 0x0000000089e00000, 0x0000000089e00000| Untracked 
|  71|0x0000000089f00000, 0x0000000089f00000, 0x000000008a000000|  0%| F|  |TAMS 0x0000000089f00000, 0x0000000089f00000| Untracked 
|  72|0x000000008a000000, 0x000000008a0a13d0, 0x000000008a100000| 62%| S|CS|TAMS 0x000000008a000000, 0x000000008a000000| Complete 
|  73|0x000000008a100000, 0x000000008a200000, 0x000000008a200000|100%| S|CS|TAMS 0x000000008a100000, 0x000000008a100000| Complete 
|  74|0x000000008a200000, 0x000000008a300000, 0x000000008a300000|100%| S|CS|TAMS 0x000000008a200000, 0x000000008a200000| Complete 
|  75|0x000000008a300000, 0x000000008a400000, 0x000000008a400000|100%| S|CS|TAMS 0x000000008a300000, 0x000000008a300000| Complete 
|  76|0x000000008a400000, 0x000000008a500000, 0x000000008a500000|100%| S|CS|TAMS 0x000000008a400000, 0x000000008a400000| Complete 
|  77|0x000000008a500000, 0x000000008a600000, 0x000000008a600000|100%| S|CS|TAMS 0x000000008a500000, 0x000000008a500000| Complete 
|  78|0x000000008a600000, 0x000000008a600000, 0x000000008a700000|  0%| F|  |TAMS 0x000000008a600000, 0x000000008a600000| Untracked 
|  79|0x000000008a700000, 0x000000008a700000, 0x000000008a800000|  0%| F|  |TAMS 0x000000008a700000, 0x000000008a700000| Untracked 
|  80|0x000000008a800000, 0x000000008a800000, 0x000000008a900000|  0%| F|  |TAMS 0x000000008a800000, 0x000000008a800000| Untracked 
|  81|0x000000008a900000, 0x000000008a900000, 0x000000008aa00000|  0%| F|  |TAMS 0x000000008a900000, 0x000000008a900000| Untracked 
|  82|0x000000008aa00000, 0x000000008aa00000, 0x000000008ab00000|  0%| F|  |TAMS 0x000000008aa00000, 0x000000008aa00000| Untracked 
|  83|0x000000008ab00000, 0x000000008ab00000, 0x000000008ac00000|  0%| F|  |TAMS 0x000000008ab00000, 0x000000008ab00000| Untracked 
|  84|0x000000008ac00000, 0x000000008ac00000, 0x000000008ad00000|  0%| F|  |TAMS 0x000000008ac00000, 0x000000008ac00000| Untracked 
|  85|0x000000008ad00000, 0x000000008ad00000, 0x000000008ae00000|  0%| F|  |TAMS 0x000000008ad00000, 0x000000008ad00000| Untracked 
|  86|0x000000008ae00000, 0x000000008ae00000, 0x000000008af00000|  0%| F|  |TAMS 0x000000008ae00000, 0x000000008ae00000| Untracked 
|  87|0x000000008af00000, 0x000000008af00000, 0x000000008b000000|  0%| F|  |TAMS 0x000000008af00000, 0x000000008af00000| Untracked 
|  88|0x000000008b000000, 0x000000008b000000, 0x000000008b100000|  0%| F|  |TAMS 0x000000008b000000, 0x000000008b000000| Untracked 
|  89|0x000000008b100000, 0x000000008b100000, 0x000000008b200000|  0%| F|  |TAMS 0x000000008b100000, 0x000000008b100000| Untracked 
|  90|0x000000008b200000, 0x000000008b200000, 0x000000008b300000|  0%| F|  |TAMS 0x000000008b200000, 0x000000008b200000| Untracked 
|  91|0x000000008b300000, 0x000000008b300000, 0x000000008b400000|  0%| F|  |TAMS 0x000000008b300000, 0x000000008b300000| Untracked 
|  92|0x000000008b400000, 0x000000008b400000, 0x000000008b500000|  0%| F|  |TAMS 0x000000008b400000, 0x000000008b400000| Untracked 
|  93|0x000000008b500000, 0x000000008b500000, 0x000000008b600000|  0%| F|  |TAMS 0x000000008b500000, 0x000000008b500000| Untracked 
|  94|0x000000008b600000, 0x000000008b600000, 0x000000008b700000|  0%| F|  |TAMS 0x000000008b600000, 0x000000008b600000| Untracked 
|  95|0x000000008b700000, 0x000000008b700000, 0x000000008b800000|  0%| F|  |TAMS 0x000000008b700000, 0x000000008b700000| Untracked 
|  96|0x000000008b800000, 0x000000008b800000, 0x000000008b900000|  0%| F|  |TAMS 0x000000008b800000, 0x000000008b800000| Untracked 
|  97|0x000000008b900000, 0x000000008b900000, 0x000000008ba00000|  0%| F|  |TAMS 0x000000008b900000, 0x000000008b900000| Untracked 
|  98|0x000000008ba00000, 0x000000008ba00000, 0x000000008bb00000|  0%| F|  |TAMS 0x000000008ba00000, 0x000000008ba00000| Untracked 
|  99|0x000000008bb00000, 0x000000008bb00000, 0x000000008bc00000|  0%| F|  |TAMS 0x000000008bb00000, 0x000000008bb00000| Untracked 
| 100|0x000000008bc00000, 0x000000008bc00000, 0x000000008bd00000|  0%| F|  |TAMS 0x000000008bc00000, 0x000000008bc00000| Untracked 
| 101|0x000000008bd00000, 0x000000008bd00000, 0x000000008be00000|  0%| F|  |TAMS 0x000000008bd00000, 0x000000008bd00000| Untracked 
| 102|0x000000008be00000, 0x000000008be00000, 0x000000008bf00000|  0%| F|  |TAMS 0x000000008be00000, 0x000000008be00000| Untracked 
| 103|0x000000008bf00000, 0x000000008bf00000, 0x000000008c000000|  0%| F|  |TAMS 0x000000008bf00000, 0x000000008bf00000| Untracked 
| 104|0x000000008c000000, 0x000000008c000000, 0x000000008c100000|  0%| F|  |TAMS 0x000000008c000000, 0x000000008c000000| Untracked 
| 105|0x000000008c100000, 0x000000008c100000, 0x000000008c200000|  0%| F|  |TAMS 0x000000008c100000, 0x000000008c100000| Untracked 
| 106|0x000000008c200000, 0x000000008c200000, 0x000000008c300000|  0%| F|  |TAMS 0x000000008c200000, 0x000000008c200000| Untracked 
| 107|0x000000008c300000, 0x000000008c300000, 0x000000008c400000|  0%| F|  |TAMS 0x000000008c300000, 0x000000008c300000| Untracked 
| 108|0x000000008c400000, 0x000000008c400000, 0x000000008c500000|  0%| F|  |TAMS 0x000000008c400000, 0x000000008c400000| Untracked 
| 109|0x000000008c500000, 0x000000008c500000, 0x000000008c600000|  0%| F|  |TAMS 0x000000008c500000, 0x000000008c500000| Untracked 
| 110|0x000000008c600000, 0x000000008c600000, 0x000000008c700000|  0%| F|  |TAMS 0x000000008c600000, 0x000000008c600000| Untracked 
| 111|0x000000008c700000, 0x000000008c700000, 0x000000008c800000|  0%| F|  |TAMS 0x000000008c700000, 0x000000008c700000| Untracked 
| 112|0x000000008c800000, 0x000000008c800000, 0x000000008c900000|  0%| F|  |TAMS 0x000000008c800000, 0x000000008c800000| Untracked 
| 113|0x000000008c900000, 0x000000008c900000, 0x000000008ca00000|  0%| F|  |TAMS 0x000000008c900000, 0x000000008c900000| Untracked 
| 114|0x000000008ca00000, 0x000000008ca00000, 0x000000008cb00000|  0%| F|  |TAMS 0x000000008ca00000, 0x000000008ca00000| Untracked 
| 115|0x000000008cb00000, 0x000000008cb00000, 0x000000008cc00000|  0%| F|  |TAMS 0x000000008cb00000, 0x000000008cb00000| Untracked 
| 116|0x000000008cc00000, 0x000000008cc00000, 0x000000008cd00000|  0%| F|  |TAMS 0x000000008cc00000, 0x000000008cc00000| Untracked 
| 117|0x000000008cd00000, 0x000000008cd00000, 0x000000008ce00000|  0%| F|  |TAMS 0x000000008cd00000, 0x000000008cd00000| Untracked 
| 118|0x000000008ce00000, 0x000000008ce00000, 0x000000008cf00000|  0%| F|  |TAMS 0x000000008ce00000, 0x000000008ce00000| Untracked 
| 119|0x000000008cf00000, 0x000000008cf00000, 0x000000008d000000|  0%| F|  |TAMS 0x000000008cf00000, 0x000000008cf00000| Untracked 
| 120|0x000000008d000000, 0x000000008d000000, 0x000000008d100000|  0%| F|  |TAMS 0x000000008d000000, 0x000000008d000000| Untracked 
| 121|0x000000008d100000, 0x000000008d100000, 0x000000008d200000|  0%| F|  |TAMS 0x000000008d100000, 0x000000008d100000| Untracked 
| 122|0x000000008d200000, 0x000000008d200000, 0x000000008d300000|  0%| F|  |TAMS 0x000000008d200000, 0x000000008d200000| Untracked 
| 123|0x000000008d300000, 0x000000008d300000, 0x000000008d400000|  0%| F|  |TAMS 0x000000008d300000, 0x000000008d300000| Untracked 
| 124|0x000000008d400000, 0x000000008d400000, 0x000000008d500000|  0%| F|  |TAMS 0x000000008d400000, 0x000000008d400000| Untracked 
| 125|0x000000008d500000, 0x000000008d500000, 0x000000008d600000|  0%| F|  |TAMS 0x000000008d500000, 0x000000008d500000| Untracked 
| 126|0x000000008d600000, 0x000000008d600000, 0x000000008d700000|  0%| F|  |TAMS 0x000000008d600000, 0x000000008d600000| Untracked 
| 127|0x000000008d700000, 0x000000008d700000, 0x000000008d800000|  0%| F|  |TAMS 0x000000008d700000, 0x000000008d700000| Untracked 
| 128|0x000000008d800000, 0x000000008d800000, 0x000000008d900000|  0%| F|  |TAMS 0x000000008d800000, 0x000000008d800000| Untracked 
| 129|0x000000008d900000, 0x000000008d900000, 0x000000008da00000|  0%| F|  |TAMS 0x000000008d900000, 0x000000008d900000| Untracked 
| 130|0x000000008da00000, 0x000000008da00000, 0x000000008db00000|  0%| F|  |TAMS 0x000000008da00000, 0x000000008da00000| Untracked 
| 131|0x000000008db00000, 0x000000008db00000, 0x000000008dc00000|  0%| F|  |TAMS 0x000000008db00000, 0x000000008db00000| Untracked 
| 132|0x000000008dc00000, 0x000000008dc00000, 0x000000008dd00000|  0%| F|  |TAMS 0x000000008dc00000, 0x000000008dc00000| Untracked 
| 133|0x000000008dd00000, 0x000000008dd00000, 0x000000008de00000|  0%| F|  |TAMS 0x000000008dd00000, 0x000000008dd00000| Untracked 
| 134|0x000000008de00000, 0x000000008de00000, 0x000000008df00000|  0%| F|  |TAMS 0x000000008de00000, 0x000000008de00000| Untracked 
| 135|0x000000008df00000, 0x000000008df00000, 0x000000008e000000|  0%| F|  |TAMS 0x000000008df00000, 0x000000008df00000| Untracked 
| 136|0x000000008e000000, 0x000000008e000000, 0x000000008e100000|  0%| F|  |TAMS 0x000000008e000000, 0x000000008e000000| Untracked 
| 137|0x000000008e100000, 0x000000008e100000, 0x000000008e200000|  0%| F|  |TAMS 0x000000008e100000, 0x000000008e100000| Untracked 
| 138|0x000000008e200000, 0x000000008e200000, 0x000000008e300000|  0%| F|  |TAMS 0x000000008e200000, 0x000000008e200000| Untracked 
| 139|0x000000008e300000, 0x000000008e300000, 0x000000008e400000|  0%| F|  |TAMS 0x000000008e300000, 0x000000008e300000| Untracked 
| 140|0x000000008e400000, 0x000000008e400000, 0x000000008e500000|  0%| F|  |TAMS 0x000000008e400000, 0x000000008e400000| Untracked 
| 141|0x000000008e500000, 0x000000008e500000, 0x000000008e600000|  0%| F|  |TAMS 0x000000008e500000, 0x000000008e500000| Untracked 
| 142|0x000000008e600000, 0x000000008e600000, 0x000000008e700000|  0%| F|  |TAMS 0x000000008e600000, 0x000000008e600000| Untracked 
| 143|0x000000008e700000, 0x000000008e700000, 0x000000008e800000|  0%| F|  |TAMS 0x000000008e700000, 0x000000008e700000| Untracked 
| 144|0x000000008e800000, 0x000000008e800000, 0x000000008e900000|  0%| F|  |TAMS 0x000000008e800000, 0x000000008e800000| Untracked 
| 145|0x000000008e900000, 0x000000008e900000, 0x000000008ea00000|  0%| F|  |TAMS 0x000000008e900000, 0x000000008e900000| Untracked 
| 146|0x000000008ea00000, 0x000000008ea00000, 0x000000008eb00000|  0%| F|  |TAMS 0x000000008ea00000, 0x000000008ea00000| Untracked 
| 147|0x000000008eb00000, 0x000000008eb00000, 0x000000008ec00000|  0%| F|  |TAMS 0x000000008eb00000, 0x000000008eb00000| Untracked 
| 148|0x000000008ec00000, 0x000000008ec00000, 0x000000008ed00000|  0%| F|  |TAMS 0x000000008ec00000, 0x000000008ec00000| Untracked 
| 149|0x000000008ed00000, 0x000000008ed00000, 0x000000008ee00000|  0%| F|  |TAMS 0x000000008ed00000, 0x000000008ed00000| Untracked 
| 150|0x000000008ee00000, 0x000000008ee00000, 0x000000008ef00000|  0%| F|  |TAMS 0x000000008ee00000, 0x000000008ee00000| Untracked 
| 151|0x000000008ef00000, 0x000000008ef00000, 0x000000008f000000|  0%| F|  |TAMS 0x000000008ef00000, 0x000000008ef00000| Untracked 
| 152|0x000000008f000000, 0x000000008f000000, 0x000000008f100000|  0%| F|  |TAMS 0x000000008f000000, 0x000000008f000000| Untracked 
| 153|0x000000008f100000, 0x000000008f100000, 0x000000008f200000|  0%| F|  |TAMS 0x000000008f100000, 0x000000008f100000| Untracked 
| 154|0x000000008f200000, 0x000000008f200000, 0x000000008f300000|  0%| F|  |TAMS 0x000000008f200000, 0x000000008f200000| Untracked 
| 155|0x000000008f300000, 0x000000008f300000, 0x000000008f400000|  0%| F|  |TAMS 0x000000008f300000, 0x000000008f300000| Untracked 
| 156|0x000000008f400000, 0x000000008f400000, 0x000000008f500000|  0%| F|  |TAMS 0x000000008f400000, 0x000000008f400000| Untracked 
| 157|0x000000008f500000, 0x000000008f500000, 0x000000008f600000|  0%| F|  |TAMS 0x000000008f500000, 0x000000008f500000| Untracked 
| 158|0x000000008f600000, 0x000000008f600000, 0x000000008f700000|  0%| F|  |TAMS 0x000000008f600000, 0x000000008f600000| Untracked 
| 159|0x000000008f700000, 0x000000008f700000, 0x000000008f800000|  0%| F|  |TAMS 0x000000008f700000, 0x000000008f700000| Untracked 
| 160|0x000000008f800000, 0x000000008f800000, 0x000000008f900000|  0%| F|  |TAMS 0x000000008f800000, 0x000000008f800000| Untracked 
| 161|0x000000008f900000, 0x000000008f900000, 0x000000008fa00000|  0%| F|  |TAMS 0x000000008f900000, 0x000000008f900000| Untracked 
| 162|0x000000008fa00000, 0x000000008fa00000, 0x000000008fb00000|  0%| F|  |TAMS 0x000000008fa00000, 0x000000008fa00000| Untracked 
| 163|0x000000008fb00000, 0x000000008fb00000, 0x000000008fc00000|  0%| F|  |TAMS 0x000000008fb00000, 0x000000008fb00000| Untracked 
| 164|0x000000008fc00000, 0x000000008fc80800, 0x000000008fd00000| 50%| E|  |TAMS 0x000000008fc00000, 0x000000008fc00000| Complete 
| 165|0x000000008fd00000, 0x000000008fe00000, 0x000000008fe00000|100%| E|CS|TAMS 0x000000008fd00000, 0x000000008fd00000| Complete 
| 166|0x000000008fe00000, 0x000000008ff00000, 0x000000008ff00000|100%| E|CS|TAMS 0x000000008fe00000, 0x000000008fe00000| Complete 

Card table byte_map: [0x000001eb14cf0000,0x000001eb150d0000] _byte_map_base: 0x000001eb148c4000

Marking Bits (Prev, Next): (CMBitMap*) 0x000001eb7f8fbf98, (CMBitMap*) 0x000001eb7f8fbfd0
 Prev Bits: [0x000001eb154b0000, 0x000001eb17350000)
 Next Bits: [0x000001eb17350000, 0x000001eb191f0000)

Polling page: 0x000001eb01410000

Metaspace:

Usage:
  Non-class:     39.79 MB capacity,    39.51 MB (>99%) used,   215.67 KB ( <1%) free+waste,    66.12 KB ( <1%) overhead. 
      Class:      5.47 MB capacity,     5.26 MB ( 96%) used,   189.41 KB (  3%) free+waste,    28.94 KB ( <1%) overhead. 
       Both:     45.26 MB capacity,    44.77 MB ( 99%) used,   405.08 KB ( <1%) free+waste,    95.06 KB ( <1%) overhead. 

Virtual space:
  Non-class space:       40.00 MB reserved,      39.91 MB (>99%) committed 
      Class space:        1.00 GB reserved,       5.62 MB ( <1%) committed 
             Both:        1.04 GB reserved,      45.53 MB (  4%) committed 

Chunk freelists:
   Non-Class:  59.00 KB
       Class:  31.00 KB
        Both:  90.00 KB

MaxMetaspaceSize: 17179869184.00 GB
CompressedClassSpaceSize: 1.00 GB
Initial GC threshold: 20.80 MB
Current GC threshold: 59.00 MB
CDS: off

CodeHeap 'non-profiled nmethods': size=120000Kb used=1365Kb max_used=1365Kb free=118634Kb
 bounds [0x000001eb0c950000, 0x000001eb0cbc0000, 0x000001eb13e80000]
CodeHeap 'profiled nmethods': size=120000Kb used=6017Kb max_used=6017Kb free=113982Kb
 bounds [0x000001eb05420000, 0x000001eb05a10000, 0x000001eb0c950000]
CodeHeap 'non-nmethods': size=5760Kb used=1276Kb max_used=1316Kb free=4484Kb
 bounds [0x000001eb04e80000, 0x000001eb050f0000, 0x000001eb05420000]
 total_blobs=3678 nmethods=3124 adapters=465
 compilation: enabled
              stopped_count=0, restarted_count=0
 full_count=0

Compilation events (20 events):
Event: 2.792 Thread 0x000001eb1c652000 3123       1       org.jetbrains.kotlin.com.intellij.mock.MockComponentManager::isDisposed (5 bytes)
Event: 2.792 Thread 0x000001eb1c652000 nmethod 3123 0x000001eb0caa4810 code [0x000001eb0caa49c0, 0x000001eb0caa4a78]
Event: 2.794 Thread 0x000001eb1c652000 3124       3       org.jetbrains.kotlin.com.intellij.extapi.psi.StubBasedPsiElementBase::getNode (122 bytes)
Event: 2.795 Thread 0x000001eb1c652000 nmethod 3124 0x000001eb059f8b10 code [0x000001eb059f8de0, 0x000001eb059f9c28]
Event: 2.795 Thread 0x000001eb1c652000 3125       3       org.jetbrains.kotlin.com.intellij.psi.impl.source.SubstrateRef$2::getNode (13 bytes)
Event: 2.796 Thread 0x000001eb1c652000 nmethod 3125 0x000001eb059f9f10 code [0x000001eb059fa0c0, 0x000001eb059fa248]
Event: 2.807 Thread 0x000001eb1c652000 3126       3       org.jetbrains.kotlin.com.intellij.util.containers.ConcurrentIntObjectHashMap$Node::<init> (26 bytes)
Event: 2.808 Thread 0x000001eb1c652000 nmethod 3126 0x000001eb059fa310 code [0x000001eb059fa4c0, 0x000001eb059fa6f8]
Event: 2.825 Thread 0x000001eb1c652000 3127       1       org.jetbrains.kotlin.resolve.ImportPath::isAllUnder (5 bytes)
Event: 2.825 Thread 0x000001eb1c652000 nmethod 3127 0x000001eb0caa4b10 code [0x000001eb0caa4cc0, 0x000001eb0caa4d78]
Event: 2.833 Thread 0x000001eb1c652000 3128   !   3       org.jetbrains.kotlin.com.intellij.util.concurrency.AtomicFieldUpdater::compareAndSet (35 bytes)
Event: 2.834 Thread 0x000001eb1c652000 nmethod 3128 0x000001eb059fa810 code [0x000001eb059faa60, 0x000001eb059fb3d8]
Event: 2.840 Thread 0x000001eb1c652000 3129       3       java.lang.invoke.DirectMethodHandle::preparedLambdaForm (31 bytes)
Event: 2.841 Thread 0x000001eb1c652000 nmethod 3129 0x000001eb059fb710 code [0x000001eb059fb900, 0x000001eb059fbb28]
Event: 2.846 Thread 0x000001eb1c652000 3130       1       kotlin.ranges.IntProgressionIterator::hasNext (5 bytes)
Event: 2.846 Thread 0x000001eb1c652000 nmethod 3130 0x000001eb0caa4e10 code [0x000001eb0caa4fc0, 0x000001eb0caa5078]
Event: 2.846 Thread 0x000001eb1c652000 3131       3       gnu.trove.TObjectHash::index (146 bytes)
Event: 2.847 Thread 0x000001eb1c652000 nmethod 3131 0x000001eb059fbc90 code [0x000001eb059fbea0, 0x000001eb059fc668]
Event: 2.847 Thread 0x000001eb1c652000 3132       3       org.jetbrains.kotlin.com.intellij.openapi.vfs.VirtualFile::nameEquals (18 bytes)
Event: 2.847 Thread 0x000001eb1c652000 nmethod 3132 0x000001eb059fc910 code [0x000001eb059fcb00, 0x000001eb059fcdc8]

GC Heap History (10 events):
Event: 0.536 GC heap before
{Heap before GC invocations=0 (full 0):
 garbage-first heap   total 126976K, used 28672K [0x0000000085800000, 0x0000000100000000)
  region size 1024K, 24 young (24576K), 0 survivors (0K)
 Metaspace       used 12142K, capacity 12280K, committed 12544K, reserved 1060864K
  class space    used 1120K, capacity 1175K, committed 1280K, reserved 1048576K
}
Event: 0.539 GC heap after
{Heap after GC invocations=1 (full 0):
 garbage-first heap   total 126976K, used 6690K [0x0000000085800000, 0x0000000100000000)
  region size 1024K, 3 young (3072K), 3 survivors (3072K)
 Metaspace       used 12142K, capacity 12280K, committed 12544K, reserved 1060864K
  class space    used 1120K, capacity 1175K, committed 1280K, reserved 1048576K
}
Event: 1.093 GC heap before
{Heap before GC invocations=1 (full 0):
 garbage-first heap   total 126976K, used 45602K [0x0000000085800000, 0x0000000100000000)
  region size 1024K, 42 young (43008K), 3 survivors (3072K)
 Metaspace       used 21047K, capacity 21200K, committed 21296K, reserved 1069056K
  class space    used 2227K, capacity 2308K, committed 2352K, reserved 1048576K
}
Event: 1.110 GC heap after
{Heap after GC invocations=2 (full 0):
 garbage-first heap   total 126976K, used 10566K [0x0000000085800000, 0x0000000100000000)
  region size 1024K, 7 young (7168K), 7 survivors (7168K)
 Metaspace       used 21047K, capacity 21200K, committed 21296K, reserved 1069056K
  class space    used 2227K, capacity 2308K, committed 2352K, reserved 1048576K
}
Event: 1.965 GC heap before
{Heap before GC invocations=3 (full 0):
 garbage-first heap   total 126976K, used 68934K [0x0000000085800000, 0x0000000100000000)
  region size 1024K, 58 young (59392K), 7 survivors (7168K)
 Metaspace       used 33251K, capacity 33668K, committed 33840K, reserved 1079296K
  class space    used 4119K, capacity 4305K, committed 4400K, reserved 1048576K
}
Event: 1.985 GC heap after
{Heap after GC invocations=4 (full 0):
 garbage-first heap   total 126976K, used 22936K [0x0000000085800000, 0x0000000100000000)
  region size 1024K, 8 young (8192K), 8 survivors (8192K)
 Metaspace       used 33251K, capacity 33668K, committed 33840K, reserved 1079296K
  class space    used 4119K, capacity 4305K, committed 4400K, reserved 1048576K
}
Event: 2.155 GC heap before
{Heap before GC invocations=4 (full 0):
 garbage-first heap   total 126976K, used 35224K [0x0000000085800000, 0x0000000100000000)
  region size 1024K, 21 young (21504K), 8 survivors (8192K)
 Metaspace       used 35447K, capacity 35855K, committed 35920K, reserved 1081344K
  class space    used 4337K, capacity 4501K, committed 4528K, reserved 1048576K
}
Event: 2.174 GC heap after
{Heap after GC invocations=5 (full 0):
 garbage-first heap   total 126976K, used 23365K [0x0000000085800000, 0x0000000100000000)
  region size 1024K, 3 young (3072K), 3 survivors (3072K)
 Metaspace       used 35447K, capacity 35855K, committed 35920K, reserved 1081344K
  class space    used 4337K, capacity 4501K, committed 4528K, reserved 1048576K
}
Event: 2.811 GC heap before
{Heap before GC invocations=6 (full 0):
 garbage-first heap   total 126976K, used 67397K [0x0000000085800000, 0x0000000100000000)
  region size 1024K, 46 young (47104K), 3 survivors (3072K)
 Metaspace       used 45192K, capacity 45722K, committed 45980K, reserved 1089536K
  class space    used 5286K, capacity 5501K, committed 5628K, reserved 1048576K
}
Event: 2.820 GC heap after
{Heap after GC invocations=7 (full 0):
 garbage-first heap   total 171008K, used 26482K [0x0000000085800000, 0x0000000100000000)
  region size 1024K, 6 young (6144K), 6 survivors (6144K)
 Metaspace       used 45192K, capacity 45722K, committed 45980K, reserved 1089536K
  class space    used 5286K, capacity 5501K, committed 5628K, reserved 1048576K
}

Deoptimization events (20 events):
Event: 2.629 Thread 0x000001eb7f8c1000 Uncommon trap: trap_request=0xffffff4d fr.pc=0x000001eb0c978168 relative=0x0000000000000c48
Event: 2.629 Thread 0x000001eb7f8c1000 Uncommon trap: reason=unstable_if action=reinterpret pc=0x000001eb0c978168 method=java.lang.StringCoding.encodeUTF8(B[BZ)[B @ 2 c2
Event: 2.629 Thread 0x000001eb7f8c1000 DEOPT PACKING pc=0x000001eb0c978168 sp=0x0000008ee9df5dc0
Event: 2.629 Thread 0x000001eb7f8c1000 DEOPT UNPACKING pc=0x000001eb04e885af sp=0x0000008ee9df5bb0 mode 2
Event: 2.629 Thread 0x000001eb7f8c1000 Uncommon trap: trap_request=0xffffff4d fr.pc=0x000001eb0ca05034 relative=0x0000000000000334
Event: 2.629 Thread 0x000001eb7f8c1000 Uncommon trap: reason=unstable_if action=reinterpret pc=0x000001eb0ca05034 method=sun.net.www.ParseUtil.firstEncodeIndex(Ljava/lang/String;)I @ 27 c2
Event: 2.629 Thread 0x000001eb7f8c1000 DEOPT PACKING pc=0x000001eb0ca05034 sp=0x0000008ee9df5f00
Event: 2.629 Thread 0x000001eb7f8c1000 DEOPT UNPACKING pc=0x000001eb04e885af sp=0x0000008ee9df5d68 mode 2
Event: 2.629 Thread 0x000001eb7f8c1000 Uncommon trap: trap_request=0xffffff4d fr.pc=0x000001eb0ca198b8 relative=0x0000000000000198
Event: 2.629 Thread 0x000001eb7f8c1000 Uncommon trap: reason=unstable_if action=reinterpret pc=0x000001eb0ca198b8 method=java.lang.String.indexOf(II)I @ 4 c2
Event: 2.629 Thread 0x000001eb7f8c1000 DEOPT PACKING pc=0x000001eb0ca198b8 sp=0x0000008ee9df5bd0
Event: 2.629 Thread 0x000001eb7f8c1000 DEOPT UNPACKING pc=0x000001eb04e885af sp=0x0000008ee9df5b80 mode 2
Event: 2.629 Thread 0x000001eb7f8c1000 Uncommon trap: trap_request=0xffffff4d fr.pc=0x000001eb0ca2c0b0 relative=0x0000000000000190
Event: 2.629 Thread 0x000001eb7f8c1000 Uncommon trap: reason=unstable_if action=reinterpret pc=0x000001eb0ca2c0b0 method=java.lang.String.startsWith(Ljava/lang/String;I)Z @ 46 c2
Event: 2.629 Thread 0x000001eb7f8c1000 DEOPT PACKING pc=0x000001eb0ca2c0b0 sp=0x0000008ee9df5cd0
Event: 2.629 Thread 0x000001eb7f8c1000 DEOPT UNPACKING pc=0x000001eb04e885af sp=0x0000008ee9df5c38 mode 2
Event: 2.629 Thread 0x000001eb7f8c1000 Uncommon trap: trap_request=0xffffff4d fr.pc=0x000001eb0ca8d4a4 relative=0x0000000000000644
Event: 2.629 Thread 0x000001eb7f8c1000 Uncommon trap: reason=unstable_if action=reinterpret pc=0x000001eb0ca8d4a4 method=java.lang.String.lastIndexOf(II)I @ 4 c2
Event: 2.629 Thread 0x000001eb7f8c1000 DEOPT PACKING pc=0x000001eb0ca8d4a4 sp=0x0000008ee9df5d40
Event: 2.629 Thread 0x000001eb7f8c1000 DEOPT UNPACKING pc=0x000001eb04e885af sp=0x0000008ee9df5c30 mode 2

Classes redefined (0 events):
No events

Internal exceptions (20 events):
Event: 1.066 Thread 0x000001eb7f8c1000 Exception <a 'java/lang/NoSuchMethodError'{0x000000008ac2f9c8}: 'long java.lang.invoke.DirectMethodHandle$Holder.invokeStatic(java.lang.Object)'> (0x000000008ac2f9c8) thrown at [src/hotspot/share/interpreter/linkResolver.cpp, line 773]
Event: 1.067 Thread 0x000001eb7f8c1000 Exception <a 'java/lang/NoSuchMethodError'{0x000000008ac32820}: 'long java.lang.invoke.DirectMethodHandle$Holder.invokeStaticInit(java.lang.Object)'> (0x000000008ac32820) thrown at [src/hotspot/share/interpreter/linkResolver.cpp, line 773]
Event: 1.085 Thread 0x000001eb7f8c1000 Exception <a 'java/lang/NoSuchMethodError'{0x000000008aba2870}: 'int java.lang.invoke.DirectMethodHandle$Holder.invokeSpecialIFC(java.lang.Object, java.lang.Object, int)'> (0x000000008aba2870) thrown at [src/hotspot/share/interpreter/linkResolver.cpp, line 773]
Event: 1.149 Thread 0x000001eb7f8c1000 Exception <a 'java/lang/NoSuchMethodError'{0x000000008d2cb308}: 'int java.lang.invoke.DirectMethodHandle$Holder.invokeStaticInit(java.lang.Object, java.lang.Object, java.lang.Object)'> (0x000000008d2cb308) thrown at [src/hotspot/share/interpreter/linkResolver.cpp, line 773]
Event: 1.156 Thread 0x000001eb7f8c1000 Exception <a 'java/lang/NoSuchMethodError'{0x000000008d2f69e8}: 'int java.lang.invoke.DirectMethodHandle$Holder.invokeStaticInit(java.lang.Object, java.lang.Object)'> (0x000000008d2f69e8) thrown at [src/hotspot/share/interpreter/linkResolver.cpp, line 773]
Event: 1.201 Thread 0x000001eb7f8c1000 Exception <a 'java/lang/NoSuchMethodError'{0x000000008cf0a5b8}: 'void java.lang.invoke.DirectMethodHandle$Holder.invokeSpecial(java.lang.Object, java.lang.Object)'> (0x000000008cf0a5b8) thrown at [src/hotspot/share/interpreter/linkResolver.cpp, line 773]
Event: 1.356 Thread 0x000001eb7f8c1000 Exception <a 'java/lang/NoSuchMethodError'{0x000000008c7bac60}: 'java.lang.Object java.lang.invoke.DirectMethodHandle$Holder.invokeStatic(java.lang.Object, java.lang.Object, java.lang.Object, java.lang.Object, java.lang.Object, java.lang.Object, java.lang.Object, java.lang.Object, java.lang.Object, java.lang.Object, java.lang.Object, java.lang.Object, java.lang.Object, java.lang.Object, java.lang.Object)'> (0x000000008c7bac60) thrown at [src/hotspot/share/interpreter/linkResolver.cpp, line 773]
Event: 1.356 Thread 0x000001eb7f8c1000 Exception <a 'java/lang/NoSuchMethodError'{0x000000008c7c8c68}: 'java.lang.Object java.lang.invoke.DirectMethodHandle$Holder.invokeStatic(java.lang.Object, java.lang.Object, java.lang.Object, java.lang.Object, java.lang.Object, java.lang.Object, java.lang.Object, java.lang.Object, java.lang.Object, java.lang.Object, java.lang.Object, java.lang.Object, java.lang.Object, java.lang.Object, java.lang.Object, java.lang.Object)'> (0x000000008c7c8c68) thrown at [src/hotspot/share/interpreter/linkResolver.cpp, lin
Event: 1.357 Thread 0x000001eb7f8c1000 Exception <a 'java/lang/NoSuchMethodError'{0x000000008c7d6b80}: 'java.lang.Object java.lang.invoke.DirectMethodHandle$Holder.invokeSpecial(java.lang.Object, java.lang.Object, int, int, java.lang.Object, java.lang.Object, java.lang.Object)'> (0x000000008c7d6b80) thrown at [src/hotspot/share/interpreter/linkResolver.cpp, line 773]
Event: 1.357 Thread 0x000001eb7f8c1000 Exception <a 'java/lang/NoSuchMethodError'{0x000000008c7da3b8}: 'java.lang.Object java.lang.invoke.DelegatingMethodHandle$Holder.reinvoke_L(java.lang.Object, int, int, java.lang.Object, java.lang.Object, java.lang.Object)'> (0x000000008c7da3b8) thrown at [src/hotspot/share/interpreter/linkResolver.cpp, line 773]
Event: 1.358 Thread 0x000001eb7f8c1000 Exception <a 'java/lang/NoSuchMethodError'{0x000000008c7de740}: 'java.lang.Object java.lang.invoke.DirectMethodHandle$Holder.invokeStatic(java.lang.Object, java.lang.Object, java.lang.Object, java.lang.Object, int)'> (0x000000008c7de740) thrown at [src/hotspot/share/interpreter/linkResolver.cpp, line 773]
Event: 1.388 Thread 0x000001eb7f8c1000 Exception <a 'java/lang/NoSuchMethodError'{0x000000008c5038a0}: 'void java.lang.invoke.DirectMethodHandle$Holder.invokeStatic(java.lang.Object, java.lang.Object, java.lang.Object, java.lang.Object)'> (0x000000008c5038a0) thrown at [src/hotspot/share/interpreter/linkResolver.cpp, line 773]
Event: 1.443 Thread 0x000001eb7f8c1000 Exception <a 'java/lang/NoSuchMethodError'{0x000000008c2e77f8}: 'void java.lang.invoke.DirectMethodHandle$Holder.invokeStaticInit(java.lang.Object, java.lang.Object)'> (0x000000008c2e77f8) thrown at [src/hotspot/share/interpreter/linkResolver.cpp, line 773]
Event: 1.503 Thread 0x000001eb7f8c1000 Exception <a 'java/lang/NoSuchMethodError'{0x000000008bd9ad80}: 'void java.lang.invoke.DirectMethodHandle$Holder.invokeVirtual(java.lang.Object, java.lang.Object)'> (0x000000008bd9ad80) thrown at [src/hotspot/share/interpreter/linkResolver.cpp, line 773]
Event: 1.512 Thread 0x000001eb7f8c1000 Exception <a 'java/lang/NoSuchMethodError'{0x000000008bc2eb10}: 'int java.lang.invoke.DirectMethodHandle$Holder.invokeVirtual(java.lang.Object, java.lang.Object)'> (0x000000008bc2eb10) thrown at [src/hotspot/share/interpreter/linkResolver.cpp, line 773]
Event: 2.115 Thread 0x000001eb7f8c1000 Exception <a 'java/lang/NoSuchMethodError'{0x000000008c91c0c8}: 'java.lang.Object java.lang.invoke.DirectMethodHandle$Holder.invokeVirtual(java.lang.Object, java.lang.Object, java.lang.Object)'> (0x000000008c91c0c8) thrown at [src/hotspot/share/interpreter/linkResolver.cpp, line 773]
Event: 2.693 Thread 0x000001eb7f8c1000 Exception <a 'java/lang/NoSuchMethodError'{0x000000008aa5aa10}: 'java.lang.Object java.lang.invoke.Invokers$Holder.linkToTargetMethod(java.lang.Object, int, java.lang.Object)'> (0x000000008aa5aa10) thrown at [src/hotspot/share/interpreter/linkResolver.cpp, line 773]
Event: 2.787 Thread 0x000001eb7f8c1000 Exception <a 'java/lang/NoSuchMethodError'{0x000000008a7beb88}: 'java.lang.Object java.lang.invoke.DirectMethodHandle$Holder.invokeStatic(java.lang.Object, java.lang.Object, java.lang.Object, int)'> (0x000000008a7beb88) thrown at [src/hotspot/share/interpreter/linkResolver.cpp, line 773]
Event: 2.787 Thread 0x000001eb7f8c1000 Exception <a 'java/lang/NoSuchMethodError'{0x000000008a7c27f8}: 'java.lang.Object java.lang.invoke.DirectMethodHandle$Holder.invokeSpecial(java.lang.Object, java.lang.Object, java.lang.Object, java.lang.Object, int)'> (0x000000008a7c27f8) thrown at [src/hotspot/share/interpreter/linkResolver.cpp, line 773]
Event: 2.787 Thread 0x000001eb7f8c1000 Exception <a 'java/lang/NoSuchMethodError'{0x000000008a7c5b08}: 'java.lang.Object java.lang.invoke.Invokers$Holder.linkToTargetMethod(java.lang.Object, java.lang.Object, int, java.lang.Object)'> (0x000000008a7c5b08) thrown at [src/hotspot/share/interpreter/linkResolver.cpp, line 773]

Events (20 events):
Event: 2.846 loading class org/jetbrains/kotlin/cli/jvm/index/JvmDependenciesIndexImpl$WhenMappings
Event: 2.846 loading class org/jetbrains/kotlin/cli/jvm/index/JvmDependenciesIndexImpl$WhenMappings done
Event: 2.846 loading class org/jetbrains/kotlin/cli/jvm/index/JvmDependenciesIndexImpl$FindClassRequest
Event: 2.846 loading class org/jetbrains/kotlin/cli/jvm/index/JvmDependenciesIndexImpl$FindClassRequest done
Event: 2.847 loading class org/jetbrains/kotlin/cli/jvm/compiler/KotlinCliJavaFileManagerImpl$findPackage$3
Event: 2.847 loading class org/jetbrains/kotlin/cli/jvm/compiler/KotlinCliJavaFileManagerImpl$findPackage$3 done
Event: 2.847 loading class org/jetbrains/kotlin/load/java/structure/impl/JavaPackageImpl
Event: 2.847 loading class org/jetbrains/kotlin/load/java/structure/impl/JavaPackageImpl done
Event: 2.848 loading class org/jetbrains/kotlin/load/java/structure/MapBasedJavaAnnotationOwner
Event: 2.848 loading class org/jetbrains/kotlin/load/java/structure/MapBasedJavaAnnotationOwner done
Event: 2.848 loading class org/jetbrains/kotlin/load/java/structure/impl/JavaElementImpl
Event: 2.848 loading class org/jetbrains/kotlin/load/java/structure/impl/JavaElementImpl done
Event: 2.848 loading class org/jetbrains/kotlin/load/java/structure/JavaElementsKt
Event: 2.848 loading class org/jetbrains/kotlin/load/java/structure/JavaElementsKt done
Event: 2.848 loading class org/jetbrains/kotlin/load/java/structure/JavaElementsKt$buildLazyValueForMap$1
Event: 2.848 loading class org/jetbrains/kotlin/load/java/structure/JavaElementsKt$buildLazyValueForMap$1 done
Event: 2.849 loading class org/jetbrains/kotlin/resolve/scopes/receivers/PackageQualifier
Event: 2.849 loading class org/jetbrains/kotlin/resolve/scopes/receivers/PackageQualifier done
Event: 2.849 loading class org/jetbrains/kotlin/resolve/scopes/receivers/QualifierKt
Event: 2.849 loading class org/jetbrains/kotlin/resolve/scopes/receivers/QualifierKt done


Dynamic libraries:
0x00007ff654c50000 - 0x00007ff654c5a000 	C:\Program Files\Android\Android Studio1\jbr\bin\java.exe
0x00007ffe39230000 - 0x00007ffe39428000 	C:\windows\SYSTEM32\ntdll.dll
0x00007ffe38030000 - 0x00007ffe380ed000 	C:\windows\System32\KERNEL32.DLL
0x00007ffe36a60000 - 0x00007ffe36d56000 	C:\windows\System32\KERNELBASE.dll
0x00007ffe36d90000 - 0x00007ffe36e90000 	C:\windows\System32\ucrtbase.dll
0x00007ffe2acf0000 - 0x00007ffe2ad0b000 	C:\Program Files\Android\Android Studio1\jbr\bin\VCRUNTIME140.dll
0x00007ffe2e350000 - 0x00007ffe2e367000 	C:\Program Files\Android\Android Studio1\jbr\bin\jli.dll
0x00007ffe388c0000 - 0x00007ffe38a5e000 	C:\windows\System32\USER32.dll
0x00007ffe36d60000 - 0x00007ffe36d82000 	C:\windows\System32\win32u.dll
0x00007ffe10b20000 - 0x00007ffe10dba000 	C:\windows\WinSxS\amd64_microsoft.windows.common-controls_6595b64144ccf1df_6.0.19041.3636_none_60b6a03d71f818d5\COMCTL32.dll
0x00007ffe38000000 - 0x00007ffe3802c000 	C:\windows\System32\GDI32.dll
0x00007ffe38a60000 - 0x00007ffe38afe000 	C:\windows\System32\msvcrt.dll
0x00007ffe37160000 - 0x00007ffe3727a000 	C:\windows\System32\gdi32full.dll
0x00007ffe37090000 - 0x00007ffe3712d000 	C:\windows\System32\msvcp_win.dll
0x00007ffe380f0000 - 0x00007ffe38120000 	C:\windows\System32\IMM32.DLL
0x00007ffe2ac90000 - 0x00007ffe2ac9c000 	C:\Program Files\Android\Android Studio1\jbr\bin\vcruntime140_1.dll
0x00007ffdf5900000 - 0x00007ffdf598d000 	C:\Program Files\Android\Android Studio1\jbr\bin\msvcp140.dll
0x00007ffded0c0000 - 0x00007ffdedc7c000 	C:\Program Files\Android\Android Studio1\jbr\bin\server\jvm.dll
0x00007ffe38e00000 - 0x00007ffe38eb3000 	C:\windows\System32\ADVAPI32.dll
0x00007ffe38f20000 - 0x00007ffe38fbf000 	C:\windows\System32\sechost.dll
0x00007ffe39040000 - 0x00007ffe39166000 	C:\windows\System32\RPCRT4.dll
0x00007ffe37130000 - 0x00007ffe37157000 	C:\windows\System32\bcrypt.dll
0x00007ffe39020000 - 0x00007ffe39028000 	C:\windows\System32\PSAPI.DLL
0x00007ffe311f0000 - 0x00007ffe311f9000 	C:\windows\SYSTEM32\WSOCK32.dll
0x00007ffe2d530000 - 0x00007ffe2d53a000 	C:\windows\SYSTEM32\VERSION.dll
0x00007ffe14090000 - 0x00007ffe140b7000 	C:\windows\SYSTEM32\WINMM.dll
0x00007ffe384f0000 - 0x00007ffe3855b000 	C:\windows\System32\WS2_32.dll
0x00007ffe35140000 - 0x00007ffe35152000 	C:\windows\SYSTEM32\kernel.appcore.dll
0x00007ffe31170000 - 0x00007ffe31180000 	C:\Program Files\Android\Android Studio1\jbr\bin\verify.dll
0x00007ffe346c0000 - 0x00007ffe348a4000 	C:\windows\SYSTEM32\DBGHELP.DLL
0x00007ffe172a0000 - 0x00007ffe172d4000 	C:\windows\SYSTEM32\dbgcore.DLL
0x00007ffe36ee0000 - 0x00007ffe36f62000 	C:\windows\System32\bcryptPrimitives.dll
0x00007ffe2d970000 - 0x00007ffe2d998000 	C:\Program Files\Android\Android Studio1\jbr\bin\java.dll
0x00007ffe2f8e0000 - 0x00007ffe2f8ea000 	C:\Program Files\Android\Android Studio1\jbr\bin\jimage.dll
0x00007ffe2d950000 - 0x00007ffe2d968000 	C:\Program Files\Android\Android Studio1\jbr\bin\zip.dll
0x00007ffe378b0000 - 0x00007ffe37ff5000 	C:\windows\System32\SHELL32.dll
0x00007ffe348b0000 - 0x00007ffe3504b000 	C:\windows\SYSTEM32\windows.storage.dll
0x00007ffe38560000 - 0x00007ffe388b4000 	C:\windows\System32\combase.dll
0x00007ffe36330000 - 0x00007ffe3635d000 	C:\windows\SYSTEM32\Wldp.dll
0x00007ffe38120000 - 0x00007ffe381cd000 	C:\windows\System32\SHCORE.dll
0x00007ffe39190000 - 0x00007ffe391e5000 	C:\windows\System32\shlwapi.dll
0x00007ffe36830000 - 0x00007ffe36855000 	C:\windows\SYSTEM32\profapi.dll
0x00007ffe2d930000 - 0x00007ffe2d949000 	C:\Program Files\Android\Android Studio1\jbr\bin\net.dll
0x00007ffe2e760000 - 0x00007ffe2e86a000 	C:\windows\SYSTEM32\WINHTTP.dll
0x00007ffe36090000 - 0x00007ffe360fa000 	C:\windows\system32\mswsock.dll
0x00007ffe2d910000 - 0x00007ffe2d923000 	C:\Program Files\Android\Android Studio1\jbr\bin\nio.dll

dbghelp: loaded successfully - version: 4.0.5 - missing functions: none
symbol engine: initialized successfully - sym options: 0x614 - pdb path: .;C:\Program Files\Android\Android Studio1\jbr\bin;C:\windows\SYSTEM32;C:\windows\WinSxS\amd64_microsoft.windows.common-controls_6595b64144ccf1df_6.0.19041.3636_none_60b6a03d71f818d5;C:\Program Files\Android\Android Studio1\jbr\bin\server

VM Arguments:
java_command: org.jetbrains.kotlin.cli.jvm.K2JVMCompiler @C:\Users\a\AndroidStudioProjects\JustEat\app\build\20240216_12543503926884639195.compiler.options
java_class_path (initial): C:\Users\a\.gradle\caches\modules-2\files-2.1\org.jetbrains.kotlin\kotlin-compiler-embeddable\1.8.0\eb9118d4bcceaa2a94b2ae2a33a4ddba7c9a947f\kotlin-compiler-embeddable-1.8.0.jar;C:\Users\a\.gradle\caches\modules-2\files-2.1\org.jetbrains.kotlin\kotlin-stdlib\1.8.0\1796921c7a3e2e2665a83e6c8d33399336cd39bc\kotlin-stdlib-1.8.0.jar;C:\Users\a\.gradle\caches\modules-2\files-2.1\org.jetbrains.kotlin\kotlin-script-runtime\1.8.0\b2f7e760d283cb339974851c222a4c1d48f2d3d\kotlin-script-runtime-1.8.0.jar;C:\Users\a\.gradle\caches\modules-2\files-2.1\org.jetbrains.kotlin\kotlin-reflect\1.6.10\1cbe9c92c12a94eea200d23c2bbaedaf3daf5132\kotlin-reflect-1.6.10.jar;C:\Users\a\.gradle\caches\modules-2\files-2.1\org.jetbrains.kotlin\kotlin-daemon-embeddable\1.8.0\d255216c551685dc3a7e852b53617f5f01aaaa5c\kotlin-daemon-embeddable-1.8.0.jar;C:\Users\a\.gradle\caches\modules-2\files-2.1\org.jetbrains.intellij.deps\trove4j\1.0.20200330\3afb14d5f9ceb459d724e907a21145e8ff394f02\trove4j-1.0.20200330.jar;C:\Users\a\.gradle\caches\modules-2\files-2.1\net.java.dev.jna\jna\5.6.0\330f2244e9030119ab3030fc3fededc86713d9cc\jna-5.6.0.jar;C:\Users\a\.gradle\caches\modules-2\files-2.1\org.jetbrains.kotlin\kotlin-stdlib-common\1.8.0\f7197e7cc76453ac59f8b0f8d5137cc600becd36\kotlin-stdlib-common-1.8.0.jar;C:\Users\a\.gradle\caches\modules-2\files-2.1\org.jetbrains\annotations\13.0\919f0dfe192fb4e063e7dacadee7f8bb9a2672a9\annotations-13.0.jar
Launcher Type: SUN_STANDARD

[Global flags]
     intx CICompilerCount                          = 4                                         {product} {ergonomic}
     uint ConcGCThreads                            = 2                                         {product} {ergonomic}
     uint G1ConcRefinementThreads                  = 8                                         {product} {ergonomic}
   size_t G1HeapRegionSize                         = 1048576                                   {product} {ergonomic}
    uintx GCDrainStackTargetSize                   = 64                                        {product} {ergonomic}
   size_t InitialHeapSize                          = 130023424                                 {product} {ergonomic}
   size_t MarkStackSize                            = 4194304                                   {product} {ergonomic}
   size_t MaxHeapSize                              = 2055208960                                {product} {ergonomic}
   size_t MaxNewSize                               = 1233125376                                {product} {ergonomic}
   size_t MinHeapDeltaBytes                        = 1048576                                   {product} {ergonomic}
    uintx NonNMethodCodeHeapSize                   = 5836300                                {pd product} {ergonomic}
    uintx NonProfiledCodeHeapSize                  = 122910970                              {pd product} {ergonomic}
    uintx ProfiledCodeHeapSize                     = 122910970                              {pd product} {ergonomic}
    uintx ReservedCodeCacheSize                    = 251658240                              {pd product} {ergonomic}
     bool SegmentedCodeCache                       = true                                      {product} {ergonomic}
     bool UseCompressedClassPointers               = true                                 {lp64_product} {ergonomic}
     bool UseCompressedOops                        = true                                 {lp64_product} {ergonomic}
     bool UseG1GC                                  = true                                      {product} {ergonomic}
     bool UseLargePagesIndividualAllocation        = false                                  {pd product} {ergonomic}

Logging:
Log output configuration:
 #0: stdout all=warning uptime,level,tags
 #1: stderr all=off uptime,level,tags

Environment Variables:
PATH=C:\python 3.10\Scripts\;C:\python 3.10\;C:\Program Files\Common Files\Oracle\Java\javapath;C:\windows\system32;C:\windows;C:\windows\System32\Wbem;C:\windows\System32\WindowsPowerShell\v1.0\;C:\windows\System32\OpenSSH\;C:\Program Files\Git\cmd;C:\MinGW\bin;C:\ProgramData\chocolatey\bin;C:\Program Files\MySQL\MySQL Server 8.0\bin;C:\Program Files\MySQL\MySQL Shell 8.0\bin\;C:\Users\a\AppData\Local\Microsoft\WindowsApps;C:\Users\a\AppData\Local\Programs\Microsoft VS Code\bin;C:\Program Files\JetBrains\IntelliJ IDEA Community Edition 2021.3.3\New folder\IntelliJ IDEA Community Edition 2021.3.3\bin;
USERNAME=a
OS=Windows_NT
PROCESSOR_IDENTIFIER=Intel64 Family 6 Model 140 Stepping 1, GenuineIntel



---------------  S Y S T E M  ---------------

OS: Windows 10 , 64 bit Build 19041 (10.0.19041.3636)
OS uptime: 0 days 19:33 hours

CPU:total 8 (initial active 8) (4 cores per cpu, 2 threads per core) family 6 model 140 stepping 1 microcode 0x9a, cmov, cx8, fxsr, mmx, sse, sse2, sse3, ssse3, sse4.1, sse4.2, popcnt, avx, avx2, aes, clmul, erms, 3dnowpref, lzcnt, ht, tsc, tscinvbit, bmi1, bmi2, adx, evex, sha, fma

Memory: 4k page, system-wide physical 7834M (307M free)
TotalPageFile size 10634M (AvailPageFile size 5M)
current process WorkingSet (physical memory assigned to process): 237M, peak: 238M
current process commit charge ("private bytes"): 356M, peak: 358M

vm_info: OpenJDK 64-Bit Server VM (11.0.15+0-b2043.56-9505619) for windows-amd64 JRE (11.0.15+0-b2043.56-9505619), built on Jan 19 2023 02:48:00 by "builduser" with unknown MS VC++:1929

END.
