#
# There is insufficient memory for the Java Runtime Environment to continue.
# Native memory allocation (mmap) failed to map 40894464 bytes for Failed to commit area from 0x000000008d400000 to 0x000000008fb00000 of length 40894464.
# Possible reasons:
#   The system is out of physical RAM or swap space
#   The process is running with CompressedOops enabled, and the Java Heap may be blocking the growth of the native heap
# Possible solutions:
#   Reduce memory load on the system
#   Increase physical memory or swap space
#   Check if swap backing store is full
#   Decrease Java heap size (-Xmx/-Xms)
#   Decrease number of Java threads
#   Decrease Java thread stack sizes (-Xss)
#   Set larger code cache with -XX:ReservedCodeCacheSize=
#   JVM is running with Unscaled Compressed Oops mode in which the Java heap is
#     placed in the first 4GB address space. The Java Heap base address is the
#     maximum limit for the native heap growth. Please use -XX:HeapBaseMinAddress
#     to set the Java Heap base and to place the Java Heap above 4GB virtual address.
# This output file may be truncated or incomplete.
#
#  Out of Memory Error (src/hotspot/os/windows/os_windows.cpp:3627), pid=14196, tid=10376
#
# JRE version: OpenJDK Runtime Environment (11.0.15) (build 11.0.15+0-b2043.56-9505619)
# Java VM: OpenJDK 64-Bit Server VM (11.0.15+0-b2043.56-9505619, mixed mode, tiered, compressed oops, g1 gc, windows-amd64)
# No core dump will be written. Minidumps are not enabled by default on client versions of Windows
#

---------------  S U M M A R Y ------------

Command Line: org.jetbrains.kotlin.cli.jvm.K2JVMCompiler @C:\Users\a\AndroidStudioProjects\JustEat\app\build\20240215_5168501029732436649.compiler.options

Host: 11th Gen Intel(R) Core(TM) i5-1135G7 @ 2.40GHz, 8 cores, 7G,  Windows 10 , 64 bit Build 19041 (10.0.19041.3636)
Time: Thu Feb 15 14:58:45 2024 India Standard Time elapsed time: 3.064690 seconds (0d 0h 0m 3s)

---------------  T H R E A D  ---------------

Current thread (0x0000026937a94000):  VMThread "VM Thread" [stack: 0x000000b144c00000,0x000000b144d00000] [id=10376]

Stack: [0x000000b144c00000,0x000000b144d00000]
[error occurred during error reporting (printing stack bounds), id 0xc0000005, EXCEPTION_ACCESS_VIOLATION (0xc0000005) at pc=0x00000269214212e7]

Native frames: (J=compiled Java code, j=interpreted, Vv=VM code, C=native code)
V  [jvm.dll+0x64135a]
V  [jvm.dll+0x7d39f9]
V  [jvm.dll+0x7d51b9]
V  [jvm.dll+0x7d5805]
V  [jvm.dll+0x7d57bb]
V  [jvm.dll+0x640655]
V  [jvm.dll+0x640d68]
C  [ntdll.dll+0xa23af]
C  [ntdll.dll+0x514b4]
C  [ntdll.dll+0xa0ebe]
C  0x00000269214212e7

VM_Operation (0x000000b1446fbc50): G1CollectForAllocation, mode: safepoint, requested by thread 0x000002691d8f9000


---------------  P R O C E S S  ---------------

Threads class SMR info:
_java_thread_list=0x0000026938bf64f0, length=12, elements={
0x000002691d8f9000, 0x0000026937a98000, 0x0000026937aa3800, 0x0000026938409000,
0x000002693840c800, 0x000002693840d800, 0x000002693840f800, 0x0000026938413000,
0x0000026937ab8000, 0x0000026938574000, 0x00000269385bf800, 0x000002693d2db000
}

Java Threads: ( => current thread )
  0x000002691d8f9000 JavaThread "main" [_thread_blocked, id=1520, stack(0x000000b144600000,0x000000b144700000)]
  0x0000026937a98000 JavaThread "Reference Handler" daemon [_thread_blocked, id=11316, stack(0x000000b144d00000,0x000000b144e00000)]
  0x0000026937aa3800 JavaThread "Finalizer" daemon [_thread_blocked, id=9328, stack(0x000000b144e00000,0x000000b144f00000)]
  0x0000026938409000 JavaThread "Signal Dispatcher" daemon [_thread_blocked, id=11000, stack(0x000000b144f00000,0x000000b145000000)]
  0x000002693840c800 JavaThread "Attach Listener" daemon [_thread_blocked, id=14112, stack(0x000000b145000000,0x000000b145100000)]
  0x000002693840d800 JavaThread "Service Thread" daemon [_thread_blocked, id=3588, stack(0x000000b145100000,0x000000b145200000)]
  0x000002693840f800 JavaThread "C2 CompilerThread0" daemon [_thread_in_native, id=11712, stack(0x000000b145200000,0x000000b145300000)]
  0x0000026938413000 JavaThread "C1 CompilerThread0" daemon [_thread_blocked, id=17096, stack(0x000000b145300000,0x000000b145400000)]
  0x0000026937ab8000 JavaThread "Sweeper thread" daemon [_thread_blocked, id=7648, stack(0x000000b145400000,0x000000b145500000)]
  0x0000026938574000 JavaThread "Common-Cleaner" daemon [_thread_blocked, id=6356, stack(0x000000b145600000,0x000000b145700000)]
  0x00000269385bf800 JavaThread "C2 CompilerThread1" daemon [_thread_in_native, id=588, stack(0x000000b145700000,0x000000b145800000)]
  0x000002693d2db000 JavaThread "C2 CompilerThread2" daemon [_thread_blocked, id=11792, stack(0x000000b145800000,0x000000b145900000)]

Other Threads:
=>0x0000026937a94000 VMThread "VM Thread" [stack: 0x000000b144c00000,0x000000b144d00000] [id=10376]
  0x000002693856b000 WatcherThread [stack: 0x000000b145500000,0x000000b145600000] [id=9804]
  0x000002691d90f800 GCTaskThread "GC Thread#0" [stack: 0x000000b144700000,0x000000b144800000] [id=6492]
  0x0000026938c8f000 GCTaskThread "GC Thread#1" [stack: 0x000000b145900000,0x000000b145a00000] [id=12560]
  0x000002691d941800 ConcurrentGCThread "G1 Main Marker" [stack: 0x000000b144800000,0x000000b144900000] [id=10024]
  0x000002691d942800 ConcurrentGCThread "G1 Conc#0" [stack: 0x000000b144900000,0x000000b144a00000] [id=15500]
  0x0000026938e32800 ConcurrentGCThread "G1 Conc#1" [stack: 0x000000b145a00000,0x000000b145b00000] [id=12172]
  0x000002691d9ce000 ConcurrentGCThread "G1 Refine#0" [stack: 0x000000b144a00000,0x000000b144b00000] [id=6932]
  0x00000269378c6800 ConcurrentGCThread "G1 Young RemSet Sampling" [stack: 0x000000b144b00000,0x000000b144c00000] [id=5096]

Threads with active compile tasks:
C2 CompilerThread0     3071 2999       4       jdk.internal.loader.ClassLoaders$AppClassLoader::loadClass (40 bytes)
C2 CompilerThread1     3071 2934       4       java.lang.ClassLoader::loadClass (7 bytes)
C2 CompilerThread2     3071 3119       4       jdk.internal.ref.PhantomCleanable::clean (16 bytes)

VM state:at safepoint (normal execution)

VM Mutex/Monitor currently owned by a thread:  ([mutex/lock_event])
[0x000002691d8f4800] Threads_lock - owner thread: 0x0000026937a94000
[0x000002691d8f5f10] Heap_lock - owner thread: 0x000002691d8f9000

Heap address: 0x0000000085800000, size: 1960 MB, Compressed Oops mode: 32-bit
Narrow klass base: 0x0000000000000000, Narrow klass shift: 3
Compressed class space size: 1073741824 Address: 0x0000000100000000

Heap:
 garbage-first heap   total 166912K, used 26809K [0x0000000085800000, 0x0000000100000000)
  region size 1024K, 6 young (6144K), 6 survivors (6144K)
 Metaspace       used 45297K, capacity 45760K, committed 45980K, reserved 1089536K
  class space    used 5301K, capacity 5511K, committed 5628K, reserved 1048576K
Heap Regions: E=young(eden), S=young(survivor), O=old, HS=humongous(starts), HC=humongous(continues), CS=collection set, F=free, A=archive, TAMS=top-at-mark-start (previous, next)
|   0|0x0000000085800000, 0x0000000085900000, 0x0000000085900000|100%|HS|  |TAMS 0x0000000085900000, 0x0000000085800000| Complete 
|   1|0x0000000085900000, 0x0000000085a00000, 0x0000000085a00000|100%|HC|  |TAMS 0x0000000085a00000, 0x0000000085900000| Complete 
|   2|0x0000000085a00000, 0x0000000085b00000, 0x0000000085b00000|100%|HC|  |TAMS 0x0000000085b00000, 0x0000000085a00000| Complete 
|   3|0x0000000085b00000, 0x0000000085c00000, 0x0000000085c00000|100%|HC|  |TAMS 0x0000000085c00000, 0x0000000085b00000| Complete 
|   4|0x0000000085c00000, 0x0000000085d00000, 0x0000000085d00000|100%|HS|  |TAMS 0x0000000085d00000, 0x0000000085c00000| Complete 
|   5|0x0000000085d00000, 0x0000000085e00000, 0x0000000085e00000|100%|HC|  |TAMS 0x0000000085e00000, 0x0000000085d00000| Complete 
|   6|0x0000000085e00000, 0x0000000085f00000, 0x0000000085f00000|100%|HC|  |TAMS 0x0000000085f00000, 0x0000000085e00000| Complete 
|   7|0x0000000085f00000, 0x0000000086000000, 0x0000000086000000|100%|HC|  |TAMS 0x0000000086000000, 0x0000000085f00000| Complete 
|   8|0x0000000086000000, 0x0000000086000000, 0x0000000086100000|  0%| F|  |TAMS 0x0000000086000000, 0x0000000086000000| Untracked 
|   9|0x0000000086100000, 0x0000000086100000, 0x0000000086200000|  0%| F|  |TAMS 0x0000000086100000, 0x0000000086100000| Untracked 
|  10|0x0000000086200000, 0x0000000086300000, 0x0000000086300000|100%| O|  |TAMS 0x0000000086300000, 0x0000000086200000| Untracked 
|  11|0x0000000086300000, 0x0000000086400000, 0x0000000086400000|100%| O|  |TAMS 0x0000000086400000, 0x0000000086300000| Untracked 
|  12|0x0000000086400000, 0x0000000086500000, 0x0000000086500000|100%| O|  |TAMS 0x0000000086500000, 0x0000000086400000| Untracked 
|  13|0x0000000086500000, 0x0000000086600000, 0x0000000086600000|100%| O|  |TAMS 0x0000000086600000, 0x0000000086500000| Untracked 
|  14|0x0000000086600000, 0x0000000086700000, 0x0000000086700000|100%| O|  |TAMS 0x0000000086700000, 0x0000000086600000| Untracked 
|  15|0x0000000086700000, 0x0000000086800000, 0x0000000086800000|100%| O|  |TAMS 0x0000000086800000, 0x0000000086700000| Untracked 
|  16|0x0000000086800000, 0x0000000086900000, 0x0000000086900000|100%| O|  |TAMS 0x0000000086900000, 0x0000000086800000| Untracked 
|  17|0x0000000086900000, 0x0000000086a00000, 0x0000000086a00000|100%| O|  |TAMS 0x0000000086a00000, 0x0000000086900000| Untracked 
|  18|0x0000000086a00000, 0x0000000086b00000, 0x0000000086b00000|100%| O|  |TAMS 0x0000000086b00000, 0x0000000086a00000| Untracked 
|  19|0x0000000086b00000, 0x0000000086c00000, 0x0000000086c00000|100%| O|  |TAMS 0x0000000086c00000, 0x0000000086b00000| Untracked 
|  20|0x0000000086c00000, 0x0000000086d00000, 0x0000000086d00000|100%| O|  |TAMS 0x0000000086d00000, 0x0000000086c00000| Untracked 
|  21|0x0000000086d00000, 0x0000000086e00000, 0x0000000086e00000|100%| O|  |TAMS 0x0000000086e00000, 0x0000000086d00000| Untracked 
|  22|0x0000000086e00000, 0x0000000086e3ac00, 0x0000000086f00000| 22%| O|  |TAMS 0x0000000086e3ac00, 0x0000000086e00000| Untracked 
|  23|0x0000000086f00000, 0x0000000086f00000, 0x0000000087000000|  0%| F|  |TAMS 0x0000000086f00000, 0x0000000086f00000| Untracked 
|  24|0x0000000087000000, 0x0000000087000000, 0x0000000087100000|  0%| F|  |TAMS 0x0000000087000000, 0x0000000087000000| Untracked 
|  25|0x0000000087100000, 0x0000000087100000, 0x0000000087200000|  0%| F|  |TAMS 0x0000000087100000, 0x0000000087100000| Untracked 
|  26|0x0000000087200000, 0x0000000087200000, 0x0000000087300000|  0%| F|  |TAMS 0x0000000087200000, 0x0000000087200000| Untracked 
|  27|0x0000000087300000, 0x0000000087300000, 0x0000000087400000|  0%| F|  |TAMS 0x0000000087300000, 0x0000000087300000| Untracked 
|  28|0x0000000087400000, 0x0000000087400000, 0x0000000087500000|  0%| F|  |TAMS 0x0000000087400000, 0x0000000087400000| Untracked 
|  29|0x0000000087500000, 0x0000000087500000, 0x0000000087600000|  0%| F|  |TAMS 0x0000000087500000, 0x0000000087500000| Untracked 
|  30|0x0000000087600000, 0x0000000087600000, 0x0000000087700000|  0%| F|  |TAMS 0x0000000087600000, 0x0000000087600000| Untracked 
|  31|0x0000000087700000, 0x0000000087700000, 0x0000000087800000|  0%| F|  |TAMS 0x0000000087700000, 0x0000000087700000| Untracked 
|  32|0x0000000087800000, 0x0000000087800000, 0x0000000087900000|  0%| F|  |TAMS 0x0000000087800000, 0x0000000087800000| Untracked 
|  33|0x0000000087900000, 0x0000000087900000, 0x0000000087a00000|  0%| F|  |TAMS 0x0000000087900000, 0x0000000087900000| Untracked 
|  34|0x0000000087a00000, 0x0000000087a00000, 0x0000000087b00000|  0%| F|  |TAMS 0x0000000087a00000, 0x0000000087a00000| Untracked 
|  35|0x0000000087b00000, 0x0000000087b00000, 0x0000000087c00000|  0%| F|  |TAMS 0x0000000087b00000, 0x0000000087b00000| Untracked 
|  36|0x0000000087c00000, 0x0000000087c00000, 0x0000000087d00000|  0%| F|  |TAMS 0x0000000087c00000, 0x0000000087c00000| Untracked 
|  37|0x0000000087d00000, 0x0000000087d00000, 0x0000000087e00000|  0%| F|  |TAMS 0x0000000087d00000, 0x0000000087d00000| Untracked 
|  38|0x0000000087e00000, 0x0000000087e00000, 0x0000000087f00000|  0%| F|  |TAMS 0x0000000087e00000, 0x0000000087e00000| Untracked 
|  39|0x0000000087f00000, 0x0000000087f00000, 0x0000000088000000|  0%| F|  |TAMS 0x0000000087f00000, 0x0000000087f00000| Untracked 
|  40|0x0000000088000000, 0x0000000088000000, 0x0000000088100000|  0%| F|  |TAMS 0x0000000088000000, 0x0000000088000000| Untracked 
|  41|0x0000000088100000, 0x0000000088100000, 0x0000000088200000|  0%| F|  |TAMS 0x0000000088100000, 0x0000000088100000| Untracked 
|  42|0x0000000088200000, 0x0000000088200000, 0x0000000088300000|  0%| F|  |TAMS 0x0000000088200000, 0x0000000088200000| Untracked 
|  43|0x0000000088300000, 0x0000000088300000, 0x0000000088400000|  0%| F|  |TAMS 0x0000000088300000, 0x0000000088300000| Untracked 
|  44|0x0000000088400000, 0x0000000088400000, 0x0000000088500000|  0%| F|  |TAMS 0x0000000088400000, 0x0000000088400000| Untracked 
|  45|0x0000000088500000, 0x0000000088500000, 0x0000000088600000|  0%| F|  |TAMS 0x0000000088500000, 0x0000000088500000| Untracked 
|  46|0x0000000088600000, 0x0000000088600000, 0x0000000088700000|  0%| F|  |TAMS 0x0000000088600000, 0x0000000088600000| Untracked 
|  47|0x0000000088700000, 0x0000000088700000, 0x0000000088800000|  0%| F|  |TAMS 0x0000000088700000, 0x0000000088700000| Untracked 
|  48|0x0000000088800000, 0x0000000088800000, 0x0000000088900000|  0%| F|  |TAMS 0x0000000088800000, 0x0000000088800000| Untracked 
|  49|0x0000000088900000, 0x0000000088900000, 0x0000000088a00000|  0%| F|  |TAMS 0x0000000088900000, 0x0000000088900000| Untracked 
|  50|0x0000000088a00000, 0x0000000088a00000, 0x0000000088b00000|  0%| F|  |TAMS 0x0000000088a00000, 0x0000000088a00000| Untracked 
|  51|0x0000000088b00000, 0x0000000088b00000, 0x0000000088c00000|  0%| F|  |TAMS 0x0000000088b00000, 0x0000000088b00000| Untracked 
|  52|0x0000000088c00000, 0x0000000088c00000, 0x0000000088d00000|  0%| F|  |TAMS 0x0000000088c00000, 0x0000000088c00000| Untracked 
|  53|0x0000000088d00000, 0x0000000088d00000, 0x0000000088e00000|  0%| F|  |TAMS 0x0000000088d00000, 0x0000000088d00000| Untracked 
|  54|0x0000000088e00000, 0x0000000088e00000, 0x0000000088f00000|  0%| F|  |TAMS 0x0000000088e00000, 0x0000000088e00000| Untracked 
|  55|0x0000000088f00000, 0x0000000088f00000, 0x0000000089000000|  0%| F|  |TAMS 0x0000000088f00000, 0x0000000088f00000| Untracked 
|  56|0x0000000089000000, 0x0000000089000000, 0x0000000089100000|  0%| F|  |TAMS 0x0000000089000000, 0x0000000089000000| Untracked 
|  57|0x0000000089100000, 0x0000000089100000, 0x0000000089200000|  0%| F|  |TAMS 0x0000000089100000, 0x0000000089100000| Untracked 
|  58|0x0000000089200000, 0x0000000089200000, 0x0000000089300000|  0%| F|  |TAMS 0x0000000089200000, 0x0000000089200000| Untracked 
|  59|0x0000000089300000, 0x0000000089300000, 0x0000000089400000|  0%| F|  |TAMS 0x0000000089300000, 0x0000000089300000| Untracked 
|  60|0x0000000089400000, 0x0000000089400000, 0x0000000089500000|  0%| F|  |TAMS 0x0000000089400000, 0x0000000089400000| Untracked 
|  61|0x0000000089500000, 0x0000000089500000, 0x0000000089600000|  0%| F|  |TAMS 0x0000000089500000, 0x0000000089500000| Untracked 
|  62|0x0000000089600000, 0x0000000089600000, 0x0000000089700000|  0%| F|  |TAMS 0x0000000089600000, 0x0000000089600000| Untracked 
|  63|0x0000000089700000, 0x0000000089700000, 0x0000000089800000|  0%| F|  |TAMS 0x0000000089700000, 0x0000000089700000| Untracked 
|  64|0x0000000089800000, 0x0000000089800000, 0x0000000089900000|  0%| F|  |TAMS 0x0000000089800000, 0x0000000089800000| Untracked 
|  65|0x0000000089900000, 0x0000000089900000, 0x0000000089a00000|  0%| F|  |TAMS 0x0000000089900000, 0x0000000089900000| Untracked 
|  66|0x0000000089a00000, 0x0000000089a00000, 0x0000000089b00000|  0%| F|  |TAMS 0x0000000089a00000, 0x0000000089a00000| Untracked 
|  67|0x0000000089b00000, 0x0000000089b00000, 0x0000000089c00000|  0%| F|  |TAMS 0x0000000089b00000, 0x0000000089b00000| Untracked 
|  68|0x0000000089c00000, 0x0000000089c00000, 0x0000000089d00000|  0%| F|  |TAMS 0x0000000089c00000, 0x0000000089c00000| Untracked 
|  69|0x0000000089d00000, 0x0000000089d00000, 0x0000000089e00000|  0%| F|  |TAMS 0x0000000089d00000, 0x0000000089d00000| Untracked 
|  70|0x0000000089e00000, 0x0000000089e00000, 0x0000000089f00000|  0%| F|  |TAMS 0x0000000089e00000, 0x0000000089e00000| Untracked 
|  71|0x0000000089f00000, 0x0000000089f00000, 0x000000008a000000|  0%| F|  |TAMS 0x0000000089f00000, 0x0000000089f00000| Untracked 
|  72|0x000000008a000000, 0x000000008a0f3b58, 0x000000008a100000| 95%| S|CS|TAMS 0x000000008a000000, 0x000000008a000000| Complete 
|  73|0x000000008a100000, 0x000000008a200000, 0x000000008a200000|100%| S|CS|TAMS 0x000000008a100000, 0x000000008a100000| Complete 
|  74|0x000000008a200000, 0x000000008a300000, 0x000000008a300000|100%| S|CS|TAMS 0x000000008a200000, 0x000000008a200000| Complete 
|  75|0x000000008a300000, 0x000000008a400000, 0x000000008a400000|100%| S|CS|TAMS 0x000000008a300000, 0x000000008a300000| Complete 
|  76|0x000000008a400000, 0x000000008a500000, 0x000000008a500000|100%| S|CS|TAMS 0x000000008a400000, 0x000000008a400000| Complete 
|  77|0x000000008a500000, 0x000000008a600000, 0x000000008a600000|100%| S|CS|TAMS 0x000000008a500000, 0x000000008a500000| Complete 
|  78|0x000000008a600000, 0x000000008a600000, 0x000000008a700000|  0%| F|  |TAMS 0x000000008a600000, 0x000000008a600000| Untracked 
|  79|0x000000008a700000, 0x000000008a700000, 0x000000008a800000|  0%| F|  |TAMS 0x000000008a700000, 0x000000008a700000| Untracked 
|  80|0x000000008a800000, 0x000000008a800000, 0x000000008a900000|  0%| F|  |TAMS 0x000000008a800000, 0x000000008a800000| Untracked 
|  81|0x000000008a900000, 0x000000008a900000, 0x000000008aa00000|  0%| F|  |TAMS 0x000000008a900000, 0x000000008a900000| Untracked 
|  82|0x000000008aa00000, 0x000000008aa00000, 0x000000008ab00000|  0%| F|  |TAMS 0x000000008aa00000, 0x000000008aa00000| Untracked 
|  83|0x000000008ab00000, 0x000000008ab00000, 0x000000008ac00000|  0%| F|  |TAMS 0x000000008ab00000, 0x000000008ab00000| Untracked 
|  84|0x000000008ac00000, 0x000000008ac00000, 0x000000008ad00000|  0%| F|  |TAMS 0x000000008ac00000, 0x000000008ac00000| Untracked 
|  85|0x000000008ad00000, 0x000000008ad00000, 0x000000008ae00000|  0%| F|  |TAMS 0x000000008ad00000, 0x000000008ad00000| Untracked 
|  86|0x000000008ae00000, 0x000000008ae00000, 0x000000008af00000|  0%| F|  |TAMS 0x000000008ae00000, 0x000000008ae00000| Untracked 
|  87|0x000000008af00000, 0x000000008af00000, 0x000000008b000000|  0%| F|  |TAMS 0x000000008af00000, 0x000000008af00000| Untracked 
|  88|0x000000008b000000, 0x000000008b000000, 0x000000008b100000|  0%| F|  |TAMS 0x000000008b000000, 0x000000008b000000| Untracked 
|  89|0x000000008b100000, 0x000000008b100000, 0x000000008b200000|  0%| F|  |TAMS 0x000000008b100000, 0x000000008b100000| Untracked 
|  90|0x000000008b200000, 0x000000008b200000, 0x000000008b300000|  0%| F|  |TAMS 0x000000008b200000, 0x000000008b200000| Untracked 
|  91|0x000000008b300000, 0x000000008b300000, 0x000000008b400000|  0%| F|  |TAMS 0x000000008b300000, 0x000000008b300000| Untracked 
|  92|0x000000008b400000, 0x000000008b400000, 0x000000008b500000|  0%| F|  |TAMS 0x000000008b400000, 0x000000008b400000| Untracked 
|  93|0x000000008b500000, 0x000000008b500000, 0x000000008b600000|  0%| F|  |TAMS 0x000000008b500000, 0x000000008b500000| Untracked 
|  94|0x000000008b600000, 0x000000008b600000, 0x000000008b700000|  0%| F|  |TAMS 0x000000008b600000, 0x000000008b600000| Untracked 
|  95|0x000000008b700000, 0x000000008b700000, 0x000000008b800000|  0%| F|  |TAMS 0x000000008b700000, 0x000000008b700000| Untracked 
|  96|0x000000008b800000, 0x000000008b800000, 0x000000008b900000|  0%| F|  |TAMS 0x000000008b800000, 0x000000008b800000| Untracked 
|  97|0x000000008b900000, 0x000000008b900000, 0x000000008ba00000|  0%| F|  |TAMS 0x000000008b900000, 0x000000008b900000| Untracked 
|  98|0x000000008ba00000, 0x000000008ba00000, 0x000000008bb00000|  0%| F|  |TAMS 0x000000008ba00000, 0x000000008ba00000| Untracked 
|  99|0x000000008bb00000, 0x000000008bb00000, 0x000000008bc00000|  0%| F|  |TAMS 0x000000008bb00000, 0x000000008bb00000| Untracked 
| 100|0x000000008bc00000, 0x000000008bc00000, 0x000000008bd00000|  0%| F|  |TAMS 0x000000008bc00000, 0x000000008bc00000| Untracked 
| 101|0x000000008bd00000, 0x000000008bd00000, 0x000000008be00000|  0%| F|  |TAMS 0x000000008bd00000, 0x000000008bd00000| Untracked 
| 102|0x000000008be00000, 0x000000008be00000, 0x000000008bf00000|  0%| F|  |TAMS 0x000000008be00000, 0x000000008be00000| Untracked 
| 103|0x000000008bf00000, 0x000000008bf00000, 0x000000008c000000|  0%| F|  |TAMS 0x000000008bf00000, 0x000000008bf00000| Untracked 
| 104|0x000000008c000000, 0x000000008c000000, 0x000000008c100000|  0%| F|  |TAMS 0x000000008c000000, 0x000000008c000000| Untracked 
| 105|0x000000008c100000, 0x000000008c100000, 0x000000008c200000|  0%| F|  |TAMS 0x000000008c100000, 0x000000008c100000| Untracked 
| 106|0x000000008c200000, 0x000000008c200000, 0x000000008c300000|  0%| F|  |TAMS 0x000000008c200000, 0x000000008c200000| Untracked 
| 107|0x000000008c300000, 0x000000008c300000, 0x000000008c400000|  0%| F|  |TAMS 0x000000008c300000, 0x000000008c300000| Untracked 
| 108|0x000000008c400000, 0x000000008c400000, 0x000000008c500000|  0%| F|  |TAMS 0x000000008c400000, 0x000000008c400000| Untracked 
| 109|0x000000008c500000, 0x000000008c500000, 0x000000008c600000|  0%| F|  |TAMS 0x000000008c500000, 0x000000008c500000| Untracked 
| 110|0x000000008c600000, 0x000000008c600000, 0x000000008c700000|  0%| F|  |TAMS 0x000000008c600000, 0x000000008c600000| Untracked 
| 111|0x000000008c700000, 0x000000008c700000, 0x000000008c800000|  0%| F|  |TAMS 0x000000008c700000, 0x000000008c700000| Untracked 
| 112|0x000000008c800000, 0x000000008c800000, 0x000000008c900000|  0%| F|  |TAMS 0x000000008c800000, 0x000000008c800000| Untracked 
| 113|0x000000008c900000, 0x000000008c900000, 0x000000008ca00000|  0%| F|  |TAMS 0x000000008c900000, 0x000000008c900000| Untracked 
| 114|0x000000008ca00000, 0x000000008ca00000, 0x000000008cb00000|  0%| F|  |TAMS 0x000000008ca00000, 0x000000008ca00000| Untracked 
| 115|0x000000008cb00000, 0x000000008cb00000, 0x000000008cc00000|  0%| F|  |TAMS 0x000000008cb00000, 0x000000008cb00000| Untracked 
| 116|0x000000008cc00000, 0x000000008cc00000, 0x000000008cd00000|  0%| F|  |TAMS 0x000000008cc00000, 0x000000008cc00000| Untracked 
| 117|0x000000008cd00000, 0x000000008cd00000, 0x000000008ce00000|  0%| F|  |TAMS 0x000000008cd00000, 0x000000008cd00000| Untracked 
| 118|0x000000008ce00000, 0x000000008ce00000, 0x000000008cf00000|  0%| F|  |TAMS 0x000000008ce00000, 0x000000008ce00000| Untracked 
| 119|0x000000008cf00000, 0x000000008cf00000, 0x000000008d000000|  0%| F|  |TAMS 0x000000008cf00000, 0x000000008cf00000| Untracked 
| 120|0x000000008d000000, 0x000000008d000000, 0x000000008d100000|  0%| F|  |TAMS 0x000000008d000000, 0x000000008d000000| Untracked 
| 121|0x000000008d100000, 0x000000008d100000, 0x000000008d200000|  0%| F|  |TAMS 0x000000008d100000, 0x000000008d100000| Untracked 
| 122|0x000000008d200000, 0x000000008d200000, 0x000000008d300000|  0%| F|  |TAMS 0x000000008d200000, 0x000000008d200000| Untracked 
| 123|0x000000008d300000, 0x000000008d300000, 0x000000008d400000|  0%| F|  |TAMS 0x000000008d300000, 0x000000008d300000| Untracked 

Card table byte_map: [0x0000026930b30000,0x0000026930f10000] _byte_map_base: 0x0000026930704000

Marking Bits (Prev, Next): (CMBitMap*) 0x000002691d938d68, (CMBitMap*) 0x000002691d938da0
 Prev Bits: [0x00000269312f0000, 0x0000026933190000)
 Next Bits: [0x0000026933190000, 0x0000026935030000)

Polling page: 0x000002691b860000

Metaspace:

Usage:
  Non-class:     39.31 MB capacity,    39.06 MB (>99%) used,   186.75 KB ( <1%) free+waste,    66.50 KB ( <1%) overhead. 
      Class:      5.38 MB capacity,     5.18 MB ( 96%) used,   179.91 KB (  3%) free+waste,    29.12 KB ( <1%) overhead. 
       Both:     44.69 MB capacity,    44.24 MB ( 99%) used,   366.66 KB ( <1%) free+waste,    95.62 KB ( <1%) overhead. 

Virtual space:
  Non-class space:       40.00 MB reserved,      39.41 MB ( 99%) committed 
      Class space:        1.00 GB reserved,       5.50 MB ( <1%) committed 
             Both:        1.04 GB reserved,      44.90 MB (  4%) committed 

Chunk freelists:
   Non-Class:  39.00 KB
       Class:  25.00 KB
        Both:  64.00 KB

MaxMetaspaceSize: 17179869184.00 GB
CompressedClassSpaceSize: 1.00 GB
Initial GC threshold: 20.80 MB
Current GC threshold: 59.00 MB
CDS: off

CodeHeap 'non-profiled nmethods': size=120000Kb used=1403Kb max_used=1403Kb free=118596Kb
 bounds [0x0000026928ef0000, 0x0000026929160000, 0x0000026930420000]
CodeHeap 'profiled nmethods': size=120000Kb used=6077Kb max_used=6077Kb free=113922Kb
 bounds [0x00000269219c0000, 0x0000026921fb0000, 0x0000026928ef0000]
CodeHeap 'non-nmethods': size=5760Kb used=1275Kb max_used=1307Kb free=4484Kb
 bounds [0x0000026921420000, 0x0000026921690000, 0x00000269219c0000]
 total_blobs=3711 nmethods=3158 adapters=464
 compilation: enabled
              stopped_count=0, restarted_count=0
 full_count=0

Compilation events (20 events):
Event: 3.026 Thread 0x0000026938413000 3155       3       org.jetbrains.kotlin.psi.KtQualifiedExpression::getOperationTokenNode (77 bytes)
Event: 3.027 Thread 0x0000026938413000 nmethod 3155 0x0000026921fab410 code [0x0000026921fab740, 0x0000026921fac858]
Event: 3.027 Thread 0x0000026938413000 3159       3       org.jetbrains.kotlin.psi.psiUtil.PsiUtilsKt$siblings$1::iterator (36 bytes)
Event: 3.027 Thread 0x0000026938413000 nmethod 3159 0x0000026921face10 code [0x0000026921fad000, 0x0000026921fad468]
Event: 3.027 Thread 0x0000026938413000 3156       3       org.jetbrains.kotlin.psi.psiUtil.PsiUtilsKt$siblings$1$iterator$1::<init> (26 bytes)
Event: 3.027 Thread 0x0000026938413000 nmethod 3156 0x0000026921fad610 code [0x0000026921fad7e0, 0x0000026921fada08]
Event: 3.027 Thread 0x0000026938413000 3157       3       org.jetbrains.kotlin.psi.psiUtil.PsiUtilsKt$siblings$1$iterator$1::hasNext (16 bytes)
Event: 3.027 Thread 0x0000026938413000 nmethod 3157 0x0000026921fadb10 code [0x0000026921fadcc0, 0x0000026921fade38]
Event: 3.027 Thread 0x0000026938413000 3158       3       org.jetbrains.kotlin.psi.psiUtil.PsiUtilsKt$siblings$1$iterator$1::next (5 bytes)
Event: 3.027 Thread 0x0000026938413000 nmethod 3158 0x0000026921fadf10 code [0x0000026921fae0c0, 0x0000026921fae1e8]
Event: 3.042 Thread 0x0000026938413000 3162  s!   2       jdk.internal.loader.URLClassPath::getLoader (194 bytes)
Event: 3.043 Thread 0x0000026938413000 nmethod 3162 0x0000026921fae290 code [0x0000026921fae520, 0x0000026921faf058]
Event: 3.044 Thread 0x000002693d2db000 nmethod 3118 0x000002692904ae90 code [0x000002692904b100, 0x000002692904d1a0]
Event: 3.044 Thread 0x000002693d2db000 3161       4       java.util.concurrent.ConcurrentHashMap::get (162 bytes)
Event: 3.047 Thread 0x000002693d2db000 nmethod 3161 0x000002692904e010 code [0x000002692904e1c0, 0x000002692904e478]
Event: 3.047 Thread 0x000002693d2db000 3149       4       java.lang.Character::valueOf (21 bytes)
Event: 3.048 Thread 0x000002693d2db000 nmethod 3149 0x000002692904e710 code [0x000002692904e8a0, 0x000002692904e918]
Event: 3.048 Thread 0x000002693d2db000 3160       4       kotlin.jvm.internal.Intrinsics::checkNotNull (8 bytes)
Event: 3.048 Thread 0x000002693d2db000 nmethod 3160 0x000002692904ea10 code [0x000002692904eba0, 0x000002692904ebf8]
Event: 3.048 Thread 0x000002693d2db000 3119       4       jdk.internal.ref.PhantomCleanable::clean (16 bytes)

GC Heap History (9 events):
Event: 0.566 GC heap before
{Heap before GC invocations=0 (full 0):
 garbage-first heap   total 126976K, used 28672K [0x0000000085800000, 0x0000000100000000)
  region size 1024K, 24 young (24576K), 0 survivors (0K)
 Metaspace       used 12137K, capacity 12280K, committed 12544K, reserved 1060864K
  class space    used 1120K, capacity 1175K, committed 1280K, reserved 1048576K
}
Event: 0.571 GC heap after
{Heap after GC invocations=1 (full 0):
 garbage-first heap   total 126976K, used 6742K [0x0000000085800000, 0x0000000100000000)
  region size 1024K, 3 young (3072K), 3 survivors (3072K)
 Metaspace       used 12137K, capacity 12280K, committed 12544K, reserved 1060864K
  class space    used 1120K, capacity 1175K, committed 1280K, reserved 1048576K
}
Event: 1.134 GC heap before
{Heap before GC invocations=1 (full 0):
 garbage-first heap   total 126976K, used 45654K [0x0000000085800000, 0x0000000100000000)
  region size 1024K, 42 young (43008K), 3 survivors (3072K)
 Metaspace       used 21040K, capacity 21200K, committed 21296K, reserved 1069056K
  class space    used 2227K, capacity 2308K, committed 2352K, reserved 1048576K
}
Event: 1.149 GC heap after
{Heap after GC invocations=2 (full 0):
 garbage-first heap   total 126976K, used 10554K [0x0000000085800000, 0x0000000100000000)
  region size 1024K, 7 young (7168K), 7 survivors (7168K)
 Metaspace       used 21040K, capacity 21200K, committed 21296K, reserved 1069056K
  class space    used 2227K, capacity 2308K, committed 2352K, reserved 1048576K
}
Event: 2.003 GC heap before
{Heap before GC invocations=3 (full 0):
 garbage-first heap   total 126976K, used 67898K [0x0000000085800000, 0x0000000100000000)
  region size 1024K, 57 young (58368K), 7 survivors (7168K)
 Metaspace       used 32960K, capacity 33444K, committed 33584K, reserved 1079296K
  class space    used 4087K, capacity 4273K, committed 4400K, reserved 1048576K
}
Event: 2.025 GC heap after
{Heap after GC invocations=4 (full 0):
 garbage-first heap   total 126976K, used 22896K [0x0000000085800000, 0x0000000100000000)
  region size 1024K, 8 young (8192K), 8 survivors (8192K)
 Metaspace       used 32960K, capacity 33444K, committed 33584K, reserved 1079296K
  class space    used 4087K, capacity 4273K, committed 4400K, reserved 1048576K
}
Event: 2.253 GC heap before
{Heap before GC invocations=4 (full 0):
 garbage-first heap   total 126976K, used 36208K [0x0000000085800000, 0x0000000100000000)
  region size 1024K, 22 young (22528K), 8 survivors (8192K)
 Metaspace       used 35442K, capacity 35855K, committed 35920K, reserved 1081344K
  class space    used 4336K, capacity 4501K, committed 4528K, reserved 1048576K
}
Event: 2.270 GC heap after
{Heap after GC invocations=5 (full 0):
 garbage-first heap   total 126976K, used 23362K [0x0000000085800000, 0x0000000100000000)
  region size 1024K, 3 young (3072K), 3 survivors (3072K)
 Metaspace       used 35442K, capacity 35855K, committed 35920K, reserved 1081344K
  class space    used 4336K, capacity 4501K, committed 4528K, reserved 1048576K
}
Event: 3.048 GC heap before
{Heap before GC invocations=6 (full 0):
 garbage-first heap   total 126976K, used 67394K [0x0000000085800000, 0x0000000100000000)
  region size 1024K, 46 young (47104K), 3 survivors (3072K)
 Metaspace       used 45297K, capacity 45760K, committed 45980K, reserved 1089536K
  class space    used 5301K, capacity 5511K, committed 5628K, reserved 1048576K
}

Deoptimization events (20 events):
Event: 2.801 Thread 0x000002691d8f9000 Uncommon trap: trap_request=0xffffff4d fr.pc=0x0000026928f18568 relative=0x0000000000000c48
Event: 2.801 Thread 0x000002691d8f9000 Uncommon trap: reason=unstable_if action=reinterpret pc=0x0000026928f18568 method=java.lang.StringCoding.encodeUTF8(B[BZ)[B @ 2 c2
Event: 2.801 Thread 0x000002691d8f9000 DEOPT PACKING pc=0x0000026928f18568 sp=0x000000b1446f5e60
Event: 2.801 Thread 0x000002691d8f9000 DEOPT UNPACKING pc=0x00000269214285af sp=0x000000b1446f5c50 mode 2
Event: 2.801 Thread 0x000002691d8f9000 Uncommon trap: trap_request=0xffffff4d fr.pc=0x0000026928fa6a34 relative=0x0000000000000334
Event: 2.801 Thread 0x000002691d8f9000 Uncommon trap: reason=unstable_if action=reinterpret pc=0x0000026928fa6a34 method=sun.net.www.ParseUtil.firstEncodeIndex(Ljava/lang/String;)I @ 27 c2
Event: 2.801 Thread 0x000002691d8f9000 DEOPT PACKING pc=0x0000026928fa6a34 sp=0x000000b1446f5fa0
Event: 2.801 Thread 0x000002691d8f9000 DEOPT UNPACKING pc=0x00000269214285af sp=0x000000b1446f5e08 mode 2
Event: 2.801 Thread 0x000002691d8f9000 Uncommon trap: trap_request=0xffffff4d fr.pc=0x0000026928fbbdb8 relative=0x0000000000000198
Event: 2.801 Thread 0x000002691d8f9000 Uncommon trap: reason=unstable_if action=reinterpret pc=0x0000026928fbbdb8 method=java.lang.String.indexOf(II)I @ 4 c2
Event: 2.801 Thread 0x000002691d8f9000 DEOPT PACKING pc=0x0000026928fbbdb8 sp=0x000000b1446f5c70
Event: 2.801 Thread 0x000002691d8f9000 DEOPT UNPACKING pc=0x00000269214285af sp=0x000000b1446f5c20 mode 2
Event: 2.801 Thread 0x000002691d8f9000 Uncommon trap: trap_request=0xffffff4d fr.pc=0x0000026928fbe5b0 relative=0x0000000000000190
Event: 2.801 Thread 0x000002691d8f9000 Uncommon trap: reason=unstable_if action=reinterpret pc=0x0000026928fbe5b0 method=java.lang.String.startsWith(Ljava/lang/String;I)Z @ 46 c2
Event: 2.801 Thread 0x000002691d8f9000 DEOPT PACKING pc=0x0000026928fbe5b0 sp=0x000000b1446f5d70
Event: 2.801 Thread 0x000002691d8f9000 DEOPT UNPACKING pc=0x00000269214285af sp=0x000000b1446f5cd8 mode 2
Event: 2.801 Thread 0x000002691d8f9000 Uncommon trap: trap_request=0xffffff4d fr.pc=0x000002692902cea4 relative=0x0000000000000644
Event: 2.801 Thread 0x000002691d8f9000 Uncommon trap: reason=unstable_if action=reinterpret pc=0x000002692902cea4 method=java.lang.String.lastIndexOf(II)I @ 4 c2
Event: 2.801 Thread 0x000002691d8f9000 DEOPT PACKING pc=0x000002692902cea4 sp=0x000000b1446f5de0
Event: 2.801 Thread 0x000002691d8f9000 DEOPT UNPACKING pc=0x00000269214285af sp=0x000000b1446f5cd0 mode 2

Classes redefined (0 events):
No events

Internal exceptions (20 events):
Event: 1.103 Thread 0x000002691d8f9000 Exception <a 'java/lang/NoSuchMethodError'{0x000000008ac1feb0}: 'long java.lang.invoke.DirectMethodHandle$Holder.invokeStatic(java.lang.Object)'> (0x000000008ac1feb0) thrown at [src/hotspot/share/interpreter/linkResolver.cpp, line 773]
Event: 1.104 Thread 0x000002691d8f9000 Exception <a 'java/lang/NoSuchMethodError'{0x000000008ac22d08}: 'long java.lang.invoke.DirectMethodHandle$Holder.invokeStaticInit(java.lang.Object)'> (0x000000008ac22d08) thrown at [src/hotspot/share/interpreter/linkResolver.cpp, line 773]
Event: 1.125 Thread 0x000002691d8f9000 Exception <a 'java/lang/NoSuchMethodError'{0x000000008ab93db0}: 'int java.lang.invoke.DirectMethodHandle$Holder.invokeSpecialIFC(java.lang.Object, java.lang.Object, int)'> (0x000000008ab93db0) thrown at [src/hotspot/share/interpreter/linkResolver.cpp, line 773]
Event: 1.175 Thread 0x000002691d8f9000 Exception <a 'java/lang/NoSuchMethodError'{0x000000008d2c36b0}: 'int java.lang.invoke.DirectMethodHandle$Holder.invokeStaticInit(java.lang.Object, java.lang.Object, java.lang.Object)'> (0x000000008d2c36b0) thrown at [src/hotspot/share/interpreter/linkResolver.cpp, line 773]
Event: 1.178 Thread 0x000002691d8f9000 Exception <a 'java/lang/NoSuchMethodError'{0x000000008d2eed90}: 'int java.lang.invoke.DirectMethodHandle$Holder.invokeStaticInit(java.lang.Object, java.lang.Object)'> (0x000000008d2eed90) thrown at [src/hotspot/share/interpreter/linkResolver.cpp, line 773]
Event: 1.211 Thread 0x000002691d8f9000 Exception <a 'java/lang/NoSuchMethodError'{0x000000008cf02a18}: 'void java.lang.invoke.DirectMethodHandle$Holder.invokeSpecial(java.lang.Object, java.lang.Object)'> (0x000000008cf02a18) thrown at [src/hotspot/share/interpreter/linkResolver.cpp, line 773]
Event: 1.364 Thread 0x000002691d8f9000 Exception <a 'java/lang/NoSuchMethodError'{0x000000008c7b2178}: 'java.lang.Object java.lang.invoke.DirectMethodHandle$Holder.invokeStatic(java.lang.Object, java.lang.Object, java.lang.Object, java.lang.Object, java.lang.Object, java.lang.Object, java.lang.Object, java.lang.Object, java.lang.Object, java.lang.Object, java.lang.Object, java.lang.Object, java.lang.Object, java.lang.Object, java.lang.Object)'> (0x000000008c7b2178) thrown at [src/hotspot/share/interpreter/linkResolver.cpp, line 773]
Event: 1.365 Thread 0x000002691d8f9000 Exception <a 'java/lang/NoSuchMethodError'{0x000000008c7c0180}: 'java.lang.Object java.lang.invoke.DirectMethodHandle$Holder.invokeStatic(java.lang.Object, java.lang.Object, java.lang.Object, java.lang.Object, java.lang.Object, java.lang.Object, java.lang.Object, java.lang.Object, java.lang.Object, java.lang.Object, java.lang.Object, java.lang.Object, java.lang.Object, java.lang.Object, java.lang.Object, java.lang.Object)'> (0x000000008c7c0180) thrown at [src/hotspot/share/interpreter/linkResolver.cpp, lin
Event: 1.367 Thread 0x000002691d8f9000 Exception <a 'java/lang/NoSuchMethodError'{0x000000008c7ce098}: 'java.lang.Object java.lang.invoke.DirectMethodHandle$Holder.invokeSpecial(java.lang.Object, java.lang.Object, int, int, java.lang.Object, java.lang.Object, java.lang.Object)'> (0x000000008c7ce098) thrown at [src/hotspot/share/interpreter/linkResolver.cpp, line 773]
Event: 1.367 Thread 0x000002691d8f9000 Exception <a 'java/lang/NoSuchMethodError'{0x000000008c7d18d0}: 'java.lang.Object java.lang.invoke.DelegatingMethodHandle$Holder.reinvoke_L(java.lang.Object, int, int, java.lang.Object, java.lang.Object, java.lang.Object)'> (0x000000008c7d18d0) thrown at [src/hotspot/share/interpreter/linkResolver.cpp, line 773]
Event: 1.367 Thread 0x000002691d8f9000 Exception <a 'java/lang/NoSuchMethodError'{0x000000008c7d5c58}: 'java.lang.Object java.lang.invoke.DirectMethodHandle$Holder.invokeStatic(java.lang.Object, java.lang.Object, java.lang.Object, java.lang.Object, int)'> (0x000000008c7d5c58) thrown at [src/hotspot/share/interpreter/linkResolver.cpp, line 773]
Event: 1.401 Thread 0x000002691d8f9000 Exception <a 'java/lang/NoSuchMethodError'{0x000000008c6fa818}: 'void java.lang.invoke.DirectMethodHandle$Holder.invokeStatic(java.lang.Object, java.lang.Object, java.lang.Object, java.lang.Object)'> (0x000000008c6fa818) thrown at [src/hotspot/share/interpreter/linkResolver.cpp, line 773]
Event: 1.452 Thread 0x000002691d8f9000 Exception <a 'java/lang/NoSuchMethodError'{0x000000008c2df1a8}: 'void java.lang.invoke.DirectMethodHandle$Holder.invokeStaticInit(java.lang.Object, java.lang.Object)'> (0x000000008c2df1a8) thrown at [src/hotspot/share/interpreter/linkResolver.cpp, line 773]
Event: 1.533 Thread 0x000002691d8f9000 Exception <a 'java/lang/NoSuchMethodError'{0x000000008bd92328}: 'void java.lang.invoke.DirectMethodHandle$Holder.invokeVirtual(java.lang.Object, java.lang.Object)'> (0x000000008bd92328) thrown at [src/hotspot/share/interpreter/linkResolver.cpp, line 773]
Event: 1.544 Thread 0x000002691d8f9000 Exception <a 'java/lang/NoSuchMethodError'{0x000000008bc26088}: 'int java.lang.invoke.DirectMethodHandle$Holder.invokeVirtual(java.lang.Object, java.lang.Object)'> (0x000000008bc26088) thrown at [src/hotspot/share/interpreter/linkResolver.cpp, line 773]
Event: 2.206 Thread 0x000002691d8f9000 Exception <a 'java/lang/NoSuchMethodError'{0x000000008c811cb8}: 'java.lang.Object java.lang.invoke.DirectMethodHandle$Holder.invokeVirtual(java.lang.Object, java.lang.Object, java.lang.Object)'> (0x000000008c811cb8) thrown at [src/hotspot/share/interpreter/linkResolver.cpp, line 773]
Event: 2.963 Thread 0x000002691d8f9000 Exception <a 'java/lang/NoSuchMethodError'{0x000000008a9dfd00}: 'java.lang.Object java.lang.invoke.Invokers$Holder.linkToTargetMethod(java.lang.Object, int, java.lang.Object)'> (0x000000008a9dfd00) thrown at [src/hotspot/share/interpreter/linkResolver.cpp, line 773]
Event: 3.006 Thread 0x000002691d8f9000 Exception <a 'java/lang/NoSuchMethodError'{0x000000008a76a640}: 'java.lang.Object java.lang.invoke.DirectMethodHandle$Holder.invokeStatic(java.lang.Object, java.lang.Object, java.lang.Object, int)'> (0x000000008a76a640) thrown at [src/hotspot/share/interpreter/linkResolver.cpp, line 773]
Event: 3.007 Thread 0x000002691d8f9000 Exception <a 'java/lang/NoSuchMethodError'{0x000000008a76e2b0}: 'java.lang.Object java.lang.invoke.DirectMethodHandle$Holder.invokeSpecial(java.lang.Object, java.lang.Object, java.lang.Object, java.lang.Object, int)'> (0x000000008a76e2b0) thrown at [src/hotspot/share/interpreter/linkResolver.cpp, line 773]
Event: 3.007 Thread 0x000002691d8f9000 Exception <a 'java/lang/NoSuchMethodError'{0x000000008a7715c0}: 'java.lang.Object java.lang.invoke.Invokers$Holder.linkToTargetMethod(java.lang.Object, java.lang.Object, int, java.lang.Object)'> (0x000000008a7715c0) thrown at [src/hotspot/share/interpreter/linkResolver.cpp, line 773]

Events (20 events):
Event: 3.043 loading class org/jetbrains/kotlin/psi/codeFragmentUtil/CodeFragmentUtilKt done
Event: 3.043 loading class org/jetbrains/kotlin/psi/KtCodeFragment
Event: 3.043 loading class org/jetbrains/kotlin/psi/KtCodeFragment done
Event: 3.044 loading class org/jetbrains/kotlin/psi/KtCodeFragmentBase
Event: 3.044 loading class org/jetbrains/kotlin/psi/KtCodeFragmentBase done
Event: 3.044 loading class org/jetbrains/kotlin/com/intellij/psi/JavaCodeFragment
Event: 3.044 loading class org/jetbrains/kotlin/com/intellij/psi/JavaCodeFragment done
Event: 3.044 loading class org/jetbrains/kotlin/com/intellij/psi/PsiCodeFragment
Event: 3.044 loading class org/jetbrains/kotlin/com/intellij/psi/PsiCodeFragment done
Event: 3.047 loading class org/jetbrains/kotlin/psi/KtTypeElement
Event: 3.047 loading class org/jetbrains/kotlin/psi/KtTypeElement done
Event: 3.047 loading class org/jetbrains/kotlin/psi/KtTypeElement
Event: 3.047 loading class org/jetbrains/kotlin/psi/KtTypeElement done
Event: 3.047 loading class org/jetbrains/kotlin/com/intellij/util/ArrayFactory
Event: 3.047 loading class org/jetbrains/kotlin/com/intellij/util/ArrayFactory done
Event: 3.048 loading class org/jetbrains/kotlin/resolve/TypeResolver$resolveTypeElement$suspendModifier$2
Event: 3.048 loading class org/jetbrains/kotlin/resolve/TypeResolver$resolveTypeElement$suspendModifier$2 done
Event: 3.048 loading class org/jetbrains/kotlin/resolve/TypeResolver$resolveTypeElement$1
Event: 3.048 loading class org/jetbrains/kotlin/resolve/TypeResolver$resolveTypeElement$1 done
Event: 3.048 Executing VM operation: G1CollectForAllocation


Dynamic libraries:
0x00007ff789170000 - 0x00007ff78917a000 	C:\Program Files\Android\Android Studio1\jbr\bin\java.exe
0x00007ffe7cdd0000 - 0x00007ffe7cfc8000 	C:\windows\SYSTEM32\ntdll.dll
0x00007ffe7c3f0000 - 0x00007ffe7c4ad000 	C:\windows\System32\KERNEL32.DLL
0x00007ffe7aa90000 - 0x00007ffe7ad86000 	C:\windows\System32\KERNELBASE.dll
0x00007ffe7a4a0000 - 0x00007ffe7a5a0000 	C:\windows\System32\ucrtbase.dll
0x00007ffe63580000 - 0x00007ffe6359b000 	C:\Program Files\Android\Android Studio1\jbr\bin\VCRUNTIME140.dll
0x00007ffe743e0000 - 0x00007ffe743f7000 	C:\Program Files\Android\Android Studio1\jbr\bin\jli.dll
0x00007ffe7af40000 - 0x00007ffe7b0de000 	C:\windows\System32\USER32.dll
0x00007ffe7a5a0000 - 0x00007ffe7a5c2000 	C:\windows\System32\win32u.dll
0x00007ffe7b470000 - 0x00007ffe7b49c000 	C:\windows\System32\GDI32.dll
0x00007ffe79960000 - 0x00007ffe79bfa000 	C:\windows\WinSxS\amd64_microsoft.windows.common-controls_6595b64144ccf1df_6.0.19041.3636_none_60b6a03d71f818d5\COMCTL32.dll
0x00007ffe7a900000 - 0x00007ffe7aa1a000 	C:\windows\System32\gdi32full.dll
0x00007ffe7a700000 - 0x00007ffe7a79d000 	C:\windows\System32\msvcp_win.dll
0x00007ffe7c4b0000 - 0x00007ffe7c54e000 	C:\windows\System32\msvcrt.dll
0x00007ffe7b1a0000 - 0x00007ffe7b1d0000 	C:\windows\System32\IMM32.DLL
0x00007ffe743d0000 - 0x00007ffe743dc000 	C:\Program Files\Android\Android Studio1\jbr\bin\vcruntime140_1.dll
0x00007ffe5c4a0000 - 0x00007ffe5c52d000 	C:\Program Files\Android\Android Studio1\jbr\bin\msvcp140.dll
0x00007ffde5580000 - 0x00007ffde613c000 	C:\Program Files\Android\Android Studio1\jbr\bin\server\jvm.dll
0x00007ffe7b580000 - 0x00007ffe7b633000 	C:\windows\System32\ADVAPI32.dll
0x00007ffe7b3d0000 - 0x00007ffe7b46f000 	C:\windows\System32\sechost.dll
0x00007ffe7c9e0000 - 0x00007ffe7cb06000 	C:\windows\System32\RPCRT4.dll
0x00007ffe7a680000 - 0x00007ffe7a6a7000 	C:\windows\System32\bcrypt.dll
0x00007ffe7b1d0000 - 0x00007ffe7b1d8000 	C:\windows\System32\PSAPI.DLL
0x00007ffe74570000 - 0x00007ffe7457a000 	C:\windows\SYSTEM32\VERSION.dll
0x00007ffe743c0000 - 0x00007ffe743c9000 	C:\windows\SYSTEM32\WSOCK32.dll
0x00007ffe58110000 - 0x00007ffe58137000 	C:\windows\SYSTEM32\WINMM.dll
0x00007ffe7b500000 - 0x00007ffe7b56b000 	C:\windows\System32\WS2_32.dll
0x00007ffe78670000 - 0x00007ffe78682000 	C:\windows\SYSTEM32\kernel.appcore.dll
0x00007ffe743b0000 - 0x00007ffe743c0000 	C:\Program Files\Android\Android Studio1\jbr\bin\verify.dll
0x00007ffe79e10000 - 0x00007ffe79ff4000 	C:\windows\SYSTEM32\DBGHELP.DLL
0x00007ffe79dd0000 - 0x00007ffe79e04000 	C:\windows\SYSTEM32\dbgcore.DLL
0x00007ffe7ad90000 - 0x00007ffe7ae12000 	C:\windows\System32\bcryptPrimitives.dll
0x00007ffe74380000 - 0x00007ffe743a8000 	C:\Program Files\Android\Android Studio1\jbr\bin\java.dll
0x00007ffe64970000 - 0x00007ffe6497a000 	C:\Program Files\Android\Android Studio1\jbr\bin\jimage.dll
0x00007ffe64950000 - 0x00007ffe64968000 	C:\Program Files\Android\Android Studio1\jbr\bin\zip.dll
0x00007ffe7b640000 - 0x00007ffe7bd85000 	C:\windows\System32\SHELL32.dll
0x00007ffe77590000 - 0x00007ffe77d2b000 	C:\windows\SYSTEM32\windows.storage.dll
0x00007ffe7c680000 - 0x00007ffe7c9d4000 	C:\windows\System32\combase.dll
0x00007ffe797d0000 - 0x00007ffe797fd000 	C:\windows\SYSTEM32\Wldp.dll
0x00007ffe7c5d0000 - 0x00007ffe7c67d000 	C:\windows\System32\SHCORE.dll
0x00007ffe7c200000 - 0x00007ffe7c255000 	C:\windows\System32\shlwapi.dll
0x00007ffe7a3d0000 - 0x00007ffe7a3f5000 	C:\windows\SYSTEM32\profapi.dll
0x00007ffe64930000 - 0x00007ffe64949000 	C:\Program Files\Android\Android Studio1\jbr\bin\net.dll
0x00007ffe72160000 - 0x00007ffe7226a000 	C:\windows\SYSTEM32\WINHTTP.dll
0x00007ffe796a0000 - 0x00007ffe7970a000 	C:\windows\system32\mswsock.dll
0x00007ffe64910000 - 0x00007ffe64923000 	C:\Program Files\Android\Android Studio1\jbr\bin\nio.dll

dbghelp: loaded successfully - version: 4.0.5 - missing functions: none
symbol engine: initialized successfully - sym options: 0x614 - pdb path: .;C:\Program Files\Android\Android Studio1\jbr\bin;C:\windows\SYSTEM32;C:\windows\WinSxS\amd64_microsoft.windows.common-controls_6595b64144ccf1df_6.0.19041.3636_none_60b6a03d71f818d5;C:\Program Files\Android\Android Studio1\jbr\bin\server

VM Arguments:
java_command: org.jetbrains.kotlin.cli.jvm.K2JVMCompiler @C:\Users\a\AndroidStudioProjects\JustEat\app\build\20240215_5168501029732436649.compiler.options
java_class_path (initial): C:\Users\a\.gradle\caches\modules-2\files-2.1\org.jetbrains.kotlin\kotlin-compiler-embeddable\1.8.0\eb9118d4bcceaa2a94b2ae2a33a4ddba7c9a947f\kotlin-compiler-embeddable-1.8.0.jar;C:\Users\a\.gradle\caches\modules-2\files-2.1\org.jetbrains.kotlin\kotlin-stdlib\1.8.0\1796921c7a3e2e2665a83e6c8d33399336cd39bc\kotlin-stdlib-1.8.0.jar;C:\Users\a\.gradle\caches\modules-2\files-2.1\org.jetbrains.kotlin\kotlin-script-runtime\1.8.0\b2f7e760d283cb339974851c222a4c1d48f2d3d\kotlin-script-runtime-1.8.0.jar;C:\Users\a\.gradle\caches\modules-2\files-2.1\org.jetbrains.kotlin\kotlin-reflect\1.6.10\1cbe9c92c12a94eea200d23c2bbaedaf3daf5132\kotlin-reflect-1.6.10.jar;C:\Users\a\.gradle\caches\modules-2\files-2.1\org.jetbrains.kotlin\kotlin-daemon-embeddable\1.8.0\d255216c551685dc3a7e852b53617f5f01aaaa5c\kotlin-daemon-embeddable-1.8.0.jar;C:\Users\a\.gradle\caches\modules-2\files-2.1\org.jetbrains.intellij.deps\trove4j\1.0.20200330\3afb14d5f9ceb459d724e907a21145e8ff394f02\trove4j-1.0.20200330.jar;C:\Users\a\.gradle\caches\modules-2\files-2.1\net.java.dev.jna\jna\5.6.0\330f2244e9030119ab3030fc3fededc86713d9cc\jna-5.6.0.jar;C:\Users\a\.gradle\caches\modules-2\files-2.1\org.jetbrains.kotlin\kotlin-stdlib-common\1.8.0\f7197e7cc76453ac59f8b0f8d5137cc600becd36\kotlin-stdlib-common-1.8.0.jar;C:\Users\a\.gradle\caches\modules-2\files-2.1\org.jetbrains\annotations\13.0\919f0dfe192fb4e063e7dacadee7f8bb9a2672a9\annotations-13.0.jar
Launcher Type: SUN_STANDARD

[Global flags]
     intx CICompilerCount                          = 4                                         {product} {ergonomic}
     uint ConcGCThreads                            = 2                                         {product} {ergonomic}
     uint G1ConcRefinementThreads                  = 8                                         {product} {ergonomic}
   size_t G1HeapRegionSize                         = 1048576                                   {product} {ergonomic}
    uintx GCDrainStackTargetSize                   = 64                                        {product} {ergonomic}
   size_t InitialHeapSize                          = 130023424                                 {product} {ergonomic}
   size_t MarkStackSize                            = 4194304                                   {product} {ergonomic}
   size_t MaxHeapSize                              = 2055208960                                {product} {ergonomic}
   size_t MaxNewSize                               = 1233125376                                {product} {ergonomic}
   size_t MinHeapDeltaBytes                        = 1048576                                   {product} {ergonomic}
    uintx NonNMethodCodeHeapSize                   = 5836300                                {pd product} {ergonomic}
    uintx NonProfiledCodeHeapSize                  = 122910970                              {pd product} {ergonomic}
    uintx ProfiledCodeHeapSize                     = 122910970                              {pd product} {ergonomic}
    uintx ReservedCodeCacheSize                    = 251658240                              {pd product} {ergonomic}
     bool SegmentedCodeCache                       = true                                      {product} {ergonomic}
     bool UseCompressedClassPointers               = true                                 {lp64_product} {ergonomic}
     bool UseCompressedOops                        = true                                 {lp64_product} {ergonomic}
     bool UseG1GC                                  = true                                      {product} {ergonomic}
     bool UseLargePagesIndividualAllocation        = false                                  {pd product} {ergonomic}

Logging:
Log output configuration:
 #0: stdout all=warning uptime,level,tags
 #1: stderr all=off uptime,level,tags

Environment Variables:
PATH=C:\python 3.10\Scripts\;C:\python 3.10\;C:\Program Files\Common Files\Oracle\Java\javapath;C:\windows\system32;C:\windows;C:\windows\System32\Wbem;C:\windows\System32\WindowsPowerShell\v1.0\;C:\windows\System32\OpenSSH\;C:\Program Files\Git\cmd;C:\MinGW\bin;C:\ProgramData\chocolatey\bin;C:\Program Files\MySQL\MySQL Server 8.0\bin;C:\Program Files\MySQL\MySQL Shell 8.0\bin\;C:\Users\a\AppData\Local\Microsoft\WindowsApps;C:\Users\a\AppData\Local\Programs\Microsoft VS Code\bin;C:\Program Files\JetBrains\IntelliJ IDEA Community Edition 2021.3.3\New folder\IntelliJ IDEA Community Edition 2021.3.3\bin;
USERNAME=a
OS=Windows_NT
PROCESSOR_IDENTIFIER=Intel64 Family 6 Model 140 Stepping 1, GenuineIntel



---------------  S Y S T E M  ---------------

OS: Windows 10 , 64 bit Build 19041 (10.0.19041.3636)
OS uptime: 0 days 1:45 hours

CPU:total 8 (initial active 8) (4 cores per cpu, 2 threads per core) family 6 model 140 stepping 1 microcode 0x9a, cmov, cx8, fxsr, mmx, sse, sse2, sse3, ssse3, sse4.1, sse4.2, popcnt, avx, avx2, aes, clmul, erms, 3dnowpref, lzcnt, ht, tsc, tscinvbit, bmi1, bmi2, adx, evex, sha, fma

Memory: 4k page, system-wide physical 7834M (667M free)
TotalPageFile size 10634M (AvailPageFile size 5M)
current process WorkingSet (physical memory assigned to process): 231M, peak: 234M
current process commit charge ("private bytes"): 308M, peak: 348M

vm_info: OpenJDK 64-Bit Server VM (11.0.15+0-b2043.56-9505619) for windows-amd64 JRE (11.0.15+0-b2043.56-9505619), built on Jan 19 2023 02:48:00 by "builduser" with unknown MS VC++:1929

END.
